Log file open, 02/28/20 22:38:15
LogWindows: Failed to load 'aqProf.dll' (GetLastError=126)
LogWindows: File 'aqProf.dll' does not exist
LogWindows: Failed to load 'VtuneApi.dll' (GetLastError=126)
LogWindows: File 'VtuneApi.dll' does not exist
LogWindows: Failed to load 'VtuneApi32e.dll' (GetLastError=126)
LogWindows: File 'VtuneApi32e.dll' does not exist
LogConsoleResponse: Display: Failed to find resolution value strings in scalability ini. Falling back to default.
LogInit: Display: Running engine for game: Jeux
LogPlatformFile: Not using cached read wrapper
LogTaskGraph: Started task graph with 5 named threads and 23 total threads with 3 sets of task threads.
LogStats: Stats thread started at 0.092931
LogD3D11RHI: Loaded GFSDK_Aftermath_Lib.x64.dll
LogICUInternationalization: ICU TimeZone Detection - Raw Offset: +1:00, Platform Override: ''
LogPluginManager: Mounting plugin Paper2D
LogPluginManager: Mounting plugin AISupport
LogPluginManager: Mounting plugin LightPropagationVolume
LogPluginManager: Mounting plugin ActorLayerUtilities
LogPluginManager: Mounting plugin AnimationSharing
LogPluginManager: Mounting plugin CLionSourceCodeAccess
LogPluginManager: Mounting plugin CodeLiteSourceCodeAccess
LogPluginManager: Mounting plugin GitSourceControl
LogPluginManager: Mounting plugin KDevelopSourceCodeAccess
LogPluginManager: Mounting plugin NullSourceCodeAccess
LogPluginManager: Mounting plugin PerforceSourceControl
LogPluginManager: Mounting plugin PlasticSourceControl
LogPluginManager: Mounting plugin SubversionSourceControl
LogPluginManager: Mounting plugin UObjectPlugin
LogPluginManager: Mounting plugin VisualStudioCodeSourceCodeAccess
LogPluginManager: Mounting plugin VisualStudioSourceCodeAccess
LogPluginManager: Mounting plugin XCodeSourceCodeAccess
LogPluginManager: Mounting plugin AssetManagerEditor
LogPluginManager: Mounting plugin CryptoKeys
LogPluginManager: Mounting plugin CurveEditorTools
LogPluginManager: Mounting plugin DataValidation
LogPluginManager: Mounting plugin FacialAnimation
LogPluginManager: Mounting plugin GameplayTagsEditor
LogPluginManager: Mounting plugin MacGraphicsSwitching
LogPluginManager: Mounting plugin MaterialAnalyzer
LogPluginManager: Mounting plugin MobileLauncherProfileWizard
LogPluginManager: Mounting plugin PluginBrowser
LogPluginManager: Mounting plugin SpeedTreeImporter
LogPluginManager: Mounting plugin DatasmithContent
LogPluginManager: Mounting plugin VariantManagerContent
LogPluginManager: Mounting plugin AlembicImporter
LogPluginManager: Mounting plugin AutomationUtils
LogPluginManager: Mounting plugin BackChannel
LogPluginManager: Mounting plugin CharacterAI
LogPluginManager: Mounting plugin GeometryCache
LogPluginManager: Mounting plugin PlatformCrypto
LogPluginManager: Mounting plugin ProxyLODPlugin
LogPluginManager: Mounting plugin SkeletalReduction
LogPluginManager: Mounting plugin Text3D
LogPluginManager: Mounting plugin MagicLeap
LogPluginManager: Mounting plugin MagicLeapMedia
LogPluginManager: Mounting plugin MLSDK
LogPluginManager: Mounting plugin AndroidMedia
LogPluginManager: Mounting plugin AvfMedia
LogPluginManager: Mounting plugin ImgMedia
LogPluginManager: Mounting plugin MediaCompositing
LogPluginManager: Mounting plugin MediaPlayerEditor
LogPluginManager: Mounting plugin WebMMedia
LogPluginManager: Mounting plugin WmfMedia
LogPluginManager: Mounting plugin TcpMessaging
LogPluginManager: Mounting plugin UdpMessaging
LogPluginManager: Mounting plugin ActorSequence
LogPluginManager: Mounting plugin LevelSequenceEditor
LogPluginManager: Mounting plugin MatineeToLevelSequence
LogPluginManager: Mounting plugin NetcodeUnitTest
LogPluginManager: Mounting plugin NUTUnrealEngine4
LogPluginManager: Mounting plugin OnlineSubsystemGooglePlay
LogPluginManager: Mounting plugin OnlineSubsystemIOS
LogPluginManager: Mounting plugin OnlineSubsystem
LogPluginManager: Mounting plugin OnlineSubsystemNull
LogPluginManager: Mounting plugin OnlineSubsystemUtils
LogPluginManager: Mounting plugin LauncherChunkInstaller
LogPluginManager: Mounting plugin AndroidDeviceProfileSelector
LogPluginManager: Mounting plugin AndroidMoviePlayer
LogPluginManager: Mounting plugin AndroidPermission
LogPluginManager: Mounting plugin AppleImageUtils
LogPluginManager: Mounting plugin AppleMoviePlayer
LogPluginManager: Mounting plugin ArchVisCharacter
LogPluginManager: Mounting plugin AssetTags
LogPluginManager: Mounting plugin AudioCapture
LogPluginManager: Mounting plugin CableComponent
LogPluginManager: Mounting plugin CustomMeshComponent
LogPluginManager: Mounting plugin EditableMesh
LogPluginManager: Mounting plugin ExampleDeviceProfileSelector
LogPluginManager: Mounting plugin GoogleCloudMessaging
LogPluginManager: Mounting plugin IOSDeviceProfileSelector
LogPluginManager: Mounting plugin LinuxDeviceProfileSelector
LogPluginManager: Mounting plugin LocationServicesBPLibrary
LogPluginManager: Mounting plugin MobilePatchingUtils
LogPluginManager: Mounting plugin OculusVR
LogPluginManager: Mounting plugin PhysXVehicles
LogPluginManager: Mounting plugin PostSplashScreen
LogPluginManager: Mounting plugin ProceduralMeshComponent
LogPluginManager: Mounting plugin RuntimePhysXCooking
LogPluginManager: Mounting plugin SignificanceManager
LogPluginManager: Mounting plugin SteamVR
LogPluginManager: Mounting plugin WebMMoviePlayer
LogPluginManager: Mounting plugin WindowsMoviePlayer
LogPluginManager: Mounting plugin ScreenshotTools
LogInit: Using libcurl 7.55.1-DEV
LogInit:  - built for x86_64-pc-win32
LogInit:  - supports SSL with OpenSSL/1.1.1
LogInit:  - supports HTTP deflate (compression) using libz 1.2.8
LogInit:  - other features:
LogInit:      CURL_VERSION_SSL
LogInit:      CURL_VERSION_LIBZ
LogInit:      CURL_VERSION_IPV6
LogInit:      CURL_VERSION_ASYNCHDNS
LogInit:      CURL_VERSION_LARGEFILE
LogInit:      CURL_VERSION_IDN
LogInit:  CurlRequestOptions (configurable via config and command line):
LogInit:  - bVerifyPeer = true  - Libcurl will verify peer certificate
LogInit:  - bUseHttpProxy = false  - Libcurl will NOT use HTTP proxy
LogInit:  - bDontReuseConnections = false  - Libcurl will reuse connections
LogInit:  - MaxHostConnections = 16  - Libcurl will limit the number of connections to a host
LogInit:  - LocalHostAddr = Default
LogInit:  - BufferSize = 65536
LogOnline: OSS: Creating online subsystem instance for: NULL
LogInit: WinSock: version 1.1 (2.2), MaxSocks=32767, MaxUdp=65467
LogOnline: OSS: TryLoadSubsystemAndSetDefault: Loaded subsystem for module [NULL]
LogInit: Build: ++UE4+Release-4.24-CL-11590370
LogInit: Engine Version: 4.24.3-11590370+++UE4+Release-4.24
LogInit: Compatible Engine Version: 4.24.0-10570792+++UE4+Release-4.24
LogInit: Net CL: 10570792
LogInit: OS: Windows 10 (Release 1903) (), CPU: Intel(R) Core(TM) i7-7700HQ CPU @ 2.80GHz, GPU: Intel(R) HD Graphics 630
LogInit: Compiled (64-bit): Feb 24 2020 15:39:18
LogInit: Compiled with Visual C++: 19.16.27032.01
LogInit: Build Configuration: Development
LogInit: Branch Name: ++UE4+Release-4.24
LogInit: Command Line:  -EpicPortal -epicusername=BlackcatFR -epicuserid=b5780bdc8bf54384a02b33c9d71e69f6 -epiclocale=fr
LogInit: Base Directory: D:/jeux/UE_4.24/Engine/Binaries/Win64/
LogInit: Installed Engine Build: 1
LogDevObjectVersion: Number of dev versions registered: 25
LogDevObjectVersion:   Dev-Blueprints (B0D832E4-1F89-4F0D-ACCF-7EB736FD4AA2): 10
LogDevObjectVersion:   Dev-Build (E1C64328-A22C-4D53-A36C-8E866417BD8C): 0
LogDevObjectVersion:   Dev-Core (375EC13C-06E4-48FB-B500-84F0262A717E): 3
LogDevObjectVersion:   Dev-Editor (E4B068ED-F494-42E9-A231-DA0B2E46BB41): 37
LogDevObjectVersion:   Dev-Framework (CFFC743F-43B0-4480-9391-14DF171D2073): 36
LogDevObjectVersion:   Dev-Mobile (B02B49B5-BB20-44E9-A304-32B752E40360): 2
LogDevObjectVersion:   Dev-Networking (A4E4105C-59A1-49B5-A7C5-40C4547EDFEE): 0
LogDevObjectVersion:   Dev-Online (39C831C9-5AE6-47DC-9A44-9C173E1C8E7C): 0
LogDevObjectVersion:   Dev-Physics (78F01B33-EBEA-4F98-B9B4-84EACCB95AA2): 2
LogDevObjectVersion:   Dev-Platform (6631380F-2D4D-43E0-8009-CF276956A95A): 0
LogDevObjectVersion:   Dev-Rendering (12F88B9F-8875-4AFC-A67C-D90C383ABD29): 36
LogDevObjectVersion:   Dev-Sequencer (7B5AE74C-D270-4C10-A958-57980B212A5A): 11
LogDevObjectVersion:   Dev-VR (D7296918-1DD6-4BDD-9DE2-64A83CC13884): 2
LogDevObjectVersion:   Dev-LoadTimes (C2A15278-BFE7-4AFE-6C17-90FF531DF755): 1
LogDevObjectVersion:   Private-Geometry (6EACA3D4-40EC-4CC1-B786-8BED09428FC5): 3
LogDevObjectVersion:   Dev-AnimPhys (29E575DD-E0A3-4627-9D10-D276232CDCEA): 17
LogDevObjectVersion:   Dev-Anim (AF43A65D-7FD3-4947-9873-3E8ED9C1BB05): 2
LogDevObjectVersion:   Dev-ReflectionCapture (6B266CEC-1EC7-4B8F-A30B-E4D90942FC07): 1
LogDevObjectVersion:   Dev-Automation (0DF73D61-A23F-47EA-B727-89E90C41499A): 1
LogDevObjectVersion:   FortniteMain (601D1886-AC64-4F84-AA16-D3DE0DEAC7D6): 31
LogDevObjectVersion:   Dev-Enterprise (9DFFBCD6-494F-0158-E221-12823C92A888): 8
LogDevObjectVersion:   Dev-Niagara (F2AED0AC-9AFE-416F-8664-AA7FFA26D6FC): 1
LogDevObjectVersion:   Dev-Destruction (174F1F0B-B4C6-45A5-B13F-2EE8D0FB917D): 9
LogDevObjectVersion:   Dev-Physics-Ext (35F94A83-E258-406C-A318-09F59610247C): 8
LogDevObjectVersion:   Dev-CineCamera (B2E18506-4273-CFC2-A54E-F4BB758BBA07): 1
LogInit: Presizing for max 25165824 objects, including 0 objects not considered by GC, pre-allocating 0 bytes for permanent pool.
LogInit: Object subsystem initialized
LogConfig: Setting CVar [[con.DebugEarlyDefault:1]]
LogConfig: Setting CVar [[r.setres:1280x720]]
[2020.02.28-21.38.15:160][  0]LogConfig: Setting CVar [[r.VSync:0]]
[2020.02.28-21.38.15:160][  0]LogConfig: Setting CVar [[r.RHICmdBypass:0]]
[2020.02.28-21.38.15:160][  0]LogConfig: Applying CVar settings from Section [/Script/Engine.RendererSettings] File [D:/jeux indé/Jeux-TBG2/Jeux/Saved/Config/Windows/Engine.ini]
[2020.02.28-21.38.15:160][  0]LogConfig: Setting CVar [[r.GPUCrashDebugging:0]]
[2020.02.28-21.38.15:160][  0]LogConfig: Applying CVar settings from Section [/Script/Engine.RendererOverrideSettings] File [D:/jeux indé/Jeux-TBG2/Jeux/Saved/Config/Windows/Engine.ini]
[2020.02.28-21.38.15:160][  0]LogConfig: Applying CVar settings from Section [/Script/Engine.StreamingSettings] File [D:/jeux indé/Jeux-TBG2/Jeux/Saved/Config/Windows/Engine.ini]
[2020.02.28-21.38.15:160][  0]LogConfig: Setting CVar [[s.MinBulkDataSizeForAsyncLoading:131072]]
[2020.02.28-21.38.15:160][  0]LogConfig: Setting CVar [[s.AsyncLoadingThreadEnabled:0]]
[2020.02.28-21.38.15:160][  0]LogConfig: Setting CVar [[s.EventDrivenLoaderEnabled:1]]
[2020.02.28-21.38.15:160][  0]LogConfig: Setting CVar [[s.WarnIfTimeLimitExceeded:0]]
[2020.02.28-21.38.15:160][  0]LogConfig: Setting CVar [[s.TimeLimitExceededMultiplier:1.5]]
[2020.02.28-21.38.15:160][  0]LogConfig: Setting CVar [[s.TimeLimitExceededMinTime:0.005]]
[2020.02.28-21.38.15:160][  0]LogConfig: Setting CVar [[s.UseBackgroundLevelStreaming:1]]
[2020.02.28-21.38.15:160][  0]LogConfig: Setting CVar [[s.PriorityAsyncLoadingExtraTime:15.0]]
[2020.02.28-21.38.15:160][  0]LogConfig: Setting CVar [[s.LevelStreamingActorsUpdateTimeLimit:5.0]]
[2020.02.28-21.38.15:160][  0]LogConfig: Setting CVar [[s.PriorityLevelStreamingActorsUpdateExtraTime:5.0]]
[2020.02.28-21.38.15:160][  0]LogConfig: Setting CVar [[s.LevelStreamingComponentsRegistrationGranularity:10]]
[2020.02.28-21.38.15:160][  0]LogConfig: Setting CVar [[s.UnregisterComponentsTimeLimit:1.0]]
[2020.02.28-21.38.15:160][  0]LogConfig: Setting CVar [[s.LevelStreamingComponentsUnregistrationGranularity:5]]
[2020.02.28-21.38.15:160][  0]LogConfig: Setting CVar [[s.FlushStreamingOnExit:1]]
[2020.02.28-21.38.15:160][  0]LogConfig: Applying CVar settings from Section [/Script/Engine.GarbageCollectionSettings] File [D:/jeux indé/Jeux-TBG2/Jeux/Saved/Config/Windows/Engine.ini]
[2020.02.28-21.38.15:160][  0]LogConfig: Setting CVar [[gc.MaxObjectsNotConsideredByGC:1]]
[2020.02.28-21.38.15:160][  0]LogConfig: Setting CVar [[gc.SizeOfPermanentObjectPool:0]]
[2020.02.28-21.38.15:160][  0]LogConfig: Setting CVar [[gc.FlushStreamingOnGC:0]]
[2020.02.28-21.38.15:160][  0]LogConfig: Setting CVar [[gc.NumRetriesBeforeForcingGC:10]]
[2020.02.28-21.38.15:160][  0]LogConfig: Setting CVar [[gc.AllowParallelGC:1]]
[2020.02.28-21.38.15:160][  0]LogConfig: Setting CVar [[gc.TimeBetweenPurgingPendingKillObjects:61.1]]
[2020.02.28-21.38.15:160][  0]LogConfig: Setting CVar [[gc.MaxObjectsInEditor:25165824]]
[2020.02.28-21.38.15:160][  0]LogConfig: Setting CVar [[gc.IncrementalBeginDestroyEnabled:1]]
[2020.02.28-21.38.15:160][  0]LogConfig: Setting CVar [[gc.CreateGCClusters:1]]
[2020.02.28-21.38.15:161][  0]LogConfig: Setting CVar [[gc.MinGCClusterSize:5]]
[2020.02.28-21.38.15:161][  0]LogConfig: Setting CVar [[gc.ActorClusteringEnabled:0]]
[2020.02.28-21.38.15:161][  0]LogConfig: Setting CVar [[gc.BlueprintClusteringEnabled:0]]
[2020.02.28-21.38.15:161][  0]LogConfig: Setting CVar [[gc.UseDisregardForGCOnDedicatedServers:0]]
[2020.02.28-21.38.15:161][  0]LogConfig: Applying CVar settings from Section [/Script/Engine.NetworkSettings] File [D:/jeux indé/Jeux-TBG2/Jeux/Saved/Config/Windows/Engine.ini]
[2020.02.28-21.38.15:161][  0]LogConfig: Applying CVar settings from Section [/Script/UnrealEd.CookerSettings] File [D:/jeux indé/Jeux-TBG2/Jeux/Saved/Config/Windows/Engine.ini]
[2020.02.28-21.38.15:163][  0]LogConfig: Applying CVar settings from Section [ViewDistanceQuality@3] File [D:/jeux indé/Jeux-TBG2/Jeux/Saved/Config/Windows/Scalability.ini]
[2020.02.28-21.38.15:163][  0]LogConfig: Setting CVar [[r.SkeletalMeshLODBias:0]]
[2020.02.28-21.38.15:163][  0]LogConfig: Setting CVar [[r.ViewDistanceScale:1.0]]
[2020.02.28-21.38.15:163][  0]LogConfig: Applying CVar settings from Section [AntiAliasingQuality@3] File [D:/jeux indé/Jeux-TBG2/Jeux/Saved/Config/Windows/Scalability.ini]
[2020.02.28-21.38.15:163][  0]LogConfig: Setting CVar [[r.PostProcessAAQuality:4]]
[2020.02.28-21.38.15:163][  0]LogConfig: Applying CVar settings from Section [ShadowQuality@3] File [D:/jeux indé/Jeux-TBG2/Jeux/Saved/Config/Windows/Scalability.ini]
[2020.02.28-21.38.15:163][  0]LogConfig: Setting CVar [[r.LightFunctionQuality:1]]
[2020.02.28-21.38.15:163][  0]LogConfig: Setting CVar [[r.ShadowQuality:5]]
[2020.02.28-21.38.15:163][  0]LogConfig: Setting CVar [[r.Shadow.CSM.MaxCascades:10]]
[2020.02.28-21.38.15:163][  0]LogConfig: Setting CVar [[r.Shadow.MaxResolution:2048]]
[2020.02.28-21.38.15:163][  0]LogConfig: Setting CVar [[r.Shadow.MaxCSMResolution:2048]]
[2020.02.28-21.38.15:163][  0]LogConfig: Setting CVar [[r.Shadow.RadiusThreshold:0.01]]
[2020.02.28-21.38.15:163][  0]LogConfig: Setting CVar [[r.Shadow.DistanceScale:1.0]]
[2020.02.28-21.38.15:163][  0]LogConfig: Setting CVar [[r.Shadow.CSM.TransitionScale:1.0]]
[2020.02.28-21.38.15:163][  0]LogConfig: Setting CVar [[r.Shadow.PreShadowResolutionFactor:1.0]]
[2020.02.28-21.38.15:163][  0]LogConfig: Setting CVar [[r.DistanceFieldShadowing:1]]
[2020.02.28-21.38.15:163][  0]LogConfig: Setting CVar [[r.DistanceFieldAO:1]]
[2020.02.28-21.38.15:163][  0]LogConfig: Setting CVar [[r.AOQuality:2]]
[2020.02.28-21.38.15:163][  0]LogConfig: Setting CVar [[r.VolumetricFog:1]]
[2020.02.28-21.38.15:163][  0]LogConfig: Setting CVar [[r.VolumetricFog.GridPixelSize:8]]
[2020.02.28-21.38.15:163][  0]LogConfig: Setting CVar [[r.VolumetricFog.GridSizeZ:128]]
[2020.02.28-21.38.15:163][  0]LogConfig: Setting CVar [[r.VolumetricFog.HistoryMissSupersampleCount:4]]
[2020.02.28-21.38.15:163][  0]LogConfig: Setting CVar [[r.LightMaxDrawDistanceScale:1]]
[2020.02.28-21.38.15:163][  0]LogConfig: Setting CVar [[r.CapsuleShadows:1]]
[2020.02.28-21.38.15:163][  0]LogConfig: Applying CVar settings from Section [PostProcessQuality@3] File [D:/jeux indé/Jeux-TBG2/Jeux/Saved/Config/Windows/Scalability.ini]
[2020.02.28-21.38.15:163][  0]LogConfig: Setting CVar [[r.MotionBlurQuality:4]]
[2020.02.28-21.38.15:163][  0]LogConfig: Setting CVar [[r.AmbientOcclusionMipLevelFactor:0.4]]
[2020.02.28-21.38.15:163][  0]LogConfig: Setting CVar [[r.AmbientOcclusionMaxQuality:100]]
[2020.02.28-21.38.15:163][  0]LogConfig: Setting CVar [[r.AmbientOcclusionLevels:-1]]
[2020.02.28-21.38.15:163][  0]LogConfig: Setting CVar [[r.AmbientOcclusionRadiusScale:1.0]]
[2020.02.28-21.38.15:163][  0]LogConfig: Setting CVar [[r.DepthOfFieldQuality:2]]
[2020.02.28-21.38.15:163][  0]LogConfig: Setting CVar [[r.RenderTargetPoolMin:400]]
[2020.02.28-21.38.15:163][  0]LogConfig: Setting CVar [[r.LensFlareQuality:2]]
[2020.02.28-21.38.15:163][  0]LogConfig: Setting CVar [[r.SceneColorFringeQuality:1]]
[2020.02.28-21.38.15:163][  0]LogConfig: Setting CVar [[r.EyeAdaptationQuality:2]]
[2020.02.28-21.38.15:163][  0]LogConfig: Setting CVar [[r.BloomQuality:5]]
[2020.02.28-21.38.15:163][  0]LogConfig: Setting CVar [[r.FastBlurThreshold:100]]
[2020.02.28-21.38.15:163][  0]LogConfig: Setting CVar [[r.Upscale.Quality:3]]
[2020.02.28-21.38.15:163][  0]LogConfig: Setting CVar [[r.Tonemapper.GrainQuantization:1]]
[2020.02.28-21.38.15:163][  0]LogConfig: Setting CVar [[r.LightShaftQuality:1]]
[2020.02.28-21.38.15:163][  0]LogConfig: Setting CVar [[r.Filter.SizeScale:1]]
[2020.02.28-21.38.15:163][  0]LogConfig: Setting CVar [[r.Tonemapper.Quality:5]]
[2020.02.28-21.38.15:163][  0]LogConfig: Setting CVar [[r.DOF.Gather.AccumulatorQuality:1        ; higher gathering accumulator quality]]
[2020.02.28-21.38.15:163][  0]LogConfig: Setting CVar [[r.DOF.Gather.PostfilterMethod:1          ; Median3x3 postfilering method]]
[2020.02.28-21.38.15:163][  0]LogConfig: Setting CVar [[r.DOF.Gather.EnableBokehSettings:0       ; no bokeh simulation when gathering]]
[2020.02.28-21.38.15:163][  0]LogConfig: Setting CVar [[r.DOF.Gather.RingCount:4                 ; medium number of samples when gathering]]
[2020.02.28-21.38.15:163][  0]LogConfig: Setting CVar [[r.DOF.Scatter.ForegroundCompositing:1    ; additive foreground scattering]]
[2020.02.28-21.38.15:163][  0]LogConfig: Setting CVar [[r.DOF.Scatter.BackgroundCompositing:2    ; additive background scattering]]
[2020.02.28-21.38.15:163][  0]LogConfig: Setting CVar [[r.DOF.Scatter.EnableBokehSettings:1      ; bokeh simulation when scattering]]
[2020.02.28-21.38.15:163][  0]LogConfig: Setting CVar [[r.DOF.Scatter.MaxSpriteRatio:0.1         ; only a maximum of 10% of scattered bokeh]]
[2020.02.28-21.38.15:163][  0]LogConfig: Setting CVar [[r.DOF.Recombine.Quality:1                ; cheap slight out of focus]]
[2020.02.28-21.38.15:163][  0]LogConfig: Setting CVar [[r.DOF.Recombine.EnableBokehSettings:0    ; no bokeh simulation on slight out of focus]]
[2020.02.28-21.38.15:163][  0]LogConfig: Setting CVar [[r.DOF.TemporalAAQuality:1                ; more stable temporal accumulation]]
[2020.02.28-21.38.15:163][  0]LogConfig: Setting CVar [[r.DOF.Kernel.MaxForegroundRadius:0.025]]
[2020.02.28-21.38.15:164][  0]LogConfig: Setting CVar [[r.DOF.Kernel.MaxBackgroundRadius:0.025]]
[2020.02.28-21.38.15:164][  0]LogConfig: Applying CVar settings from Section [TextureQuality@3] File [D:/jeux indé/Jeux-TBG2/Jeux/Saved/Config/Windows/Scalability.ini]
[2020.02.28-21.38.15:164][  0]LogConfig: Setting CVar [[r.Streaming.MipBias:0]]
[2020.02.28-21.38.15:164][  0]LogConfig: Setting CVar [[r.Streaming.AmortizeCPUToGPUCopy:0]]
[2020.02.28-21.38.15:164][  0]LogConfig: Setting CVar [[r.Streaming.MaxNumTexturesToStreamPerFrame:0]]
[2020.02.28-21.38.15:164][  0]LogConfig: Setting CVar [[r.Streaming.Boost:1]]
[2020.02.28-21.38.15:164][  0]LogConfig: Setting CVar [[r.MaxAnisotropy:8]]
[2020.02.28-21.38.15:164][  0]LogConfig: Setting CVar [[r.VT.MaxAnisotropy:8]]
[2020.02.28-21.38.15:164][  0]LogConfig: Setting CVar [[r.Streaming.LimitPoolSizeToVRAM:0]]
[2020.02.28-21.38.15:164][  0]LogConfig: Setting CVar [[r.Streaming.PoolSize:1000]]
[2020.02.28-21.38.15:164][  0]LogConfig: Setting CVar [[r.Streaming.MaxEffectiveScreenSize:0]]
[2020.02.28-21.38.15:164][  0]LogConfig: Applying CVar settings from Section [EffectsQuality@3] File [D:/jeux indé/Jeux-TBG2/Jeux/Saved/Config/Windows/Scalability.ini]
[2020.02.28-21.38.15:164][  0]LogConfig: Setting CVar [[r.TranslucencyLightingVolumeDim:64]]
[2020.02.28-21.38.15:164][  0]LogConfig: Setting CVar [[r.RefractionQuality:2]]
[2020.02.28-21.38.15:164][  0]LogConfig: Setting CVar [[r.SSR.Quality:3]]
[2020.02.28-21.38.15:164][  0]LogConfig: Setting CVar [[r.SSR.HalfResSceneColor:0]]
[2020.02.28-21.38.15:164][  0]LogConfig: Setting CVar [[r.SceneColorFormat:4]]
[2020.02.28-21.38.15:164][  0]LogConfig: Setting CVar [[r.DetailMode:2]]
[2020.02.28-21.38.15:164][  0]LogConfig: Setting CVar [[r.TranslucencyVolumeBlur:1]]
[2020.02.28-21.38.15:164][  0]LogConfig: Setting CVar [[r.MaterialQualityLevel:1 ; High quality]]
[2020.02.28-21.38.15:164][  0]LogConfig: Setting CVar [[r.SSS.Scale:1]]
[2020.02.28-21.38.15:164][  0]LogConfig: Setting CVar [[r.SSS.SampleSet:2]]
[2020.02.28-21.38.15:164][  0]LogConfig: Setting CVar [[r.SSS.Quality:1]]
[2020.02.28-21.38.15:164][  0]LogConfig: Setting CVar [[r.SSS.HalfRes:1]]
[2020.02.28-21.38.15:164][  0]LogConfig: Setting CVar [[r.SSGI.Quality:3]]
[2020.02.28-21.38.15:164][  0]LogConfig: Setting CVar [[r.EmitterSpawnRateScale:1.0]]
[2020.02.28-21.38.15:164][  0]LogConfig: Setting CVar [[r.ParticleLightQuality:2]]
[2020.02.28-21.38.15:164][  0]LogConfig: Setting CVar [[r.SkyAtmosphere.AerialPerspectiveLUT.FastApplyOnOpaque:1 ; Always have FastSkyLUT 1 in this case to avoid wrong sky]]
[2020.02.28-21.38.15:164][  0]LogConfig: Setting CVar [[r.SkyAtmosphere.AerialPerspectiveLUT.SampleCountPerSlice:1]]
[2020.02.28-21.38.15:164][  0]LogConfig: Setting CVar [[r.SkyAtmosphere.AerialPerspectiveLUT.DepthResolution:16.0]]
[2020.02.28-21.38.15:164][  0]LogConfig: Setting CVar [[r.SkyAtmosphere.FastSkyLUT:1]]
[2020.02.28-21.38.15:164][  0]LogConfig: Setting CVar [[r.SkyAtmosphere.FastSkyLUT.SampleCountMin:4.0]]
[2020.02.28-21.38.15:164][  0]LogConfig: Setting CVar [[r.SkyAtmosphere.FastSkyLUT.SampleCountMax:32.0]]
[2020.02.28-21.38.15:164][  0]LogConfig: Setting CVar [[r.SkyAtmosphere.SampleCountMin:4.0]]
[2020.02.28-21.38.15:164][  0]LogConfig: Setting CVar [[r.SkyAtmosphere.SampleCountMax:32.0]]
[2020.02.28-21.38.15:164][  0]LogConfig: Setting CVar [[r.SkyAtmosphere.TransmittanceLUT.UseSmallFormat:0]]
[2020.02.28-21.38.15:164][  0]LogConfig: Setting CVar [[r.SkyAtmosphere.TransmittanceLUT.SampleCount:10.0]]
[2020.02.28-21.38.15:164][  0]LogConfig: Setting CVar [[r.SkyAtmosphere.MultiScatteringLUT.SampleCount:15.0]]
[2020.02.28-21.38.15:164][  0]LogConfig: Applying CVar settings from Section [FoliageQuality@3] File [D:/jeux indé/Jeux-TBG2/Jeux/Saved/Config/Windows/Scalability.ini]
[2020.02.28-21.38.15:164][  0]LogConfig: Setting CVar [[foliage.DensityScale:1.0]]
[2020.02.28-21.38.15:164][  0]LogConfig: Setting CVar [[grass.DensityScale:1.0]]
[2020.02.28-21.38.15:164][  0]LogConfig: Applying CVar settings from Section [ShadingQuality@3] File [D:/jeux indé/Jeux-TBG2/Jeux/Saved/Config/Windows/Scalability.ini]
[2020.02.28-21.38.15:164][  0]LogConfig: Setting CVar [[r.HairStrands.SkyLighting.SampleCount:16]]
[2020.02.28-21.38.15:164][  0]LogConfig: Setting CVar [[r.HairStrands.SkyLighting.JitterIntegration:0]]
[2020.02.28-21.38.15:164][  0]LogConfig: Setting CVar [[r.HairStrands.SkyAO.SampleCount:16]]
[2020.02.28-21.38.15:164][  0]LogInit: Selected Device Profile: [Windows]
[2020.02.28-21.38.15:164][  0]LogInit: Applying CVar settings loaded from the selected device profile: [Windows]
[2020.02.28-21.38.15:166][  0]LogHAL: Display: Platform has ~ 8 GB [8469164032 / 8589934592 / 8], which maps to Default [LargestMinGB=32, LargerMinGB=12, DefaultMinGB=8, SmallerMinGB=6, SmallestMinGB=0)
[2020.02.28-21.38.15:166][  0]LogInit: Going up to parent DeviceProfile []
[2020.02.28-21.38.15:167][  0]LogConfig: Applying CVar settings from Section [ViewDistanceQuality@3] File [D:/jeux indé/Jeux-TBG2/Jeux/Saved/Config/Windows/Scalability.ini]
[2020.02.28-21.38.15:167][  0]LogConfig: Setting CVar [[r.SkeletalMeshLODBias:0]]
[2020.02.28-21.38.15:167][  0]LogConfig: Setting CVar [[r.ViewDistanceScale:1.0]]
[2020.02.28-21.38.15:167][  0]LogConfig: Applying CVar settings from Section [AntiAliasingQuality@3] File [D:/jeux indé/Jeux-TBG2/Jeux/Saved/Config/Windows/Scalability.ini]
[2020.02.28-21.38.15:167][  0]LogConfig: Setting CVar [[r.PostProcessAAQuality:4]]
[2020.02.28-21.38.15:167][  0]LogConfig: Applying CVar settings from Section [ShadowQuality@3] File [D:/jeux indé/Jeux-TBG2/Jeux/Saved/Config/Windows/Scalability.ini]
[2020.02.28-21.38.15:167][  0]LogConfig: Setting CVar [[r.LightFunctionQuality:1]]
[2020.02.28-21.38.15:167][  0]LogConfig: Setting CVar [[r.ShadowQuality:5]]
[2020.02.28-21.38.15:167][  0]LogConfig: Setting CVar [[r.Shadow.CSM.MaxCascades:10]]
[2020.02.28-21.38.15:167][  0]LogConfig: Setting CVar [[r.Shadow.MaxResolution:2048]]
[2020.02.28-21.38.15:167][  0]LogConfig: Setting CVar [[r.Shadow.MaxCSMResolution:2048]]
[2020.02.28-21.38.15:167][  0]LogConfig: Setting CVar [[r.Shadow.RadiusThreshold:0.01]]
[2020.02.28-21.38.15:167][  0]LogConfig: Setting CVar [[r.Shadow.DistanceScale:1.0]]
[2020.02.28-21.38.15:167][  0]LogConfig: Setting CVar [[r.Shadow.CSM.TransitionScale:1.0]]
[2020.02.28-21.38.15:167][  0]LogConfig: Setting CVar [[r.Shadow.PreShadowResolutionFactor:1.0]]
[2020.02.28-21.38.15:167][  0]LogConfig: Setting CVar [[r.DistanceFieldShadowing:1]]
[2020.02.28-21.38.15:167][  0]LogConfig: Setting CVar [[r.DistanceFieldAO:1]]
[2020.02.28-21.38.15:167][  0]LogConfig: Setting CVar [[r.AOQuality:2]]
[2020.02.28-21.38.15:167][  0]LogConfig: Setting CVar [[r.VolumetricFog:1]]
[2020.02.28-21.38.15:167][  0]LogConfig: Setting CVar [[r.VolumetricFog.GridPixelSize:8]]
[2020.02.28-21.38.15:167][  0]LogConfig: Setting CVar [[r.VolumetricFog.GridSizeZ:128]]
[2020.02.28-21.38.15:167][  0]LogConfig: Setting CVar [[r.VolumetricFog.HistoryMissSupersampleCount:4]]
[2020.02.28-21.38.15:167][  0]LogConfig: Setting CVar [[r.LightMaxDrawDistanceScale:1]]
[2020.02.28-21.38.15:167][  0]LogConfig: Setting CVar [[r.CapsuleShadows:1]]
[2020.02.28-21.38.15:167][  0]LogConfig: Applying CVar settings from Section [PostProcessQuality@3] File [D:/jeux indé/Jeux-TBG2/Jeux/Saved/Config/Windows/Scalability.ini]
[2020.02.28-21.38.15:167][  0]LogConfig: Setting CVar [[r.MotionBlurQuality:4]]
[2020.02.28-21.38.15:167][  0]LogConfig: Setting CVar [[r.AmbientOcclusionMipLevelFactor:0.4]]
[2020.02.28-21.38.15:167][  0]LogConfig: Setting CVar [[r.AmbientOcclusionMaxQuality:100]]
[2020.02.28-21.38.15:167][  0]LogConfig: Setting CVar [[r.AmbientOcclusionLevels:-1]]
[2020.02.28-21.38.15:167][  0]LogConfig: Setting CVar [[r.AmbientOcclusionRadiusScale:1.0]]
[2020.02.28-21.38.15:167][  0]LogConfig: Setting CVar [[r.DepthOfFieldQuality:2]]
[2020.02.28-21.38.15:167][  0]LogConfig: Setting CVar [[r.RenderTargetPoolMin:400]]
[2020.02.28-21.38.15:167][  0]LogConfig: Setting CVar [[r.LensFlareQuality:2]]
[2020.02.28-21.38.15:167][  0]LogConfig: Setting CVar [[r.SceneColorFringeQuality:1]]
[2020.02.28-21.38.15:167][  0]LogConfig: Setting CVar [[r.EyeAdaptationQuality:2]]
[2020.02.28-21.38.15:167][  0]LogConfig: Setting CVar [[r.BloomQuality:5]]
[2020.02.28-21.38.15:167][  0]LogConfig: Setting CVar [[r.FastBlurThreshold:100]]
[2020.02.28-21.38.15:167][  0]LogConfig: Setting CVar [[r.Upscale.Quality:3]]
[2020.02.28-21.38.15:167][  0]LogConfig: Setting CVar [[r.Tonemapper.GrainQuantization:1]]
[2020.02.28-21.38.15:167][  0]LogConfig: Setting CVar [[r.LightShaftQuality:1]]
[2020.02.28-21.38.15:167][  0]LogConfig: Setting CVar [[r.Filter.SizeScale:1]]
[2020.02.28-21.38.15:167][  0]LogConfig: Setting CVar [[r.Tonemapper.Quality:5]]
[2020.02.28-21.38.15:167][  0]LogConfig: Setting CVar [[r.DOF.Gather.AccumulatorQuality:1        ; higher gathering accumulator quality]]
[2020.02.28-21.38.15:167][  0]LogConfig: Setting CVar [[r.DOF.Gather.PostfilterMethod:1          ; Median3x3 postfilering method]]
[2020.02.28-21.38.15:167][  0]LogConfig: Setting CVar [[r.DOF.Gather.EnableBokehSettings:0       ; no bokeh simulation when gathering]]
[2020.02.28-21.38.15:167][  0]LogConfig: Setting CVar [[r.DOF.Gather.RingCount:4                 ; medium number of samples when gathering]]
[2020.02.28-21.38.15:167][  0]LogConfig: Setting CVar [[r.DOF.Scatter.ForegroundCompositing:1    ; additive foreground scattering]]
[2020.02.28-21.38.15:167][  0]LogConfig: Setting CVar [[r.DOF.Scatter.BackgroundCompositing:2    ; additive background scattering]]
[2020.02.28-21.38.15:167][  0]LogConfig: Setting CVar [[r.DOF.Scatter.EnableBokehSettings:1      ; bokeh simulation when scattering]]
[2020.02.28-21.38.15:167][  0]LogConfig: Setting CVar [[r.DOF.Scatter.MaxSpriteRatio:0.1         ; only a maximum of 10% of scattered bokeh]]
[2020.02.28-21.38.15:167][  0]LogConfig: Setting CVar [[r.DOF.Recombine.Quality:1                ; cheap slight out of focus]]
[2020.02.28-21.38.15:167][  0]LogConfig: Setting CVar [[r.DOF.Recombine.EnableBokehSettings:0    ; no bokeh simulation on slight out of focus]]
[2020.02.28-21.38.15:167][  0]LogConfig: Setting CVar [[r.DOF.TemporalAAQuality:1                ; more stable temporal accumulation]]
[2020.02.28-21.38.15:167][  0]LogConfig: Setting CVar [[r.DOF.Kernel.MaxForegroundRadius:0.025]]
[2020.02.28-21.38.15:167][  0]LogConfig: Setting CVar [[r.DOF.Kernel.MaxBackgroundRadius:0.025]]
[2020.02.28-21.38.15:167][  0]LogConfig: Applying CVar settings from Section [TextureQuality@3] File [D:/jeux indé/Jeux-TBG2/Jeux/Saved/Config/Windows/Scalability.ini]
[2020.02.28-21.38.15:167][  0]LogConfig: Setting CVar [[r.Streaming.MipBias:0]]
[2020.02.28-21.38.15:167][  0]LogConfig: Setting CVar [[r.Streaming.AmortizeCPUToGPUCopy:0]]
[2020.02.28-21.38.15:167][  0]LogConfig: Setting CVar [[r.Streaming.MaxNumTexturesToStreamPerFrame:0]]
[2020.02.28-21.38.15:167][  0]LogConfig: Setting CVar [[r.Streaming.Boost:1]]
[2020.02.28-21.38.15:167][  0]LogConfig: Setting CVar [[r.MaxAnisotropy:8]]
[2020.02.28-21.38.15:167][  0]LogConfig: Setting CVar [[r.VT.MaxAnisotropy:8]]
[2020.02.28-21.38.15:168][  0]LogConfig: Setting CVar [[r.Streaming.LimitPoolSizeToVRAM:0]]
[2020.02.28-21.38.15:168][  0]LogConfig: Setting CVar [[r.Streaming.PoolSize:1000]]
[2020.02.28-21.38.15:168][  0]LogConfig: Setting CVar [[r.Streaming.MaxEffectiveScreenSize:0]]
[2020.02.28-21.38.15:168][  0]LogConfig: Applying CVar settings from Section [EffectsQuality@3] File [D:/jeux indé/Jeux-TBG2/Jeux/Saved/Config/Windows/Scalability.ini]
[2020.02.28-21.38.15:168][  0]LogConfig: Setting CVar [[r.TranslucencyLightingVolumeDim:64]]
[2020.02.28-21.38.15:168][  0]LogConfig: Setting CVar [[r.RefractionQuality:2]]
[2020.02.28-21.38.15:168][  0]LogConfig: Setting CVar [[r.SSR.Quality:3]]
[2020.02.28-21.38.15:168][  0]LogConfig: Setting CVar [[r.SSR.HalfResSceneColor:0]]
[2020.02.28-21.38.15:168][  0]LogConfig: Setting CVar [[r.SceneColorFormat:4]]
[2020.02.28-21.38.15:168][  0]LogConfig: Setting CVar [[r.DetailMode:2]]
[2020.02.28-21.38.15:168][  0]LogConfig: Setting CVar [[r.TranslucencyVolumeBlur:1]]
[2020.02.28-21.38.15:168][  0]LogConfig: Setting CVar [[r.MaterialQualityLevel:1 ; High quality]]
[2020.02.28-21.38.15:168][  0]LogConfig: Setting CVar [[r.SSS.Scale:1]]
[2020.02.28-21.38.15:168][  0]LogConfig: Setting CVar [[r.SSS.SampleSet:2]]
[2020.02.28-21.38.15:168][  0]LogConfig: Setting CVar [[r.SSS.Quality:1]]
[2020.02.28-21.38.15:168][  0]LogConfig: Setting CVar [[r.SSS.HalfRes:1]]
[2020.02.28-21.38.15:168][  0]LogConfig: Setting CVar [[r.SSGI.Quality:3]]
[2020.02.28-21.38.15:168][  0]LogConfig: Setting CVar [[r.EmitterSpawnRateScale:1.0]]
[2020.02.28-21.38.15:168][  0]LogConfig: Setting CVar [[r.ParticleLightQuality:2]]
[2020.02.28-21.38.15:168][  0]LogConfig: Setting CVar [[r.SkyAtmosphere.AerialPerspectiveLUT.FastApplyOnOpaque:1 ; Always have FastSkyLUT 1 in this case to avoid wrong sky]]
[2020.02.28-21.38.15:168][  0]LogConfig: Setting CVar [[r.SkyAtmosphere.AerialPerspectiveLUT.SampleCountPerSlice:1]]
[2020.02.28-21.38.15:168][  0]LogConfig: Setting CVar [[r.SkyAtmosphere.AerialPerspectiveLUT.DepthResolution:16.0]]
[2020.02.28-21.38.15:168][  0]LogConfig: Setting CVar [[r.SkyAtmosphere.FastSkyLUT:1]]
[2020.02.28-21.38.15:168][  0]LogConfig: Setting CVar [[r.SkyAtmosphere.FastSkyLUT.SampleCountMin:4.0]]
[2020.02.28-21.38.15:168][  0]LogConfig: Setting CVar [[r.SkyAtmosphere.FastSkyLUT.SampleCountMax:32.0]]
[2020.02.28-21.38.15:168][  0]LogConfig: Setting CVar [[r.SkyAtmosphere.SampleCountMin:4.0]]
[2020.02.28-21.38.15:168][  0]LogConfig: Setting CVar [[r.SkyAtmosphere.SampleCountMax:32.0]]
[2020.02.28-21.38.15:168][  0]LogConfig: Setting CVar [[r.SkyAtmosphere.TransmittanceLUT.UseSmallFormat:0]]
[2020.02.28-21.38.15:168][  0]LogConfig: Setting CVar [[r.SkyAtmosphere.TransmittanceLUT.SampleCount:10.0]]
[2020.02.28-21.38.15:168][  0]LogConfig: Setting CVar [[r.SkyAtmosphere.MultiScatteringLUT.SampleCount:15.0]]
[2020.02.28-21.38.15:168][  0]LogConfig: Applying CVar settings from Section [FoliageQuality@3] File [D:/jeux indé/Jeux-TBG2/Jeux/Saved/Config/Windows/Scalability.ini]
[2020.02.28-21.38.15:168][  0]LogConfig: Setting CVar [[foliage.DensityScale:1.0]]
[2020.02.28-21.38.15:168][  0]LogConfig: Setting CVar [[grass.DensityScale:1.0]]
[2020.02.28-21.38.15:168][  0]LogConfig: Applying CVar settings from Section [ShadingQuality@3] File [D:/jeux indé/Jeux-TBG2/Jeux/Saved/Config/Windows/Scalability.ini]
[2020.02.28-21.38.15:168][  0]LogConfig: Setting CVar [[r.HairStrands.SkyLighting.SampleCount:16]]
[2020.02.28-21.38.15:168][  0]LogConfig: Setting CVar [[r.HairStrands.SkyLighting.JitterIntegration:0]]
[2020.02.28-21.38.15:168][  0]LogConfig: Setting CVar [[r.HairStrands.SkyAO.SampleCount:16]]
[2020.02.28-21.38.15:168][  0]LogConfig: Applying CVar settings from Section [Startup] File [../../../Engine/Config/ConsoleVariables.ini]
[2020.02.28-21.38.15:168][  0]LogConfig: Setting CVar [[net.UseAdaptiveNetUpdateFrequency:0]]
[2020.02.28-21.38.15:168][  0]LogConfig: Setting CVar [[p.chaos.AllowCreatePhysxBodies:1]]
[2020.02.28-21.38.15:168][  0]LogConfig: Applying CVar settings from Section [ConsoleVariables] File [D:/jeux indé/Jeux-TBG2/Jeux/Saved/Config/Windows/Engine.ini]
[2020.02.28-21.38.15:168][  0]LogInit: Computer: HENTAI-ERROR
[2020.02.28-21.38.15:168][  0]LogInit: User: Malik
[2020.02.28-21.38.15:169][  0]LogInit: CPU Page size=4096, Cores=4
[2020.02.28-21.38.15:169][  0]LogInit: High frequency timer resolution =10.000000 MHz
[2020.02.28-21.38.15:169][  0]LogMemory: Memory total: Physical=7.9GB (8GB approx)
[2020.02.28-21.38.15:169][  0]LogMemory: Platform Memory Stats for Windows
[2020.02.28-21.38.15:169][  0]LogMemory: Process Physical Memory: 105.71 MB used, 105.72 MB peak
[2020.02.28-21.38.15:169][  0]LogMemory: Process Virtual Memory: 100.96 MB used, 100.96 MB peak
[2020.02.28-21.38.15:169][  0]LogMemory: Physical Memory: 5433.47 MB used,  2643.36 MB free, 8076.82 MB total
[2020.02.28-21.38.15:169][  0]LogMemory: Virtual Memory: 5137.59 MB used,  134212592.00 MB free, 134217728.00 MB total
[2020.02.28-21.38.15:172][  0]LogWindows: WindowsPlatformFeatures enabled
[2020.02.28-21.38.15:190][  0]LogInit: Using OS detected language (fr-FR).
[2020.02.28-21.38.15:190][  0]LogInit: Using OS detected locale (fr-FR).
[2020.02.28-21.38.15:190][  0]LogTextLocalizationManager: No specific localization for 'fr-FR' exists, so the 'fr' localization will be used.
[2020.02.28-21.38.15:191][  0]LogTextLocalizationResource: LocRes '../../../Engine/Content/Localization/Editor/fr/Editor.locres' could not be opened for reading!
[2020.02.28-21.38.15:191][  0]LogTextLocalizationResource: LocRes '../../../Engine/Content/Localization/EditorTutorials/fr/EditorTutorials.locres' could not be opened for reading!
[2020.02.28-21.38.15:191][  0]LogTextLocalizationResource: LocRes '../../../Engine/Content/Localization/Keywords/fr/Keywords.locres' could not be opened for reading!
[2020.02.28-21.38.15:191][  0]LogTextLocalizationResource: LocRes '../../../Engine/Content/Localization/Category/fr/Category.locres' could not be opened for reading!
[2020.02.28-21.38.15:191][  0]LogTextLocalizationResource: LocRes '../../../Engine/Content/Localization/ToolTips/fr/ToolTips.locres' could not be opened for reading!
[2020.02.28-21.38.15:191][  0]LogTextLocalizationResource: LocRes '../../../Engine/Content/Localization/PropertyNames/fr/PropertyNames.locres' could not be opened for reading!
[2020.02.28-21.38.15:191][  0]LogTextLocalizationResource: LocRes '../../../Engine/Content/Localization/Engine/fr/Engine.locres' could not be opened for reading!
[2020.02.28-21.38.15:192][  0]LogInit: Setting process to per monitor DPI aware
[2020.02.28-21.38.15:222][  0]LogSlate: New Slate User Created.  User Index 0, Is Virtual User: 0
[2020.02.28-21.38.15:222][  0]LogSlate: Slate User Registered.  User Index 0, Is Virtual User: 0
[2020.02.28-21.38.15:391][  0]LogHMD: Failed to initialize OpenVR with code 110
[2020.02.28-21.38.15:391][  0]LogD3D11RHI: D3D11 min allowed feature level: 11_0
[2020.02.28-21.38.15:391][  0]LogD3D11RHI: D3D11 max allowed feature level: 11_0
[2020.02.28-21.38.15:391][  0]LogD3D11RHI: D3D11 adapters:
[2020.02.28-21.38.15:468][  0]LogD3D11RHI:    0. 'NVIDIA GeForce GTX 1050' (Feature Level 11_0)
[2020.02.28-21.38.15:468][  0]LogD3D11RHI:       4021/0/4038 MB DedicatedVideo/DedicatedSystem/SharedSystem, Outputs:1, VendorId:0x10de
[2020.02.28-21.38.15:476][  0]LogD3D11RHI:    1. 'Intel(R) HD Graphics 630' (Feature Level 11_0)
[2020.02.28-21.38.15:476][  0]LogD3D11RHI:       128/0/4038 MB DedicatedVideo/DedicatedSystem/SharedSystem, Outputs:0, VendorId:0x8086
[2020.02.28-21.38.15:478][  0]LogD3D11RHI:    2. 'Microsoft Basic Render Driver' (Feature Level 11_0)
[2020.02.28-21.38.15:478][  0]LogD3D11RHI:       0/0/4038 MB DedicatedVideo/DedicatedSystem/SharedSystem, Outputs:0, VendorId:0x1414
[2020.02.28-21.38.15:478][  0]LogD3D11RHI: Chosen D3D11 Adapter: 0
[2020.02.28-21.38.15:513][  0]LogD3D11RHI: Creating new Direct3DDevice
[2020.02.28-21.38.15:513][  0]LogD3D11RHI:     GPU DeviceId: 0x1c8d (for the marketing name, search the web for "GPU Device Id")
[2020.02.28-21.38.15:513][  0]LogWindows: EnumDisplayDevices:
[2020.02.28-21.38.15:513][  0]LogWindows:    0. 'Intel(R) HD Graphics 630' (P:1 D:1)
[2020.02.28-21.38.15:514][  0]LogWindows:    1. 'Intel(R) HD Graphics 630' (P:0 D:0)
[2020.02.28-21.38.15:514][  0]LogWindows:    2. 'Intel(R) HD Graphics 630' (P:0 D:0)
[2020.02.28-21.38.15:514][  0]LogWindows: DebugString: PrimaryIsNotTheChoosenAdapter PrimaryIsNotTheChoosenAdapter PrimaryIsNotTheChoosenAdapter FoundDriverCount:0 
[2020.02.28-21.38.15:514][  0]LogD3D11RHI:     Adapter Name: NVIDIA GeForce GTX 1050
[2020.02.28-21.38.15:514][  0]LogD3D11RHI:   Driver Version: Unknown (internal:Unknown, unified:Unknown)
[2020.02.28-21.38.15:514][  0]LogD3D11RHI:      Driver Date: Unknown
[2020.02.28-21.38.15:514][  0]LogRHI: Texture pool is 2814 MB (70% of 4021 MB)
[2020.02.28-21.38.15:562][  0]LogD3D11RHI: RHI has support for 64 bit atomics
[2020.02.28-21.38.15:562][  0]LogD3D11RHI: Async texture creation enabled
[2020.02.28-21.38.15:577][  0]LogD3D11RHI: GPU Timing Frequency: 1000.000000 (Debug: 2 1)
[2020.02.28-21.38.15:892][  0]LogTargetPlatformManager: Display: Loaded TargetPlatform 'AllDesktop'
[2020.02.28-21.38.15:933][  0]LogTargetPlatformManager: Display: Loaded TargetPlatform 'Android'
[2020.02.28-21.38.15:933][  0]LogTargetPlatformManager: Display: Loaded TargetPlatform 'Android_ASTC'
[2020.02.28-21.38.15:933][  0]LogTargetPlatformManager: Display: Loaded TargetPlatform 'Android_ATC'
[2020.02.28-21.38.15:933][  0]LogTargetPlatformManager: Display: Loaded TargetPlatform 'Android_DXT'
[2020.02.28-21.38.15:933][  0]LogTargetPlatformManager: Display: Loaded TargetPlatform 'Android_ETC1'
[2020.02.28-21.38.15:933][  0]LogTargetPlatformManager: Display: Loaded TargetPlatform 'Android_ETC1a'
[2020.02.28-21.38.15:933][  0]LogTargetPlatformManager: Display: Loaded TargetPlatform 'Android_ETC2'
[2020.02.28-21.38.15:933][  0]LogTargetPlatformManager: Display: Loaded TargetPlatform 'Android_PVRTC'
[2020.02.28-21.38.15:933][  0]LogTargetPlatformManager: Display: Loaded TargetPlatform 'AndroidClient'
[2020.02.28-21.38.15:933][  0]LogTargetPlatformManager: Display: Loaded TargetPlatform 'Android_ASTCClient'
[2020.02.28-21.38.15:933][  0]LogTargetPlatformManager: Display: Loaded TargetPlatform 'Android_ATCClient'
[2020.02.28-21.38.15:933][  0]LogTargetPlatformManager: Display: Loaded TargetPlatform 'Android_DXTClient'
[2020.02.28-21.38.15:933][  0]LogTargetPlatformManager: Display: Loaded TargetPlatform 'Android_ETC1Client'
[2020.02.28-21.38.15:933][  0]LogTargetPlatformManager: Display: Loaded TargetPlatform 'Android_ETC1aClient'
[2020.02.28-21.38.15:933][  0]LogTargetPlatformManager: Display: Loaded TargetPlatform 'Android_ETC2Client'
[2020.02.28-21.38.15:933][  0]LogTargetPlatformManager: Display: Loaded TargetPlatform 'Android_PVRTCClient'
[2020.02.28-21.38.15:933][  0]LogTargetPlatformManager: Display: Loaded TargetPlatform 'Android_Multi'
[2020.02.28-21.38.15:933][  0]LogTargetPlatformManager: Display: Loaded TargetPlatform 'Android_MultiClient'
[2020.02.28-21.38.15:954][  0]LogTargetPlatformManager: Display: Loaded TargetPlatform 'IOSClient'
[2020.02.28-21.38.15:954][  0]LogTargetPlatformManager: Display: Loaded TargetPlatform 'IOS'
[2020.02.28-21.38.15:961][  0]LogTargetPlatformManager: Display: Loaded TargetPlatform 'LinuxNoEditor'
[2020.02.28-21.38.15:968][  0]LogTargetPlatformManager: Display: Loaded TargetPlatform 'LinuxClient'
[2020.02.28-21.38.15:976][  0]LogTargetPlatformManager: Display: Loaded TargetPlatform 'LinuxServer'
[2020.02.28-21.38.15:984][  0]LogTargetPlatformManager: Display: Loaded TargetPlatform 'LinuxAArch64NoEditor'
[2020.02.28-21.38.15:991][  0]LogTargetPlatformManager: Display: Loaded TargetPlatform 'LinuxAArch64Client'
[2020.02.28-21.38.15:999][  0]LogTargetPlatformManager: Display: Loaded TargetPlatform 'LinuxAArch64Server'
[2020.02.28-21.38.16:027][  0]LogTargetPlatformManager: Display: Loaded TargetPlatform 'Lumin'
[2020.02.28-21.38.16:027][  0]LogTargetPlatformManager: Display: Loaded TargetPlatform 'LuminClient'
[2020.02.28-21.38.16:045][  0]LogTargetPlatformManager: Display: Loaded TargetPlatform 'TVOSClient'
[2020.02.28-21.38.16:045][  0]LogTargetPlatformManager: Display: Loaded TargetPlatform 'TVOS'
[2020.02.28-21.38.16:053][  0]LogTargetPlatformManager: Display: Loaded TargetPlatform 'WindowsNoEditor'
[2020.02.28-21.38.16:063][  0]LogTargetPlatformManager: Display: Loaded TargetPlatform 'Windows'
[2020.02.28-21.38.16:069][  0]LogTargetPlatformManager: Display: Loaded TargetPlatform 'WindowsClient'
[2020.02.28-21.38.16:078][  0]LogTargetPlatformManager: Display: Loaded TargetPlatform 'WindowsServer'
[2020.02.28-21.38.16:078][  0]LogTargetPlatformManager: Display: Building Assets For Windows
[2020.02.28-21.38.16:081][  0]LogAudioDebug: Display: Lib vorbis DLL was dynamically loaded.
[2020.02.28-21.38.16:097][  0]LogShaderCompilers: Guid format shader working directory is 7 characters bigger than the processId version (../../../../../jeux indé/Jeux-TBG2/Jeux/Intermediate/Shaders/WorkingDirectory/7512/).
[2020.02.28-21.38.16:097][  0]LogShaderCompilers: Cleaned the shader compiler working directory 'C:/Users/Malik/AppData/Local/Temp/UnrealShaderWorkingDir/FB71BB2D4E56D380FBB058A466AAC471/'.
[2020.02.28-21.38.16:097][  0]LogXGEController: Cannot use XGE Controller as Incredibuild is not installed on this machine.
[2020.02.28-21.38.16:097][  0]LogShaderCompilers: Cannot use XGE Shader Compiler as Incredibuild is not installed on this machine.
[2020.02.28-21.38.16:097][  0]LogShaderCompilers: Display: Using Local Shader Compiler.
[2020.02.28-21.38.16:818][  0]LogDerivedDataCache: Display: Max Cache Size: 512 MB
[2020.02.28-21.38.16:883][  0]LogDerivedDataCache: Loaded boot cache 0.06s 78MB C:/Users/Malik/AppData/Local/UnrealEngine/4.24/DerivedDataCache/Boot.ddc.
[2020.02.28-21.38.16:883][  0]LogDerivedDataCache: Display: Loaded Boot cache: C:/Users/Malik/AppData/Local/UnrealEngine/4.24/DerivedDataCache/Boot.ddc
[2020.02.28-21.38.16:883][  0]LogDerivedDataCache: FDerivedDataBackendGraph:  Pak pak cache file ../../../../../jeux indé/Jeux-TBG2/Jeux/DerivedDataCache/DDC.ddp not found, will not use a pak cache.
[2020.02.28-21.38.16:883][  0]LogDerivedDataCache: Unable to find inner node Pak for hierarchical cache Hierarchy.
[2020.02.28-21.38.16:883][  0]LogDerivedDataCache: FDerivedDataBackendGraph:  CompressedPak pak cache file ../../../../../jeux indé/Jeux-TBG2/Jeux/DerivedDataCache/Compressed.ddp not found, will not use a pak cache.
[2020.02.28-21.38.16:883][  0]LogDerivedDataCache: Unable to find inner node CompressedPak for hierarchical cache Hierarchy.
[2020.02.28-21.38.16:894][  0]LogDerivedDataCache: Display: Pak cache opened for reading ../../../Engine/DerivedDataCache/Compressed.ddp.
[2020.02.28-21.38.16:894][  0]LogDerivedDataCache: FDerivedDataBackendGraph:  EnterprisePak pak cache file ../../../Enterprise/DerivedDataCache/Compressed.ddp not found, will not use a pak cache.
[2020.02.28-21.38.16:894][  0]LogDerivedDataCache: Unable to find inner node EnterprisePak for hierarchical cache Hierarchy.
[2020.02.28-21.38.16:895][  0]LogDerivedDataCache: Using Local data cache path C:/Users/Malik/AppData/Local/UnrealEngine/Common/DerivedDataCache: Writable
[2020.02.28-21.38.16:895][  0]LogDerivedDataCache: Shared data cache path not found in *engine.ini, will not use an Shared cache.
[2020.02.28-21.38.16:895][  0]LogDerivedDataCache: Unable to find inner node Shared for hierarchical cache Hierarchy.
[2020.02.28-21.38.16:923][  0]LogMaterial: Verifying Global Shaders for PCD3D_SM5
[2020.02.28-21.38.16:925][  0]LogSlate: Using FreeType 2.10.0
[2020.02.28-21.38.16:925][  0]LogSlate: SlateFontServices - WITH_FREETYPE: 1, WITH_HARFBUZZ: 1
[2020.02.28-21.38.16:976][  0]LogAssetRegistry: FAssetRegistry took 0.0023 seconds to start up
[2020.02.28-21.38.17:259][  0]LogInit: Selected Device Profile: [Windows]
[2020.02.28-21.38.17:436][  0]LogMeshReduction: Using QuadricMeshReduction for automatic static mesh reduction
[2020.02.28-21.38.17:436][  0]LogMeshReduction: Using SimplygonMeshReduction for automatic skeletal mesh reduction
[2020.02.28-21.38.17:436][  0]LogMeshReduction: Using ProxyLODMeshReduction for automatic mesh merging
[2020.02.28-21.38.17:436][  0]LogMeshReduction: No distributed automatic mesh merging module available
[2020.02.28-21.38.17:436][  0]LogMeshMerging: No distributed automatic mesh merging module available
[2020.02.28-21.38.17:450][  0]LogNetVersion: Jeux 1.0.0, NetCL: 10570792, EngineNetVer: 13, GameNetVer: 0 (Checksum: 3294670776)
[2020.02.28-21.38.18:500][  0]LogPackageLocalizationCache: Processed 10 localized package path(s) for 1 prioritized culture(s) in 0.036504 seconds
[2020.02.28-21.38.18:507][  0]LogUObjectArray: 46750 objects as part of root set at end of initial load.
[2020.02.28-21.38.18:508][  0]LogUObjectAllocator: 8137160 out of 0 bytes used by permanent object pool.
[2020.02.28-21.38.18:508][  0]LogUObjectArray: CloseDisregardForGC: 0/0 objects in disregard for GC pool
[2020.02.28-21.38.18:926][  0]LogTcpMessaging: Initializing TcpMessaging bridge
[2020.02.28-21.38.18:932][  0]LogUdpMessaging: Initializing bridge on interface 0.0.0.0:0 to multicast group 230.0.0.1:6666.
[2020.02.28-21.38.19:006][  0]SourceControl: Source control is disabled
[2020.02.28-21.38.19:007][  0]SourceControl: Source control is disabled
[2020.02.28-21.38.19:007][  0]SourceControl: Source control is disabled
[2020.02.28-21.38.19:008][  0]SourceControl: Source control is disabled
[2020.02.28-21.38.19:009][  0]SourceControl: Source control is disabled
[2020.02.28-21.38.19:136][  0]LogAndroidPermission: UAndroidPermissionCallbackProxy::GetInstance
[2020.02.28-21.38.19:154][  0]LogAudioCaptureCore: Display: No Audio Capture implementations found. Audio input will be silent.
[2020.02.28-21.38.19:154][  0]LogAudioCaptureCore: Display: No Audio Capture implementations found. Audio input will be silent.
[2020.02.28-21.38.19:246][  0]LogOcInput: OculusInput pre-init called
[2020.02.28-21.38.19:255][  0]LogWindows: Failed to load 'OVRPlugin.dll' (GetLastError=126)
[2020.02.28-21.38.19:255][  0]LogWindows: File 'OVRPlugin.dll' does not exist
[2020.02.28-21.38.19:318][  0]LogEngine: Initializing Engine...
[2020.02.28-21.38.19:319][  0]LogHMD: Failed to initialize OpenVR with code 110
[2020.02.28-21.38.19:320][  0]LogStats: UGameplayTagsManager::InitializeManager -  0.000 s
[2020.02.28-21.38.19:671][  0]LogInit: Initializing FReadOnlyCVARCache
[2020.02.28-21.38.19:679][  0]LogAIModule: Creating AISystem for world Untitled
[2020.02.28-21.38.19:755][  0]LogAudioMixer: Display: Audio Mixer Platform Settings:
[2020.02.28-21.38.19:755][  0]LogAudioMixer: Display: 	Sample Rate:						  48000
[2020.02.28-21.38.19:755][  0]LogAudioMixer: Display: 	Callback Buffer Frame Size Requested: 1024
[2020.02.28-21.38.19:755][  0]LogAudioMixer: Display: 	Callback Buffer Frame Size To Use:	  1024
[2020.02.28-21.38.19:755][  0]LogAudioMixer: Display: 	Number of buffers to queue:			  2
[2020.02.28-21.38.19:755][  0]LogAudioMixer: Display: 	Max Channels (voices):				  32
[2020.02.28-21.38.19:755][  0]LogAudioMixer: Display: 	Number of Async Source Workers:		  0
[2020.02.28-21.38.19:755][  0]LogAudio: Display: AudioDevice MaxSources: 32
[2020.02.28-21.38.19:755][  0]LogAudio: Display: Using built-in audio occlusion.
[2020.02.28-21.38.19:755][  0]LogAudioMixer: Display: Initializing audio mixer.
[2020.02.28-21.38.19:784][  0]LogAudioMixer: Display: Audio Device Output Speaker Info:
[2020.02.28-21.38.19:784][  0]LogAudioMixer: Display: Name: Haut-parleurs (Realtek High Definition Audio)
[2020.02.28-21.38.19:784][  0]LogAudioMixer: Display: Is Default: Yes
[2020.02.28-21.38.19:785][  0]LogAudioMixer: Display: Sample Rate: 48000
[2020.02.28-21.38.19:785][  0]LogAudioMixer: Display: Channel Count Used: 2
[2020.02.28-21.38.19:785][  0]LogAudioMixer: Display: Device Channel Count: 2
[2020.02.28-21.38.19:785][  0]LogAudioMixer: Display: Channel Order:
[2020.02.28-21.38.19:785][  0]LogAudioMixer: Display: 0: FrontLeft
[2020.02.28-21.38.19:785][  0]LogAudioMixer: Display: 1: FrontRight
[2020.02.28-21.38.20:348][  0]LogAudioMixer: Display: Using Audio Device Haut-parleurs (Realtek High Definition Audio)
[2020.02.28-21.38.20:354][  0]LogInit: FAudioDevice initialized.
[2020.02.28-21.38.20:354][  0]LogNetVersion: Set ProjectVersion to 0.1.0. Version Checksum will be recalculated on next use.
[2020.02.28-21.38.20:507][  0]LogDerivedDataCache: Saved boot cache 0.15s 78MB C:/Users/Malik/AppData/Local/UnrealEngine/4.24/DerivedDataCache/Boot.ddc.
[2020.02.28-21.38.20:511][  0]LogInit: Texture streaming: Enabled
[2020.02.28-21.38.20:520][  0]LogEngineSessionManager: EngineSessionManager initialized
[2020.02.28-21.38.20:520][  0]LogEditorSessionSummary: Verbose: Initializing EditorSessionSummaryWriter for editor session tracking
[2020.02.28-21.38.20:522][  0]LogEditorSessionSummary: EditorSessionSummaryWriter initialized
[2020.02.28-21.38.20:570][  0]LogInit: Transaction tracking system initialized
[2020.02.28-21.38.20:579][  0]BlueprintLog: New page: Editor Load
[2020.02.28-21.38.20:607][  0]LocalizationService: Localization service is disabled
[2020.02.28-21.38.20:875][  0]LogFileCache: Scanning file cache for directory 'D:/jeux indé/Jeux-TBG2/Jeux/Content/' took 0.00s
[2020.02.28-21.38.20:875][  0]LogCook: Display: Max memory allowance for cook 16384mb min free memory 0mb
[2020.02.28-21.38.20:875][  0]LogCook: Display: Mobile HDR setting 1
[2020.02.28-21.38.21:607][  0]SourceControl: Source control is disabled
[2020.02.28-21.38.21:607][  0]Cmd: MAP LOAD FILE="../../../../../jeux indé/Jeux-TBG2/Jeux/Content/Maps/Map_Menu.umap" TEMPLATE=0 SHOWPROGRESS=1 FEATURELEVEL=3
[2020.02.28-21.38.21:608][  0]LightingResults: New page: Lighting Build
[2020.02.28-21.38.21:609][  0]LogWorld: UWorld::CleanupWorld for Untitled, bSessionEnded=true, bCleanupResources=true
[2020.02.28-21.38.21:610][  0]LogSlate: InvalidateAllWidgets triggered.  All widgets were invalidated
[2020.02.28-21.38.21:610][  0]MapCheck: New page: Map Check
[2020.02.28-21.38.21:610][  0]LightingResults: New page: Lighting Build
[2020.02.28-21.38.21:640][  0]LogUObjectHash: Compacting FUObjectHashTables data took   1.64ms
[2020.02.28-21.38.22:176][  0]LogAIModule: Creating AISystem for world Map_Menu
[2020.02.28-21.38.22:198][  0]LogEditorServer: Finished looking for orphan Actors (0.000 secs)
[2020.02.28-21.38.22:248][  0]LogUObjectHash: Compacting FUObjectHashTables data took   7.67ms
[2020.02.28-21.38.22:249][  0]Cmd: MAP CHECKDEP NOCLEARLOG
[2020.02.28-21.38.22:250][  0]MapCheck: Map check complete: 0 Error(s), 0 Warning(s), took 0,116ms to complete.
[2020.02.28-21.38.22:250][  0]LogFileHelpers: Loading map 'Map_Menu' took 0.642
[2020.02.28-21.38.22:447][  0]LogSlate: Updating window title bar state: overlay mode, drag disabled, window buttons hidden, title bar hidden
[2020.02.28-21.38.22:454][  0]LogSlate: Updating window title bar state: overlay mode, drag disabled, window buttons hidden, title bar hidden
[2020.02.28-21.38.22:465][  0]LogSlate: Updating window title bar state: overlay mode, drag disabled, window buttons hidden, title bar hidden
[2020.02.28-21.38.22:472][  0]LogSlate: Updating window title bar state: overlay mode, drag disabled, window buttons hidden, title bar hidden
[2020.02.28-21.38.22:479][  0]LogCollectionManager: Loaded 0 collections in 0.001211 seconds
[2020.02.28-21.38.22:491][  0]LogFileCache: Scanning file cache for directory 'D:/jeux indé/Jeux-TBG2/Jeux/Saved/Collections/' took 0.00s
[2020.02.28-21.38.22:492][  0]LogFileCache: Scanning file cache for directory 'D:/jeux indé/Jeux-TBG2/Jeux/Content/Developers/Malik/Collections/' took 0.00s
[2020.02.28-21.38.22:492][  0]LogFileCache: Scanning file cache for directory 'D:/jeux indé/Jeux-TBG2/Jeux/Content/Collections/' took 0.00s
[2020.02.28-21.38.22:492][  0]LogContentBrowser: Native class hierarchy populated in 0.0084 seconds. Added 3017 classes and 720 folders.
[2020.02.28-21.38.22:497][  0]LogContentBrowser: Native class hierarchy updated for 'WidgetCarousel' in 0.0003 seconds. Added 0 classes and 0 folders.
[2020.02.28-21.38.22:546][  0]LogContentBrowser: Native class hierarchy updated for 'AddContentDialog' in 0.0003 seconds. Added 0 classes and 0 folders.
[2020.02.28-21.38.22:550][  0]LogContentBrowser: Native class hierarchy updated for 'SceneOutliner' in 0.0002 seconds. Added 2 classes and 3 folders.
[2020.02.28-21.38.22:710][  0]LogSlate: Took 0.000304 seconds to synchronously load lazily loaded font '../../../Engine/Content/Slate/Fonts/Roboto-Regular.ttf' (155K)
[2020.02.28-21.38.22:715][  0]LogSlate: Took 0.000367 seconds to synchronously load lazily loaded font '../../../Engine/Content/Slate/Fonts/Roboto-Bold.ttf' (160K)
[2020.02.28-21.38.22:721][  0]LogSlate: Took 0.000179 seconds to synchronously load lazily loaded font '../../../Engine/Content/Editor/Slate/Fonts/FontAwesome.ttf' (139K)
[2020.02.28-21.38.22:813][  0]LogRenderer: Reallocating scene render targets to support 1004x484 Format 10 NumSamples 1 (Frame:1).
[2020.02.28-21.38.23:036][  0]LogContentBrowser: Native class hierarchy updated for 'HierarchicalLODOutliner' in 0.0002 seconds. Added 0 classes and 0 folders.
[2020.02.28-21.38.23:036][  0]LogLoad: (Engine Initialization) Total time: 8.78 seconds
[2020.02.28-21.38.23:036][  0]LogLoad: (Engine Initialization) Total Blueprint compile time: 0.00 seconds
[2020.02.28-21.38.23:092][  0]LogAssetRegistry: Asset discovery search completed in 6.1161 seconds
[2020.02.28-21.38.23:097][  0]LogCollectionManager: Fixed up redirectors for 0 collections in 0.000010 seconds (updated 0 objects)
[2020.02.28-21.38.23:099][  0]LogContentStreaming: Texture pool size now 1000 MB
[2020.02.28-21.38.23:117][  0]LogSlate: Took 0.000100 seconds to synchronously load lazily loaded font '../../../Engine/Content/Slate/Fonts/Roboto-Light.ttf' (167K)
[2020.02.28-21.38.25:401][122]LogTemp: Repeating last play command: Selected Viewport
[2020.02.28-21.38.25:419][122]LogBlueprintUserMessages: Early PlayInEditor Detection: Level '/Game/Maps/Map_Menu.Map_Menu:PersistentLevel' has LevelScriptBlueprint '/Game/Maps/Map_Menu.Map_Menu:PersistentLevel.Map_Menu' with GeneratedClass '/Game/Maps/Map_Menu.Map_Menu_C' with ClassGeneratedBy '/Game/Maps/Map_Menu.Map_Menu:PersistentLevel.Map_Menu'
[2020.02.28-21.38.25:419][122]LogPlayLevel: PlayLevel: No blueprints needed recompiling
[2020.02.28-21.38.25:419][122]PIE: New page: PIE session: Map_Menu (28 févr. 2020 à 23:38:25)
[2020.02.28-21.38.25:420][122]LogOnline: OSS: Creating online subsystem instance for: NULL
[2020.02.28-21.38.25:421][122]LogOnline: OSS: TryLoadSubsystemAndSetDefault: Loaded subsystem for module [NULL]
[2020.02.28-21.38.25:421][122]LogPlayLevel: Creating play world package: /Game/Maps/UEDPIE_0_Map_Menu
[2020.02.28-21.38.25:457][122]LogPlayLevel: PIE: StaticDuplicateObject took: (0.036356s)
[2020.02.28-21.38.25:458][122]LogAIModule: Creating AISystem for world Map_Menu
[2020.02.28-21.38.25:458][122]LogPlayLevel: PIE: World Init took: (0.001179s)
[2020.02.28-21.38.25:458][122]LogPlayLevel: PIE: Created PIE world by copying editor world from /Game/Maps/Map_Menu.Map_Menu to /Game/Maps/UEDPIE_0_Map_Menu.Map_Menu (0.037750s)
[2020.02.28-21.38.25:484][122]LogUObjectHash: Compacting FUObjectHashTables data took   1.94ms
[2020.02.28-21.38.25:492][122]LogAudioMixer: Display: Audio Mixer Platform Settings:
[2020.02.28-21.38.25:492][122]LogAudioMixer: Display: 	Sample Rate:						  48000
[2020.02.28-21.38.25:492][122]LogAudioMixer: Display: 	Callback Buffer Frame Size Requested: 1024
[2020.02.28-21.38.25:492][122]LogAudioMixer: Display: 	Callback Buffer Frame Size To Use:	  1024
[2020.02.28-21.38.25:492][122]LogAudioMixer: Display: 	Number of buffers to queue:			  2
[2020.02.28-21.38.25:492][122]LogAudioMixer: Display: 	Max Channels (voices):				  32
[2020.02.28-21.38.25:492][122]LogAudioMixer: Display: 	Number of Async Source Workers:		  0
[2020.02.28-21.38.25:492][122]LogAudio: Display: AudioDevice MaxSources: 32
[2020.02.28-21.38.25:492][122]LogAudio: Display: Using built-in audio occlusion.
[2020.02.28-21.38.25:492][122]LogAudioMixer: Display: Initializing audio mixer.
[2020.02.28-21.38.25:512][122]LogAudioMixer: Display: Audio Device Output Speaker Info:
[2020.02.28-21.38.25:512][122]LogAudioMixer: Display: Name: Haut-parleurs (Realtek High Definition Audio)
[2020.02.28-21.38.25:512][122]LogAudioMixer: Display: Is Default: Yes
[2020.02.28-21.38.25:512][122]LogAudioMixer: Display: Sample Rate: 48000
[2020.02.28-21.38.25:512][122]LogAudioMixer: Display: Channel Count Used: 2
[2020.02.28-21.38.25:512][122]LogAudioMixer: Display: Device Channel Count: 2
[2020.02.28-21.38.25:512][122]LogAudioMixer: Display: Channel Order:
[2020.02.28-21.38.25:512][122]LogAudioMixer: Display: 0: FrontLeft
[2020.02.28-21.38.25:512][122]LogAudioMixer: Display: 1: FrontRight
[2020.02.28-21.38.25:590][122]LogAudioMixer: Display: Using Audio Device Haut-parleurs (Realtek High Definition Audio)
[2020.02.28-21.38.25:592][122]LogInit: FAudioDevice initialized.
[2020.02.28-21.38.25:609][122]LogLoad: Game class is 'ThirdPersonGameMode_C'
[2020.02.28-21.38.25:611][122]LogWorld: Bringing World /Game/Maps/UEDPIE_0_Map_Menu.Map_Menu up for play (max tick rate 60) at 2020.02.28-22.38.25
[2020.02.28-21.38.25:612][122]LogWorld: Bringing up level for play took: 0.001235
[2020.02.28-21.38.25:612][122]LogOnline: OSS: Creating online subsystem instance for: :Context_1
[2020.02.28-21.38.25:615][122]LogContentBrowser: Native class hierarchy updated for 'MovieSceneCapture' in 0.0004 seconds. Added 20 classes and 0 folders.
[2020.02.28-21.38.25:620][122]PIE: Play in editor start time for /Game/Maps/UEDPIE_0_Map_Menu 0,574
[2020.02.28-21.38.25:620][122]LogBlueprintUserMessages: Late PlayInEditor Detection: Level '/Game/Maps/Map_Menu.Map_Menu:PersistentLevel' has LevelScriptBlueprint '/Game/Maps/Map_Menu.Map_Menu:PersistentLevel.Map_Menu' with GeneratedClass '/Game/Maps/Map_Menu.Map_Menu_C' with ClassGeneratedBy '/Game/Maps/Map_Menu.Map_Menu:PersistentLevel.Map_Menu'
[2020.02.28-21.38.26:884][189]LogAudioMixer: Display: No commands were queued while flushing the source manager.
[2020.02.28-21.38.26:898][189]LogAudioMixer: Display: Flush succeeded in the source manager command queue (1).
[2020.02.28-21.38.26:918][189]LogAudioMixer: Display: Flush succeeded the source manager command queue (2).
[2020.02.28-21.38.26:918][189]LogBlueprintUserMessages: Early EndPlayMap Detection: Level '/Game/Maps/Map_Menu.Map_Menu:PersistentLevel' has LevelScriptBlueprint '/Game/Maps/Map_Menu.Map_Menu:PersistentLevel.Map_Menu' with GeneratedClass '/Game/Maps/Map_Menu.Map_Menu_C' with ClassGeneratedBy '/Game/Maps/Map_Menu.Map_Menu:PersistentLevel.Map_Menu'
[2020.02.28-21.38.26:918][189]LogSlate: Updating window title bar state: overlay mode, drag disabled, window buttons hidden, title bar hidden
[2020.02.28-21.38.26:918][189]LogWorld: BeginTearingDown for /Game/Maps/UEDPIE_0_Map_Menu
[2020.02.28-21.38.26:918][189]LogAudioMixer: Display: No commands were queued while flushing the source manager.
[2020.02.28-21.38.26:919][189]LogWorld: UWorld::CleanupWorld for Map_Menu, bSessionEnded=true, bCleanupResources=true
[2020.02.28-21.38.26:919][189]LogSlate: InvalidateAllWidgets triggered.  All widgets were invalidated
[2020.02.28-21.38.26:929][189]LogPlayLevel: Display: Shutting down PIE online subsystems
[2020.02.28-21.38.26:929][189]LogBlueprintUserMessages: Late EndPlayMap Detection: Level '/Game/Maps/Map_Menu.Map_Menu:PersistentLevel' has LevelScriptBlueprint '/Game/Maps/Map_Menu.Map_Menu:PersistentLevel.Map_Menu' with GeneratedClass '/Game/Maps/Map_Menu.Map_Menu_C' with ClassGeneratedBy '/Game/Maps/Map_Menu.Map_Menu:PersistentLevel.Map_Menu'
[2020.02.28-21.38.26:932][189]LogSlate: InvalidateAllWidgets triggered.  All widgets were invalidated
[2020.02.28-21.38.26:956][189]LogAudioMixer: Display: No commands were queued while flushing the source manager.
[2020.02.28-21.38.26:960][189]LogSlate: Updating window title bar state: overlay mode, drag disabled, window buttons hidden, title bar hidden
[2020.02.28-21.38.26:964][189]LogUObjectHash: Compacting FUObjectHashTables data took   1.95ms
[2020.02.28-21.38.27:002][191]LogPlayLevel: Display: Destroying online subsystem :Context_1
[2020.02.28-21.38.29:892][359]LogTemp: Repeating last play command: Selected Viewport
[2020.02.28-21.38.29:910][359]LogBlueprintUserMessages: Early PlayInEditor Detection: Level '/Game/Maps/Map_Menu.Map_Menu:PersistentLevel' has LevelScriptBlueprint '/Game/Maps/Map_Menu.Map_Menu:PersistentLevel.Map_Menu' with GeneratedClass '/Game/Maps/Map_Menu.Map_Menu_C' with ClassGeneratedBy '/Game/Maps/Map_Menu.Map_Menu:PersistentLevel.Map_Menu'
[2020.02.28-21.38.29:910][359]LogPlayLevel: PlayLevel: No blueprints needed recompiling
[2020.02.28-21.38.29:910][359]PIE: New page: PIE session: Map_Menu (28 févr. 2020 à 23:38:29)
[2020.02.28-21.38.29:910][359]LogPlayLevel: Creating play world package: /Game/Maps/UEDPIE_0_Map_Menu
[2020.02.28-21.38.29:946][359]LogPlayLevel: PIE: StaticDuplicateObject took: (0.035625s)
[2020.02.28-21.38.29:947][359]LogAIModule: Creating AISystem for world Map_Menu
[2020.02.28-21.38.29:947][359]LogPlayLevel: PIE: World Init took: (0.001102s)
[2020.02.28-21.38.29:947][359]LogPlayLevel: PIE: Created PIE world by copying editor world from /Game/Maps/Map_Menu.Map_Menu to /Game/Maps/UEDPIE_0_Map_Menu.Map_Menu (0.036888s)
[2020.02.28-21.38.29:973][359]LogUObjectHash: Compacting FUObjectHashTables data took   1.45ms
[2020.02.28-21.38.29:973][359]LogAudioMixer: Display: Audio Mixer Platform Settings:
[2020.02.28-21.38.29:973][359]LogAudioMixer: Display: 	Sample Rate:						  48000
[2020.02.28-21.38.29:973][359]LogAudioMixer: Display: 	Callback Buffer Frame Size Requested: 1024
[2020.02.28-21.38.29:973][359]LogAudioMixer: Display: 	Callback Buffer Frame Size To Use:	  1024
[2020.02.28-21.38.29:973][359]LogAudioMixer: Display: 	Number of buffers to queue:			  2
[2020.02.28-21.38.29:973][359]LogAudioMixer: Display: 	Max Channels (voices):				  32
[2020.02.28-21.38.29:973][359]LogAudioMixer: Display: 	Number of Async Source Workers:		  0
[2020.02.28-21.38.29:973][359]LogAudio: Display: AudioDevice MaxSources: 32
[2020.02.28-21.38.29:974][359]LogAudio: Display: Using built-in audio occlusion.
[2020.02.28-21.38.29:974][359]LogAudioMixer: Display: Initializing audio mixer.
[2020.02.28-21.38.29:992][359]LogAudioMixer: Display: Audio Device Output Speaker Info:
[2020.02.28-21.38.29:992][359]LogAudioMixer: Display: Name: Haut-parleurs (Realtek High Definition Audio)
[2020.02.28-21.38.29:992][359]LogAudioMixer: Display: Is Default: Yes
[2020.02.28-21.38.29:992][359]LogAudioMixer: Display: Sample Rate: 48000
[2020.02.28-21.38.29:992][359]LogAudioMixer: Display: Channel Count Used: 2
[2020.02.28-21.38.29:992][359]LogAudioMixer: Display: Device Channel Count: 2
[2020.02.28-21.38.29:992][359]LogAudioMixer: Display: Channel Order:
[2020.02.28-21.38.29:992][359]LogAudioMixer: Display: 0: FrontLeft
[2020.02.28-21.38.29:992][359]LogAudioMixer: Display: 1: FrontRight
[2020.02.28-21.38.30:083][359]LogAudioMixer: Display: Using Audio Device Haut-parleurs (Realtek High Definition Audio)
[2020.02.28-21.38.30:084][359]LogInit: FAudioDevice initialized.
[2020.02.28-21.38.30:096][359]LogLoad: Game class is 'ThirdPersonGameMode_C'
[2020.02.28-21.38.30:098][359]LogWorld: Bringing World /Game/Maps/UEDPIE_0_Map_Menu.Map_Menu up for play (max tick rate 60) at 2020.02.28-22.38.30
[2020.02.28-21.38.30:098][359]LogWorld: Bringing up level for play took: 0.000910
[2020.02.28-21.38.30:098][359]LogOnline: OSS: Creating online subsystem instance for: :Context_2
[2020.02.28-21.38.30:102][359]PIE: Play in editor start time for /Game/Maps/UEDPIE_0_Map_Menu 1,055
[2020.02.28-21.38.30:102][359]LogBlueprintUserMessages: Late PlayInEditor Detection: Level '/Game/Maps/Map_Menu.Map_Menu:PersistentLevel' has LevelScriptBlueprint '/Game/Maps/Map_Menu.Map_Menu:PersistentLevel.Map_Menu' with GeneratedClass '/Game/Maps/Map_Menu.Map_Menu_C' with ClassGeneratedBy '/Game/Maps/Map_Menu.Map_Menu:PersistentLevel.Map_Menu'
[2020.02.28-21.38.32:596][499]LogAudioMixer: Display: No commands were queued while flushing the source manager.
[2020.02.28-21.38.32:597][499]LogAudioMixer: Display: Flush succeeded in the source manager command queue (1).
[2020.02.28-21.38.32:618][499]LogAudioMixer: Display: Flush succeeded the source manager command queue (2).
[2020.02.28-21.38.32:618][499]LogBlueprintUserMessages: Early EndPlayMap Detection: Level '/Game/Maps/Map_Menu.Map_Menu:PersistentLevel' has LevelScriptBlueprint '/Game/Maps/Map_Menu.Map_Menu:PersistentLevel.Map_Menu' with GeneratedClass '/Game/Maps/Map_Menu.Map_Menu_C' with ClassGeneratedBy '/Game/Maps/Map_Menu.Map_Menu:PersistentLevel.Map_Menu'
[2020.02.28-21.38.32:618][499]LogSlate: Updating window title bar state: overlay mode, drag disabled, window buttons hidden, title bar hidden
[2020.02.28-21.38.32:618][499]LogWorld: BeginTearingDown for /Game/Maps/UEDPIE_0_Map_Menu
[2020.02.28-21.38.32:618][499]LogAudioMixer: Display: No commands were queued while flushing the source manager.
[2020.02.28-21.38.32:618][499]LogWorld: UWorld::CleanupWorld for Map_Menu, bSessionEnded=true, bCleanupResources=true
[2020.02.28-21.38.32:618][499]LogSlate: InvalidateAllWidgets triggered.  All widgets were invalidated
[2020.02.28-21.38.32:629][499]LogPlayLevel: Display: Shutting down PIE online subsystems
[2020.02.28-21.38.32:629][499]LogBlueprintUserMessages: Late EndPlayMap Detection: Level '/Game/Maps/Map_Menu.Map_Menu:PersistentLevel' has LevelScriptBlueprint '/Game/Maps/Map_Menu.Map_Menu:PersistentLevel.Map_Menu' with GeneratedClass '/Game/Maps/Map_Menu.Map_Menu_C' with ClassGeneratedBy '/Game/Maps/Map_Menu.Map_Menu:PersistentLevel.Map_Menu'
[2020.02.28-21.38.32:632][499]LogSlate: InvalidateAllWidgets triggered.  All widgets were invalidated
[2020.02.28-21.38.32:655][499]LogAudioMixer: Display: No commands were queued while flushing the source manager.
[2020.02.28-21.38.32:659][499]LogSlate: Updating window title bar state: overlay mode, drag disabled, window buttons hidden, title bar hidden
[2020.02.28-21.38.32:663][499]LogUObjectHash: Compacting FUObjectHashTables data took   1.65ms
[2020.02.28-21.38.32:711][501]LogPlayLevel: Display: Destroying online subsystem :Context_2
[2020.02.28-21.38.38:689][857]LogSlate: Took 0.003843 seconds to synchronously load lazily loaded font '../../../Engine/Content/Slate/Fonts/DroidSansFallback.ttf' (3848K)
[2020.02.28-21.39.21:715][409]LogSlate: Took 0.000177 seconds to synchronously load lazily loaded font '../../../Engine/Content/Slate/Fonts/Roboto-Light.ttf' (167K)
[2020.02.28-21.39.21:738][409]LogAssetEditorSubsystem: Opening Asset editor for WidgetBlueprint /Game/UI/UI_MenuGame.UI_MenuGame
[2020.02.28-21.39.21:918][409]LogContentBrowser: Native class hierarchy updated for 'BlueprintGraph' in 0.0005 seconds. Added 121 classes and 0 folders.
[2020.02.28-21.39.23:065][409]LogSlate: Took 0.000154 seconds to synchronously load lazily loaded font '../../../Engine/Content/Slate/Fonts/Roboto-BoldCondensed.ttf' (158K)
[2020.02.28-21.47.33:778][562]BlueprintLog: New page: Compile UI_MenuGame
[2020.02.28-21.47.34:073][562]LogUObjectHash: Compacting FUObjectHashTables data took   4.96ms
[2020.02.28-21.47.34:646][592]Cmd: OBJ SAVEPACKAGE PACKAGE="/Game/UI/UI_MenuGame" FILE="../../../../../jeux indé/Jeux-TBG2/Jeux/Content/UI/UI_MenuGame.uasset" SILENT=true
[2020.02.28-21.47.34:659][592]LogSavePackage: Moving '../../../../../jeux indé/Jeux-TBG2/Jeux/Saved/UI_MenuGame4BAB1F734BDEF5A5D5D370A6D5784928.tmp' to '../../../../../jeux indé/Jeux-TBG2/Jeux/Content/UI/UI_MenuGame.uasset'
[2020.02.28-21.47.34:680][592]AssetCheck: New page: Asset Save: UI_MenuGame
[2020.02.28-21.47.34:680][592]LogContentValidation: Display: Validating WidgetBlueprint /Game/UI/UI_MenuGame.UI_MenuGame
[2020.02.28-21.47.36:268][684]LogSlate: Window 'UI_MenuGame' being destroyed
[2020.02.28-21.47.36:277][684]LogSlate: Window 'UI_MenuGame' being destroyed
[2020.02.28-21.47.36:280][684]LogWorld: UWorld::CleanupWorld for World_1, bSessionEnded=true, bCleanupResources=true
[2020.02.28-21.47.36:280][684]LogSlate: InvalidateAllWidgets triggered.  All widgets were invalidated
[2020.02.28-21.47.36:309][684]LogWorld: UWorld::CleanupWorld for World_0, bSessionEnded=true, bCleanupResources=true
[2020.02.28-21.47.36:309][684]LogSlate: InvalidateAllWidgets triggered.  All widgets were invalidated
[2020.02.28-21.47.40:799][940]LogAIModule: Creating AISystem for world Map_Level01
[2020.02.28-21.47.40:807][940]LogAssetEditorSubsystem: Opening Asset editor for World /Game/Maps/Map_Level01.Map_Level01
[2020.02.28-21.47.40:867][940]LogUObjectHash: Compacting FUObjectHashTables data took   4.23ms
[2020.02.28-21.47.40:869][940]Cmd: MAP LOAD FILE="../../../../../jeux indé/Jeux-TBG2/Jeux/Content/Maps/Map_Level01.umap" TEMPLATE=0 SHOWPROGRESS=1 FEATURELEVEL=3
[2020.02.28-21.47.40:871][940]LightingResults: New page: Lighting Build
[2020.02.28-21.47.40:873][940]LoadErrors: New page: Loading map: Map_Level01.umap
[2020.02.28-21.47.40:873][940]LogWorld: UWorld::CleanupWorld for Map_Menu, bSessionEnded=true, bCleanupResources=true
[2020.02.28-21.47.40:873][940]LogSlate: InvalidateAllWidgets triggered.  All widgets were invalidated
[2020.02.28-21.47.40:873][940]MapCheck: New page: Map Check
[2020.02.28-21.47.40:873][940]LightingResults: New page: Lighting Build
[2020.02.28-21.47.40:928][940]LogUObjectHash: Compacting FUObjectHashTables data took   4.66ms
[2020.02.28-21.47.41:064][940]LogEditorServer: Finished looking for orphan Actors (0.000 secs)
[2020.02.28-21.47.41:097][940]LogUObjectHash: Compacting FUObjectHashTables data took   2.51ms
[2020.02.28-21.47.41:135][940]Cmd: MAP CHECKDEP NOCLEARLOG
[2020.02.28-21.47.41:135][940]MapCheck: Map check complete: 0 Error(s), 0 Warning(s), took 0,081ms to complete.
[2020.02.28-21.47.41:135][940]LogFileHelpers: Loading map 'Map_Level01' took 0.267
[2020.02.28-21.47.48:023][334]LogAssetEditorSubsystem: Opening Asset editor for LevelScriptBlueprint /Game/Maps/Map_Level01.Map_Level01:PersistentLevel.Map_Level01
[2020.02.28-21.47.48:475][335]LogSlate: Took 0.000620 seconds to synchronously load lazily loaded font '../../../Engine/Content/Slate/Fonts/Roboto-Italic.ttf' (157K)
[2020.02.28-21.48.02:623][178]LogSlate: Window 'Map_Level01' being destroyed
[2020.02.28-21.48.02:629][178]LogSlate: Window 'Map_Level01' being destroyed
[2020.02.28-21.48.02:629][178]LogWorld: UWorld::CleanupWorld for World_4, bSessionEnded=true, bCleanupResources=true
[2020.02.28-21.48.02:629][178]LogSlate: InvalidateAllWidgets triggered.  All widgets were invalidated
[2020.02.28-21.48.54:325][262]LogEditorViewport: Clicking on Actor (LMB): BP_Sky_Sphere_C (Sky Sphere)
[2020.02.28-21.48.56:331][379]LogEditorViewport: Clicking on Actor (LMB): Landscape (Landscape2)
[2020.02.28-21.48.57:353][438]LogEditorViewport: Clicking on Actor (context menu): BP_Sky_Sphere_C (Sky Sphere)
[2020.02.28-21.48.58:049][476]LogEditorViewport: Clicking on Actor (LMB): BP_Sky_Sphere_C (Sky Sphere)
[2020.02.28-21.49.18:795][687]LogTemp: Repeating last play command: Selected Viewport
[2020.02.28-21.49.18:815][687]LogBlueprintUserMessages: Early PlayInEditor Detection: Level '/Game/Maps/Map_Level01.Map_Level01:PersistentLevel' has LevelScriptBlueprint '/Game/Maps/Map_Level01.Map_Level01:PersistentLevel.Map_Level01' with GeneratedClass '/Game/Maps/Map_Level01.Map_Level01_C' with ClassGeneratedBy '/Game/Maps/Map_Level01.Map_Level01:PersistentLevel.Map_Level01'
[2020.02.28-21.49.18:816][687]LogPlayLevel: PlayLevel: No blueprints needed recompiling
[2020.02.28-21.49.18:816][687]PIE: New page: PIE session: Map_Level01 (28 févr. 2020 à 23:49:18)
[2020.02.28-21.49.18:816][687]LogPlayLevel: Creating play world package: /Game/Maps/UEDPIE_0_Map_Level01
[2020.02.28-21.49.18:873][687]LogPlayLevel: PIE: StaticDuplicateObject took: (0.056672s)
[2020.02.28-21.49.18:874][687]LogAIModule: Creating AISystem for world Map_Level01
[2020.02.28-21.49.18:874][687]LogPlayLevel: PIE: World Init took: (0.001149s)
[2020.02.28-21.49.18:874][687]LogPlayLevel: PIE: Created PIE world by copying editor world from /Game/Maps/Map_Level01.Map_Level01 to /Game/Maps/UEDPIE_0_Map_Level01.Map_Level01 (0.057981s)
[2020.02.28-21.49.18:909][687]LogUObjectHash: Compacting FUObjectHashTables data took   3.45ms
[2020.02.28-21.49.18:914][687]LogAudioMixer: Display: Audio Mixer Platform Settings:
[2020.02.28-21.49.18:914][687]LogAudioMixer: Display: 	Sample Rate:						  48000
[2020.02.28-21.49.18:914][687]LogAudioMixer: Display: 	Callback Buffer Frame Size Requested: 1024
[2020.02.28-21.49.18:914][687]LogAudioMixer: Display: 	Callback Buffer Frame Size To Use:	  1024
[2020.02.28-21.49.18:914][687]LogAudioMixer: Display: 	Number of buffers to queue:			  2
[2020.02.28-21.49.18:914][687]LogAudioMixer: Display: 	Max Channels (voices):				  32
[2020.02.28-21.49.18:914][687]LogAudioMixer: Display: 	Number of Async Source Workers:		  0
[2020.02.28-21.49.18:914][687]LogAudio: Display: AudioDevice MaxSources: 32
[2020.02.28-21.49.18:915][687]LogAudio: Display: Using built-in audio occlusion.
[2020.02.28-21.49.18:915][687]LogAudioMixer: Display: Initializing audio mixer.
[2020.02.28-21.49.18:934][687]LogAudioMixer: Display: Audio Device Output Speaker Info:
[2020.02.28-21.49.18:934][687]LogAudioMixer: Display: Name: Haut-parleurs (Realtek High Definition Audio)
[2020.02.28-21.49.18:934][687]LogAudioMixer: Display: Is Default: Yes
[2020.02.28-21.49.18:934][687]LogAudioMixer: Display: Sample Rate: 48000
[2020.02.28-21.49.18:934][687]LogAudioMixer: Display: Channel Count Used: 2
[2020.02.28-21.49.18:934][687]LogAudioMixer: Display: Device Channel Count: 2
[2020.02.28-21.49.18:934][687]LogAudioMixer: Display: Channel Order:
[2020.02.28-21.49.18:934][687]LogAudioMixer: Display: 0: FrontLeft
[2020.02.28-21.49.18:934][687]LogAudioMixer: Display: 1: FrontRight
[2020.02.28-21.49.19:015][687]LogAudioMixer: Display: Using Audio Device Haut-parleurs (Realtek High Definition Audio)
[2020.02.28-21.49.19:017][687]LogInit: FAudioDevice initialized.
[2020.02.28-21.49.19:029][687]LogLoad: Game class is 'ThirdPersonGameMode_C'
[2020.02.28-21.49.19:031][687]LogWorld: Bringing World /Game/Maps/UEDPIE_0_Map_Level01.Map_Level01 up for play (max tick rate 60) at 2020.02.28-22.49.19
[2020.02.28-21.49.19:031][687]LogWorld: Bringing up level for play took: 0.001273
[2020.02.28-21.49.19:031][687]LogOnline: OSS: Creating online subsystem instance for: :Context_8
[2020.02.28-21.49.19:035][687]PIE: Play in editor start time for /Game/Maps/UEDPIE_0_Map_Level01 -0,011
[2020.02.28-21.49.19:036][687]LogBlueprintUserMessages: Late PlayInEditor Detection: Level '/Game/Maps/Map_Level01.Map_Level01:PersistentLevel' has LevelScriptBlueprint '/Game/Maps/Map_Level01.Map_Level01:PersistentLevel.Map_Level01' with GeneratedClass '/Game/Maps/Map_Level01.Map_Level01_C' with ClassGeneratedBy '/Game/Maps/Map_Level01.Map_Level01:PersistentLevel.Map_Level01'
[2020.02.28-21.49.36:545][731]LogAudioMixer: Display: No commands were queued while flushing the source manager.
[2020.02.28-21.49.36:545][731]LogAudioMixer: Display: No commands were queued while flushing the source manager.
[2020.02.28-21.49.36:545][731]LogBlueprintUserMessages: Early EndPlayMap Detection: Level '/Game/Maps/Map_Level01.Map_Level01:PersistentLevel' has LevelScriptBlueprint '/Game/Maps/Map_Level01.Map_Level01:PersistentLevel.Map_Level01' with GeneratedClass '/Game/Maps/Map_Level01.Map_Level01_C' with ClassGeneratedBy '/Game/Maps/Map_Level01.Map_Level01:PersistentLevel.Map_Level01'
[2020.02.28-21.49.36:545][731]LogSlate: Updating window title bar state: overlay mode, drag disabled, window buttons hidden, title bar hidden
[2020.02.28-21.49.36:546][731]LogWorld: BeginTearingDown for /Game/Maps/UEDPIE_0_Map_Level01
[2020.02.28-21.49.36:546][731]LogAudioMixer: Display: No commands were queued while flushing the source manager.
[2020.02.28-21.49.36:546][731]LogWorld: UWorld::CleanupWorld for Map_Level01, bSessionEnded=true, bCleanupResources=true
[2020.02.28-21.49.36:547][731]LogSlate: InvalidateAllWidgets triggered.  All widgets were invalidated
[2020.02.28-21.49.36:561][731]LogPlayLevel: Display: Shutting down PIE online subsystems
[2020.02.28-21.49.36:562][731]LogBlueprintUserMessages: Late EndPlayMap Detection: Level '/Game/Maps/Map_Level01.Map_Level01:PersistentLevel' has LevelScriptBlueprint '/Game/Maps/Map_Level01.Map_Level01:PersistentLevel.Map_Level01' with GeneratedClass '/Game/Maps/Map_Level01.Map_Level01_C' with ClassGeneratedBy '/Game/Maps/Map_Level01.Map_Level01:PersistentLevel.Map_Level01'
[2020.02.28-21.49.36:568][731]LogSlate: InvalidateAllWidgets triggered.  All widgets were invalidated
[2020.02.28-21.49.36:600][731]LogAudioMixer: Display: No commands were queued while flushing the source manager.
[2020.02.28-21.49.36:604][731]LogSlate: Updating window title bar state: overlay mode, drag disabled, window buttons hidden, title bar hidden
[2020.02.28-21.49.36:608][731]LogUObjectHash: Compacting FUObjectHashTables data took   2.61ms
[2020.02.28-21.49.36:655][733]LogPlayLevel: Display: Destroying online subsystem :Context_8
[2020.02.28-21.49.36:873][746]Cmd: SELECT NONE
[2020.02.28-21.49.58:693][ 20]LogEditorViewport: Clicking on Actor (LMB): Landscape (Landscape2)
[2020.02.28-21.50.02:677][249]LogTemp: Repeating last play command: Selected Viewport
[2020.02.28-21.50.02:697][249]LogBlueprintUserMessages: Early PlayInEditor Detection: Level '/Game/Maps/Map_Level01.Map_Level01:PersistentLevel' has LevelScriptBlueprint '/Game/Maps/Map_Level01.Map_Level01:PersistentLevel.Map_Level01' with GeneratedClass '/Game/Maps/Map_Level01.Map_Level01_C' with ClassGeneratedBy '/Game/Maps/Map_Level01.Map_Level01:PersistentLevel.Map_Level01'
[2020.02.28-21.50.02:697][249]LogPlayLevel: PlayLevel: No blueprints needed recompiling
[2020.02.28-21.50.02:697][249]PIE: New page: PIE session: Map_Level01 (28 févr. 2020 à 23:50:02)
[2020.02.28-21.50.02:697][249]LogPlayLevel: Creating play world package: /Game/Maps/UEDPIE_0_Map_Level01
[2020.02.28-21.50.02:750][249]LogPlayLevel: PIE: StaticDuplicateObject took: (0.052929s)
[2020.02.28-21.50.02:751][249]LogAIModule: Creating AISystem for world Map_Level01
[2020.02.28-21.50.02:751][249]LogPlayLevel: PIE: World Init took: (0.000899s)
[2020.02.28-21.50.02:751][249]LogPlayLevel: PIE: Created PIE world by copying editor world from /Game/Maps/Map_Level01.Map_Level01 to /Game/Maps/UEDPIE_0_Map_Level01.Map_Level01 (0.053971s)
[2020.02.28-21.50.02:780][249]LogUObjectHash: Compacting FUObjectHashTables data took   2.58ms
[2020.02.28-21.50.02:782][249]LogAudioMixer: Display: Audio Mixer Platform Settings:
[2020.02.28-21.50.02:782][249]LogAudioMixer: Display: 	Sample Rate:						  48000
[2020.02.28-21.50.02:782][249]LogAudioMixer: Display: 	Callback Buffer Frame Size Requested: 1024
[2020.02.28-21.50.02:782][249]LogAudioMixer: Display: 	Callback Buffer Frame Size To Use:	  1024
[2020.02.28-21.50.02:782][249]LogAudioMixer: Display: 	Number of buffers to queue:			  2
[2020.02.28-21.50.02:782][249]LogAudioMixer: Display: 	Max Channels (voices):				  32
[2020.02.28-21.50.02:782][249]LogAudioMixer: Display: 	Number of Async Source Workers:		  0
[2020.02.28-21.50.02:782][249]LogAudio: Display: AudioDevice MaxSources: 32
[2020.02.28-21.50.02:782][249]LogAudio: Display: Using built-in audio occlusion.
[2020.02.28-21.50.02:782][249]LogAudioMixer: Display: Initializing audio mixer.
[2020.02.28-21.50.02:801][249]LogAudioMixer: Display: Audio Device Output Speaker Info:
[2020.02.28-21.50.02:801][249]LogAudioMixer: Display: Name: Haut-parleurs (Realtek High Definition Audio)
[2020.02.28-21.50.02:801][249]LogAudioMixer: Display: Is Default: Yes
[2020.02.28-21.50.02:801][249]LogAudioMixer: Display: Sample Rate: 48000
[2020.02.28-21.50.02:801][249]LogAudioMixer: Display: Channel Count Used: 2
[2020.02.28-21.50.02:801][249]LogAudioMixer: Display: Device Channel Count: 2
[2020.02.28-21.50.02:801][249]LogAudioMixer: Display: Channel Order:
[2020.02.28-21.50.02:801][249]LogAudioMixer: Display: 0: FrontLeft
[2020.02.28-21.50.02:801][249]LogAudioMixer: Display: 1: FrontRight
[2020.02.28-21.50.02:880][249]LogAudioMixer: Display: Using Audio Device Haut-parleurs (Realtek High Definition Audio)
[2020.02.28-21.50.02:882][249]LogInit: FAudioDevice initialized.
[2020.02.28-21.50.02:893][249]LogLoad: Game class is 'ThirdPersonGameMode_C'
[2020.02.28-21.50.02:895][249]LogWorld: Bringing World /Game/Maps/UEDPIE_0_Map_Level01.Map_Level01 up for play (max tick rate 60) at 2020.02.28-22.50.02
[2020.02.28-21.50.02:895][249]LogWorld: Bringing up level for play took: 0.001368
[2020.02.28-21.50.02:895][249]LogOnline: OSS: Creating online subsystem instance for: :Context_9
[2020.02.28-21.50.02:899][249]PIE: Play in editor start time for /Game/Maps/UEDPIE_0_Map_Level01 -0,147
[2020.02.28-21.50.02:900][249]LogBlueprintUserMessages: Late PlayInEditor Detection: Level '/Game/Maps/Map_Level01.Map_Level01:PersistentLevel' has LevelScriptBlueprint '/Game/Maps/Map_Level01.Map_Level01:PersistentLevel.Map_Level01' with GeneratedClass '/Game/Maps/Map_Level01.Map_Level01_C' with ClassGeneratedBy '/Game/Maps/Map_Level01.Map_Level01:PersistentLevel.Map_Level01'
[2020.02.28-21.50.56:368][444]LogAudioMixer: Display: No commands were queued while flushing the source manager.
[2020.02.28-21.50.56:368][444]LogAudioMixer: Display: No commands were queued while flushing the source manager.
[2020.02.28-21.50.56:368][444]LogBlueprintUserMessages: Early EndPlayMap Detection: Level '/Game/Maps/Map_Level01.Map_Level01:PersistentLevel' has LevelScriptBlueprint '/Game/Maps/Map_Level01.Map_Level01:PersistentLevel.Map_Level01' with GeneratedClass '/Game/Maps/Map_Level01.Map_Level01_C' with ClassGeneratedBy '/Game/Maps/Map_Level01.Map_Level01:PersistentLevel.Map_Level01'
[2020.02.28-21.50.56:369][444]LogSlate: Updating window title bar state: overlay mode, drag disabled, window buttons hidden, title bar hidden
[2020.02.28-21.50.56:369][444]LogWorld: BeginTearingDown for /Game/Maps/UEDPIE_0_Map_Level01
[2020.02.28-21.50.56:370][444]LogAudioMixer: Display: No commands were queued while flushing the source manager.
[2020.02.28-21.50.56:370][444]LogWorld: UWorld::CleanupWorld for Map_Level01, bSessionEnded=true, bCleanupResources=true
[2020.02.28-21.50.56:371][444]LogSlate: InvalidateAllWidgets triggered.  All widgets were invalidated
[2020.02.28-21.50.56:385][444]LogPlayLevel: Display: Shutting down PIE online subsystems
[2020.02.28-21.50.56:385][444]LogBlueprintUserMessages: Late EndPlayMap Detection: Level '/Game/Maps/Map_Level01.Map_Level01:PersistentLevel' has LevelScriptBlueprint '/Game/Maps/Map_Level01.Map_Level01:PersistentLevel.Map_Level01' with GeneratedClass '/Game/Maps/Map_Level01.Map_Level01_C' with ClassGeneratedBy '/Game/Maps/Map_Level01.Map_Level01:PersistentLevel.Map_Level01'
[2020.02.28-21.50.56:391][444]LogSlate: InvalidateAllWidgets triggered.  All widgets were invalidated
[2020.02.28-21.50.56:423][444]LogAudioMixer: Display: No commands were queued while flushing the source manager.
[2020.02.28-21.50.56:428][444]LogSlate: Updating window title bar state: overlay mode, drag disabled, window buttons hidden, title bar hidden
[2020.02.28-21.50.56:433][444]LogUObjectHash: Compacting FUObjectHashTables data took   2.69ms
[2020.02.28-21.50.56:480][446]LogPlayLevel: Display: Destroying online subsystem :Context_9
[2020.02.28-21.51.06:847][961]LogAssetEditorSubsystem: Opening Asset editor for Blueprint /Game/ThirdPersonBP/Blueprints/ThirdPersonCharacter.ThirdPersonCharacter
[2020.02.28-21.51.14:199][348]LogRenderer: Reallocating scene render targets to support 1004x600 Format 10 NumSamples 1 (Frame:1).
[2020.02.28-21.53.35:863][ 35]LogSlate: Window 'Project Settings' being destroyed
[2020.02.28-21.53.35:875][ 35]LogSlate: Window 'Project Settings' being destroyed
[2020.02.28-21.55.48:919][583]BlueprintLog: New page: Compile ThirdPersonCharacter
[2020.02.28-21.55.49:281][583]LogUObjectHash: Compacting FUObjectHashTables data took   5.63ms
[2020.02.28-21.55.49:680][596]Cmd: OBJ SAVEPACKAGE PACKAGE="/Game/ThirdPersonBP/Blueprints/ThirdPersonCharacter" FILE="../../../../../jeux indé/Jeux-TBG2/Jeux/Content/ThirdPersonBP/Blueprints/ThirdPersonCharacter.uasset" SILENT=true
[2020.02.28-21.55.49:812][596]LogSavePackage: Moving '../../../../../jeux indé/Jeux-TBG2/Jeux/Saved/ThirdPersonCharacterF0FFEA37485645B417F5FBB88336299A.tmp' to '../../../../../jeux indé/Jeux-TBG2/Jeux/Content/ThirdPersonBP/Blueprints/ThirdPersonCharacter.uasset'
[2020.02.28-21.55.49:847][596]AssetCheck: New page: Asset Save: ThirdPersonCharacter
[2020.02.28-21.55.49:847][596]LogContentValidation: Display: Validating Blueprint /Game/ThirdPersonBP/Blueprints/ThirdPersonCharacter.ThirdPersonCharacter
[2020.02.28-21.57.12:220][225]Cmd: OBJ SAVEPACKAGE PACKAGE="/Game/ThirdPersonBP/Blueprints/ThirdPersonCharacter" FILE="../../../../../jeux indé/Jeux-TBG2/Jeux/Content/ThirdPersonBP/Blueprints/ThirdPersonCharacter.uasset" SILENT=true
[2020.02.28-21.57.12:279][225]LogSavePackage: Moving '../../../../../jeux indé/Jeux-TBG2/Jeux/Saved/ThirdPersonCharacter983D9B2E4406285124A1AE96051FC897.tmp' to '../../../../../jeux indé/Jeux-TBG2/Jeux/Content/ThirdPersonBP/Blueprints/ThirdPersonCharacter.uasset'
[2020.02.28-21.57.12:298][225]AssetCheck: New page: Asset Save: ThirdPersonCharacter
[2020.02.28-21.57.12:298][225]LogContentValidation: Display: Validating Blueprint /Game/ThirdPersonBP/Blueprints/ThirdPersonCharacter.ThirdPersonCharacter
[2020.02.28-21.57.12:964][262]BlueprintLog: New page: Compile ThirdPersonCharacter
[2020.02.28-21.57.13:305][262]LogUObjectHash: Compacting FUObjectHashTables data took   5.00ms
[2020.02.28-21.57.21:118][619]LogSlate: Window 'Tutorials' being destroyed
[2020.02.28-21.58.52:602][791]LogUObjectHash: Compacting FUObjectHashTables data took   9.19ms
[2020.02.28-21.58.52:604][791]Cmd: OBJ SAVEPACKAGE PACKAGE="/Game/Maps/Map_Level01" FILE="../../../../../jeux indé/Jeux-TBG2/Jeux/Saved/Autosaves/Game/Maps/Map_Level01_Auto1.umap" SILENT=true AUTOSAVING=true KEEPDIRTY=false
[2020.02.28-21.58.53:116][791]LogSavePackage: Moving '../../../../../jeux indé/Jeux-TBG2/Jeux/Saved/Map_Level01_Auto1F40B30D0499C46727390B19450C8D7AC.tmp' to '../../../../../jeux indé/Jeux-TBG2/Jeux/Saved/Autosaves/Game/Maps/Map_Level01_Auto1.umap'
[2020.02.28-21.58.53:140][791]LogFileHelpers: Editor autosave (incl. sublevels) for '/Game/Maps/Map_Level01' took 0.600
[2020.02.28-21.58.53:140][791]LogFileHelpers: Editor autosave (incl. sublevels) for all levels took 0.600
[2020.02.28-22.02.39:650][556]LogSlate: Window 'ThirdPersonCharacter' being destroyed
[2020.02.28-22.02.39:666][556]LogSlate: Window 'ThirdPersonCharacter' being destroyed
[2020.02.28-22.02.39:667][556]LogWorld: UWorld::CleanupWorld for World_5, bSessionEnded=true, bCleanupResources=true
[2020.02.28-22.02.39:668][556]LogSlate: InvalidateAllWidgets triggered.  All widgets were invalidated
[2020.02.28-22.08.26:033][ 25]LogAssetEditorSubsystem: Opening Asset editor for Blueprint /Game/ThirdPersonBP/Blueprints/ThirdPersonCharacter.ThirdPersonCharacter
[2020.02.28-22.10.39:285][232]LogUObjectHash: Compacting FUObjectHashTables data took  14.61ms
[2020.02.28-22.10.39:287][232]LogFileHelpers: Editor autosave (incl. sublevels) for '/Game/Maps/Map_Level01' took 0.118
[2020.02.28-22.10.39:288][232]OBJ SavePackage: Generating thumbnails for [1] asset(s) in package [/Game/ThirdPersonBP/Blueprints/ThirdPersonCharacter] ([1] browsable assets)...
[2020.02.28-22.10.39:329][232]OBJ SavePackage:     Rendered thumbnail for [Blueprint /Game/ThirdPersonBP/Blueprints/ThirdPersonCharacter.ThirdPersonCharacter]
[2020.02.28-22.10.39:329][232]OBJ SavePackage: Finished generating thumbnails for package [/Game/ThirdPersonBP/Blueprints/ThirdPersonCharacter]
[2020.02.28-22.10.39:727][232]LogSavePackage: Moving '../../../../../jeux indé/Jeux-TBG2/Jeux/Saved/ThirdPersonCharacter_Auto292C2B56445F59BBB9D1D2CAD28A3E3D3.tmp' to '../../../../../jeux indé/Jeux-TBG2/Jeux/Saved/Autosaves/Game/ThirdPersonBP/Blueprints/ThirdPersonCharacter_Auto2.uasset'
[2020.02.28-22.10.39:729][232]LogFileHelpers: Auto-saving content packages took 0.441
[2020.02.28-22.11.05:500][349]BlueprintLog: New page: Compile ThirdPersonCharacter
[2020.02.28-22.11.05:977][349]LogUObjectHash: Compacting FUObjectHashTables data took   6.51ms
[2020.02.28-22.11.06:446][358]Cmd: OBJ SAVEPACKAGE PACKAGE="/Game/ThirdPersonBP/Blueprints/ThirdPersonCharacter" FILE="../../../../../jeux indé/Jeux-TBG2/Jeux/Content/ThirdPersonBP/Blueprints/ThirdPersonCharacter.uasset" SILENT=true
[2020.02.28-22.11.06:538][358]LogSavePackage: Moving '../../../../../jeux indé/Jeux-TBG2/Jeux/Saved/ThirdPersonCharacter7117C60B412A3356D14F7BABB805E0DB.tmp' to '../../../../../jeux indé/Jeux-TBG2/Jeux/Content/ThirdPersonBP/Blueprints/ThirdPersonCharacter.uasset'
[2020.02.28-22.11.06:569][358]AssetCheck: New page: Asset Save: ThirdPersonCharacter
[2020.02.28-22.11.06:570][358]LogContentValidation: Display: Validating Blueprint /Game/ThirdPersonBP/Blueprints/ThirdPersonCharacter.ThirdPersonCharacter
