Log file open, 02/29/20 11:11:39
LogWindows: Failed to load 'aqProf.dll' (GetLastError=126)
LogWindows: File 'aqProf.dll' does not exist
LogWindows: Failed to load 'VtuneApi.dll' (GetLastError=126)
LogWindows: File 'VtuneApi.dll' does not exist
LogWindows: Failed to load 'VtuneApi32e.dll' (GetLastError=126)
LogWindows: File 'VtuneApi32e.dll' does not exist
LogConsoleResponse: Display: Failed to find resolution value strings in scalability ini. Falling back to default.
LogInit: Display: Running engine for game: Jeux
LogPlatformFile: Not using cached read wrapper
LogTaskGraph: Started task graph with 5 named threads and 23 total threads with 3 sets of task threads.
LogStats: Stats thread started at 0.170056
LogD3D11RHI: Loaded GFSDK_Aftermath_Lib.x64.dll
LogICUInternationalization: ICU TimeZone Detection - Raw Offset: +1:00, Platform Override: ''
LogPluginManager: Mounting plugin Paper2D
LogPluginManager: Mounting plugin AISupport
LogPluginManager: Mounting plugin LightPropagationVolume
LogPluginManager: Mounting plugin ActorLayerUtilities
LogPluginManager: Mounting plugin AnimationSharing
LogPluginManager: Mounting plugin CLionSourceCodeAccess
LogPluginManager: Mounting plugin CodeLiteSourceCodeAccess
LogPluginManager: Mounting plugin GitSourceControl
LogPluginManager: Mounting plugin KDevelopSourceCodeAccess
LogPluginManager: Mounting plugin NullSourceCodeAccess
LogPluginManager: Mounting plugin PerforceSourceControl
LogPluginManager: Mounting plugin PlasticSourceControl
LogPluginManager: Mounting plugin SubversionSourceControl
LogPluginManager: Mounting plugin UObjectPlugin
LogPluginManager: Mounting plugin VisualStudioCodeSourceCodeAccess
LogPluginManager: Mounting plugin VisualStudioSourceCodeAccess
LogPluginManager: Mounting plugin XCodeSourceCodeAccess
LogPluginManager: Mounting plugin AssetManagerEditor
LogPluginManager: Mounting plugin CryptoKeys
LogPluginManager: Mounting plugin CurveEditorTools
LogPluginManager: Mounting plugin DataValidation
LogPluginManager: Mounting plugin FacialAnimation
LogPluginManager: Mounting plugin GameplayTagsEditor
LogPluginManager: Mounting plugin MacGraphicsSwitching
LogPluginManager: Mounting plugin MaterialAnalyzer
LogPluginManager: Mounting plugin MobileLauncherProfileWizard
LogPluginManager: Mounting plugin PluginBrowser
LogPluginManager: Mounting plugin SpeedTreeImporter
LogPluginManager: Mounting plugin DatasmithContent
LogPluginManager: Mounting plugin VariantManagerContent
LogPluginManager: Mounting plugin AlembicImporter
LogPluginManager: Mounting plugin AutomationUtils
LogPluginManager: Mounting plugin BackChannel
LogPluginManager: Mounting plugin CharacterAI
LogPluginManager: Mounting plugin GeometryCache
LogPluginManager: Mounting plugin PlatformCrypto
LogPluginManager: Mounting plugin ProxyLODPlugin
LogPluginManager: Mounting plugin SkeletalReduction
LogPluginManager: Mounting plugin Text3D
LogPluginManager: Mounting plugin MagicLeap
LogPluginManager: Mounting plugin MagicLeapMedia
LogPluginManager: Mounting plugin MLSDK
LogPluginManager: Mounting plugin AndroidMedia
LogPluginManager: Mounting plugin AvfMedia
LogPluginManager: Mounting plugin ImgMedia
LogPluginManager: Mounting plugin MediaCompositing
LogPluginManager: Mounting plugin MediaPlayerEditor
LogPluginManager: Mounting plugin WebMMedia
LogPluginManager: Mounting plugin WmfMedia
LogPluginManager: Mounting plugin TcpMessaging
LogPluginManager: Mounting plugin UdpMessaging
LogPluginManager: Mounting plugin ActorSequence
LogPluginManager: Mounting plugin LevelSequenceEditor
LogPluginManager: Mounting plugin MatineeToLevelSequence
LogPluginManager: Mounting plugin NetcodeUnitTest
LogPluginManager: Mounting plugin NUTUnrealEngine4
LogPluginManager: Mounting plugin OnlineSubsystemGooglePlay
LogPluginManager: Mounting plugin OnlineSubsystemIOS
LogPluginManager: Mounting plugin OnlineSubsystem
LogPluginManager: Mounting plugin OnlineSubsystemNull
LogPluginManager: Mounting plugin OnlineSubsystemUtils
LogPluginManager: Mounting plugin LauncherChunkInstaller
LogPluginManager: Mounting plugin AndroidDeviceProfileSelector
LogPluginManager: Mounting plugin AndroidMoviePlayer
LogPluginManager: Mounting plugin AndroidPermission
LogPluginManager: Mounting plugin AppleImageUtils
LogPluginManager: Mounting plugin AppleMoviePlayer
LogPluginManager: Mounting plugin ArchVisCharacter
LogPluginManager: Mounting plugin AssetTags
LogPluginManager: Mounting plugin AudioCapture
LogPluginManager: Mounting plugin CableComponent
LogPluginManager: Mounting plugin CustomMeshComponent
LogPluginManager: Mounting plugin EditableMesh
LogPluginManager: Mounting plugin ExampleDeviceProfileSelector
LogPluginManager: Mounting plugin GoogleCloudMessaging
LogPluginManager: Mounting plugin IOSDeviceProfileSelector
LogPluginManager: Mounting plugin LinuxDeviceProfileSelector
LogPluginManager: Mounting plugin LocationServicesBPLibrary
LogPluginManager: Mounting plugin MobilePatchingUtils
LogPluginManager: Mounting plugin OculusVR
LogPluginManager: Mounting plugin PhysXVehicles
LogPluginManager: Mounting plugin PostSplashScreen
LogPluginManager: Mounting plugin ProceduralMeshComponent
LogPluginManager: Mounting plugin RuntimePhysXCooking
LogPluginManager: Mounting plugin SignificanceManager
LogPluginManager: Mounting plugin SteamVR
LogPluginManager: Mounting plugin WebMMoviePlayer
LogPluginManager: Mounting plugin WindowsMoviePlayer
LogPluginManager: Mounting plugin ScreenshotTools
LogInit: Using libcurl 7.55.1-DEV
LogInit:  - built for x86_64-pc-win32
LogInit:  - supports SSL with OpenSSL/1.1.1
LogInit:  - supports HTTP deflate (compression) using libz 1.2.8
LogInit:  - other features:
LogInit:      CURL_VERSION_SSL
LogInit:      CURL_VERSION_LIBZ
LogInit:      CURL_VERSION_IPV6
LogInit:      CURL_VERSION_ASYNCHDNS
LogInit:      CURL_VERSION_LARGEFILE
LogInit:      CURL_VERSION_IDN
LogInit:  CurlRequestOptions (configurable via config and command line):
LogInit:  - bVerifyPeer = true  - Libcurl will verify peer certificate
LogInit:  - bUseHttpProxy = false  - Libcurl will NOT use HTTP proxy
LogInit:  - bDontReuseConnections = false  - Libcurl will reuse connections
LogInit:  - MaxHostConnections = 16  - Libcurl will limit the number of connections to a host
LogInit:  - LocalHostAddr = Default
LogInit:  - BufferSize = 65536
LogOnline: OSS: Creating online subsystem instance for: NULL
LogInit: WinSock: version 1.1 (2.2), MaxSocks=32767, MaxUdp=65467
LogOnline: OSS: TryLoadSubsystemAndSetDefault: Loaded subsystem for module [NULL]
LogInit: Build: ++UE4+Release-4.24-CL-11590370
LogInit: Engine Version: 4.24.3-11590370+++UE4+Release-4.24
LogInit: Compatible Engine Version: 4.24.0-10570792+++UE4+Release-4.24
LogInit: Net CL: 10570792
LogInit: OS: Windows 10 (Release 1903) (), CPU: Intel(R) Core(TM) i7-7700HQ CPU @ 2.80GHz, GPU: Intel(R) HD Graphics 630
LogInit: Compiled (64-bit): Feb 24 2020 15:39:18
LogInit: Compiled with Visual C++: 19.16.27032.01
LogInit: Build Configuration: Development
LogInit: Branch Name: ++UE4+Release-4.24
LogInit: Command Line: 
LogInit: Base Directory: D:/jeux/UE_4.24/Engine/Binaries/Win64/
LogInit: Installed Engine Build: 1
LogDevObjectVersion: Number of dev versions registered: 25
LogDevObjectVersion:   Dev-Blueprints (B0D832E4-1F89-4F0D-ACCF-7EB736FD4AA2): 10
LogDevObjectVersion:   Dev-Build (E1C64328-A22C-4D53-A36C-8E866417BD8C): 0
LogDevObjectVersion:   Dev-Core (375EC13C-06E4-48FB-B500-84F0262A717E): 3
LogDevObjectVersion:   Dev-Editor (E4B068ED-F494-42E9-A231-DA0B2E46BB41): 37
LogDevObjectVersion:   Dev-Framework (CFFC743F-43B0-4480-9391-14DF171D2073): 36
LogDevObjectVersion:   Dev-Mobile (B02B49B5-BB20-44E9-A304-32B752E40360): 2
LogDevObjectVersion:   Dev-Networking (A4E4105C-59A1-49B5-A7C5-40C4547EDFEE): 0
LogDevObjectVersion:   Dev-Online (39C831C9-5AE6-47DC-9A44-9C173E1C8E7C): 0
LogDevObjectVersion:   Dev-Physics (78F01B33-EBEA-4F98-B9B4-84EACCB95AA2): 2
LogDevObjectVersion:   Dev-Platform (6631380F-2D4D-43E0-8009-CF276956A95A): 0
LogDevObjectVersion:   Dev-Rendering (12F88B9F-8875-4AFC-A67C-D90C383ABD29): 36
LogDevObjectVersion:   Dev-Sequencer (7B5AE74C-D270-4C10-A958-57980B212A5A): 11
LogDevObjectVersion:   Dev-VR (D7296918-1DD6-4BDD-9DE2-64A83CC13884): 2
LogDevObjectVersion:   Dev-LoadTimes (C2A15278-BFE7-4AFE-6C17-90FF531DF755): 1
LogDevObjectVersion:   Private-Geometry (6EACA3D4-40EC-4CC1-B786-8BED09428FC5): 3
LogDevObjectVersion:   Dev-AnimPhys (29E575DD-E0A3-4627-9D10-D276232CDCEA): 17
LogDevObjectVersion:   Dev-Anim (AF43A65D-7FD3-4947-9873-3E8ED9C1BB05): 2
LogDevObjectVersion:   Dev-ReflectionCapture (6B266CEC-1EC7-4B8F-A30B-E4D90942FC07): 1
LogDevObjectVersion:   Dev-Automation (0DF73D61-A23F-47EA-B727-89E90C41499A): 1
LogDevObjectVersion:   FortniteMain (601D1886-AC64-4F84-AA16-D3DE0DEAC7D6): 31
LogDevObjectVersion:   Dev-Enterprise (9DFFBCD6-494F-0158-E221-12823C92A888): 8
LogDevObjectVersion:   Dev-Niagara (F2AED0AC-9AFE-416F-8664-AA7FFA26D6FC): 1
LogDevObjectVersion:   Dev-Destruction (174F1F0B-B4C6-45A5-B13F-2EE8D0FB917D): 9
LogDevObjectVersion:   Dev-Physics-Ext (35F94A83-E258-406C-A318-09F59610247C): 8
LogDevObjectVersion:   Dev-CineCamera (B2E18506-4273-CFC2-A54E-F4BB758BBA07): 1
LogInit: Presizing for max 25165824 objects, including 0 objects not considered by GC, pre-allocating 0 bytes for permanent pool.
LogInit: Object subsystem initialized
LogConfig: Setting CVar [[con.DebugEarlyDefault:1]]
LogConfig: Setting CVar [[r.setres:1280x720]]
[2020.02.29-10.11.40:207][  0]LogConfig: Setting CVar [[r.VSync:0]]
[2020.02.29-10.11.40:207][  0]LogConfig: Setting CVar [[r.RHICmdBypass:0]]
[2020.02.29-10.11.40:207][  0]LogConfig: Applying CVar settings from Section [/Script/Engine.RendererSettings] File [D:/jeux indé/Jeux-TBG2/Jeux/Saved/Config/Windows/Engine.ini]
[2020.02.29-10.11.40:207][  0]LogConfig: Setting CVar [[r.GPUCrashDebugging:0]]
[2020.02.29-10.11.40:207][  0]LogConfig: Applying CVar settings from Section [/Script/Engine.RendererOverrideSettings] File [D:/jeux indé/Jeux-TBG2/Jeux/Saved/Config/Windows/Engine.ini]
[2020.02.29-10.11.40:207][  0]LogConfig: Applying CVar settings from Section [/Script/Engine.StreamingSettings] File [D:/jeux indé/Jeux-TBG2/Jeux/Saved/Config/Windows/Engine.ini]
[2020.02.29-10.11.40:207][  0]LogConfig: Setting CVar [[s.MinBulkDataSizeForAsyncLoading:131072]]
[2020.02.29-10.11.40:207][  0]LogConfig: Setting CVar [[s.AsyncLoadingThreadEnabled:0]]
[2020.02.29-10.11.40:207][  0]LogConfig: Setting CVar [[s.EventDrivenLoaderEnabled:1]]
[2020.02.29-10.11.40:207][  0]LogConfig: Setting CVar [[s.WarnIfTimeLimitExceeded:0]]
[2020.02.29-10.11.40:208][  0]LogConfig: Setting CVar [[s.TimeLimitExceededMultiplier:1.5]]
[2020.02.29-10.11.40:208][  0]LogConfig: Setting CVar [[s.TimeLimitExceededMinTime:0.005]]
[2020.02.29-10.11.40:208][  0]LogConfig: Setting CVar [[s.UseBackgroundLevelStreaming:1]]
[2020.02.29-10.11.40:208][  0]LogConfig: Setting CVar [[s.PriorityAsyncLoadingExtraTime:15.0]]
[2020.02.29-10.11.40:208][  0]LogConfig: Setting CVar [[s.LevelStreamingActorsUpdateTimeLimit:5.0]]
[2020.02.29-10.11.40:208][  0]LogConfig: Setting CVar [[s.PriorityLevelStreamingActorsUpdateExtraTime:5.0]]
[2020.02.29-10.11.40:208][  0]LogConfig: Setting CVar [[s.LevelStreamingComponentsRegistrationGranularity:10]]
[2020.02.29-10.11.40:208][  0]LogConfig: Setting CVar [[s.UnregisterComponentsTimeLimit:1.0]]
[2020.02.29-10.11.40:208][  0]LogConfig: Setting CVar [[s.LevelStreamingComponentsUnregistrationGranularity:5]]
[2020.02.29-10.11.40:208][  0]LogConfig: Setting CVar [[s.FlushStreamingOnExit:1]]
[2020.02.29-10.11.40:208][  0]LogConfig: Applying CVar settings from Section [/Script/Engine.GarbageCollectionSettings] File [D:/jeux indé/Jeux-TBG2/Jeux/Saved/Config/Windows/Engine.ini]
[2020.02.29-10.11.40:208][  0]LogConfig: Setting CVar [[gc.MaxObjectsNotConsideredByGC:1]]
[2020.02.29-10.11.40:208][  0]LogConfig: Setting CVar [[gc.SizeOfPermanentObjectPool:0]]
[2020.02.29-10.11.40:208][  0]LogConfig: Setting CVar [[gc.FlushStreamingOnGC:0]]
[2020.02.29-10.11.40:208][  0]LogConfig: Setting CVar [[gc.NumRetriesBeforeForcingGC:10]]
[2020.02.29-10.11.40:208][  0]LogConfig: Setting CVar [[gc.AllowParallelGC:1]]
[2020.02.29-10.11.40:208][  0]LogConfig: Setting CVar [[gc.TimeBetweenPurgingPendingKillObjects:61.1]]
[2020.02.29-10.11.40:208][  0]LogConfig: Setting CVar [[gc.MaxObjectsInEditor:25165824]]
[2020.02.29-10.11.40:208][  0]LogConfig: Setting CVar [[gc.IncrementalBeginDestroyEnabled:1]]
[2020.02.29-10.11.40:208][  0]LogConfig: Setting CVar [[gc.CreateGCClusters:1]]
[2020.02.29-10.11.40:208][  0]LogConfig: Setting CVar [[gc.MinGCClusterSize:5]]
[2020.02.29-10.11.40:208][  0]LogConfig: Setting CVar [[gc.ActorClusteringEnabled:0]]
[2020.02.29-10.11.40:208][  0]LogConfig: Setting CVar [[gc.BlueprintClusteringEnabled:0]]
[2020.02.29-10.11.40:208][  0]LogConfig: Setting CVar [[gc.UseDisregardForGCOnDedicatedServers:0]]
[2020.02.29-10.11.40:208][  0]LogConfig: Applying CVar settings from Section [/Script/Engine.NetworkSettings] File [D:/jeux indé/Jeux-TBG2/Jeux/Saved/Config/Windows/Engine.ini]
[2020.02.29-10.11.40:208][  0]LogConfig: Applying CVar settings from Section [/Script/UnrealEd.CookerSettings] File [D:/jeux indé/Jeux-TBG2/Jeux/Saved/Config/Windows/Engine.ini]
[2020.02.29-10.11.40:210][  0]LogConfig: Applying CVar settings from Section [ViewDistanceQuality@3] File [D:/jeux indé/Jeux-TBG2/Jeux/Saved/Config/Windows/Scalability.ini]
[2020.02.29-10.11.40:210][  0]LogConfig: Setting CVar [[r.SkeletalMeshLODBias:0]]
[2020.02.29-10.11.40:210][  0]LogConfig: Setting CVar [[r.ViewDistanceScale:1.0]]
[2020.02.29-10.11.40:210][  0]LogConfig: Applying CVar settings from Section [AntiAliasingQuality@3] File [D:/jeux indé/Jeux-TBG2/Jeux/Saved/Config/Windows/Scalability.ini]
[2020.02.29-10.11.40:210][  0]LogConfig: Setting CVar [[r.PostProcessAAQuality:4]]
[2020.02.29-10.11.40:210][  0]LogConfig: Applying CVar settings from Section [ShadowQuality@3] File [D:/jeux indé/Jeux-TBG2/Jeux/Saved/Config/Windows/Scalability.ini]
[2020.02.29-10.11.40:210][  0]LogConfig: Setting CVar [[r.LightFunctionQuality:1]]
[2020.02.29-10.11.40:211][  0]LogConfig: Setting CVar [[r.ShadowQuality:5]]
[2020.02.29-10.11.40:211][  0]LogConfig: Setting CVar [[r.Shadow.CSM.MaxCascades:10]]
[2020.02.29-10.11.40:211][  0]LogConfig: Setting CVar [[r.Shadow.MaxResolution:2048]]
[2020.02.29-10.11.40:211][  0]LogConfig: Setting CVar [[r.Shadow.MaxCSMResolution:2048]]
[2020.02.29-10.11.40:211][  0]LogConfig: Setting CVar [[r.Shadow.RadiusThreshold:0.01]]
[2020.02.29-10.11.40:211][  0]LogConfig: Setting CVar [[r.Shadow.DistanceScale:1.0]]
[2020.02.29-10.11.40:211][  0]LogConfig: Setting CVar [[r.Shadow.CSM.TransitionScale:1.0]]
[2020.02.29-10.11.40:211][  0]LogConfig: Setting CVar [[r.Shadow.PreShadowResolutionFactor:1.0]]
[2020.02.29-10.11.40:211][  0]LogConfig: Setting CVar [[r.DistanceFieldShadowing:1]]
[2020.02.29-10.11.40:211][  0]LogConfig: Setting CVar [[r.DistanceFieldAO:1]]
[2020.02.29-10.11.40:211][  0]LogConfig: Setting CVar [[r.AOQuality:2]]
[2020.02.29-10.11.40:211][  0]LogConfig: Setting CVar [[r.VolumetricFog:1]]
[2020.02.29-10.11.40:211][  0]LogConfig: Setting CVar [[r.VolumetricFog.GridPixelSize:8]]
[2020.02.29-10.11.40:211][  0]LogConfig: Setting CVar [[r.VolumetricFog.GridSizeZ:128]]
[2020.02.29-10.11.40:211][  0]LogConfig: Setting CVar [[r.VolumetricFog.HistoryMissSupersampleCount:4]]
[2020.02.29-10.11.40:211][  0]LogConfig: Setting CVar [[r.LightMaxDrawDistanceScale:1]]
[2020.02.29-10.11.40:211][  0]LogConfig: Setting CVar [[r.CapsuleShadows:1]]
[2020.02.29-10.11.40:211][  0]LogConfig: Applying CVar settings from Section [PostProcessQuality@3] File [D:/jeux indé/Jeux-TBG2/Jeux/Saved/Config/Windows/Scalability.ini]
[2020.02.29-10.11.40:211][  0]LogConfig: Setting CVar [[r.MotionBlurQuality:4]]
[2020.02.29-10.11.40:211][  0]LogConfig: Setting CVar [[r.AmbientOcclusionMipLevelFactor:0.4]]
[2020.02.29-10.11.40:211][  0]LogConfig: Setting CVar [[r.AmbientOcclusionMaxQuality:100]]
[2020.02.29-10.11.40:211][  0]LogConfig: Setting CVar [[r.AmbientOcclusionLevels:-1]]
[2020.02.29-10.11.40:211][  0]LogConfig: Setting CVar [[r.AmbientOcclusionRadiusScale:1.0]]
[2020.02.29-10.11.40:211][  0]LogConfig: Setting CVar [[r.DepthOfFieldQuality:2]]
[2020.02.29-10.11.40:211][  0]LogConfig: Setting CVar [[r.RenderTargetPoolMin:400]]
[2020.02.29-10.11.40:211][  0]LogConfig: Setting CVar [[r.LensFlareQuality:2]]
[2020.02.29-10.11.40:211][  0]LogConfig: Setting CVar [[r.SceneColorFringeQuality:1]]
[2020.02.29-10.11.40:211][  0]LogConfig: Setting CVar [[r.EyeAdaptationQuality:2]]
[2020.02.29-10.11.40:211][  0]LogConfig: Setting CVar [[r.BloomQuality:5]]
[2020.02.29-10.11.40:211][  0]LogConfig: Setting CVar [[r.FastBlurThreshold:100]]
[2020.02.29-10.11.40:211][  0]LogConfig: Setting CVar [[r.Upscale.Quality:3]]
[2020.02.29-10.11.40:211][  0]LogConfig: Setting CVar [[r.Tonemapper.GrainQuantization:1]]
[2020.02.29-10.11.40:211][  0]LogConfig: Setting CVar [[r.LightShaftQuality:1]]
[2020.02.29-10.11.40:211][  0]LogConfig: Setting CVar [[r.Filter.SizeScale:1]]
[2020.02.29-10.11.40:211][  0]LogConfig: Setting CVar [[r.Tonemapper.Quality:5]]
[2020.02.29-10.11.40:211][  0]LogConfig: Setting CVar [[r.DOF.Gather.AccumulatorQuality:1        ; higher gathering accumulator quality]]
[2020.02.29-10.11.40:211][  0]LogConfig: Setting CVar [[r.DOF.Gather.PostfilterMethod:1          ; Median3x3 postfilering method]]
[2020.02.29-10.11.40:211][  0]LogConfig: Setting CVar [[r.DOF.Gather.EnableBokehSettings:0       ; no bokeh simulation when gathering]]
[2020.02.29-10.11.40:211][  0]LogConfig: Setting CVar [[r.DOF.Gather.RingCount:4                 ; medium number of samples when gathering]]
[2020.02.29-10.11.40:211][  0]LogConfig: Setting CVar [[r.DOF.Scatter.ForegroundCompositing:1    ; additive foreground scattering]]
[2020.02.29-10.11.40:211][  0]LogConfig: Setting CVar [[r.DOF.Scatter.BackgroundCompositing:2    ; additive background scattering]]
[2020.02.29-10.11.40:211][  0]LogConfig: Setting CVar [[r.DOF.Scatter.EnableBokehSettings:1      ; bokeh simulation when scattering]]
[2020.02.29-10.11.40:211][  0]LogConfig: Setting CVar [[r.DOF.Scatter.MaxSpriteRatio:0.1         ; only a maximum of 10% of scattered bokeh]]
[2020.02.29-10.11.40:211][  0]LogConfig: Setting CVar [[r.DOF.Recombine.Quality:1                ; cheap slight out of focus]]
[2020.02.29-10.11.40:211][  0]LogConfig: Setting CVar [[r.DOF.Recombine.EnableBokehSettings:0    ; no bokeh simulation on slight out of focus]]
[2020.02.29-10.11.40:211][  0]LogConfig: Setting CVar [[r.DOF.TemporalAAQuality:1                ; more stable temporal accumulation]]
[2020.02.29-10.11.40:211][  0]LogConfig: Setting CVar [[r.DOF.Kernel.MaxForegroundRadius:0.025]]
[2020.02.29-10.11.40:211][  0]LogConfig: Setting CVar [[r.DOF.Kernel.MaxBackgroundRadius:0.025]]
[2020.02.29-10.11.40:211][  0]LogConfig: Applying CVar settings from Section [TextureQuality@3] File [D:/jeux indé/Jeux-TBG2/Jeux/Saved/Config/Windows/Scalability.ini]
[2020.02.29-10.11.40:211][  0]LogConfig: Setting CVar [[r.Streaming.MipBias:0]]
[2020.02.29-10.11.40:211][  0]LogConfig: Setting CVar [[r.Streaming.AmortizeCPUToGPUCopy:0]]
[2020.02.29-10.11.40:211][  0]LogConfig: Setting CVar [[r.Streaming.MaxNumTexturesToStreamPerFrame:0]]
[2020.02.29-10.11.40:211][  0]LogConfig: Setting CVar [[r.Streaming.Boost:1]]
[2020.02.29-10.11.40:211][  0]LogConfig: Setting CVar [[r.MaxAnisotropy:8]]
[2020.02.29-10.11.40:211][  0]LogConfig: Setting CVar [[r.VT.MaxAnisotropy:8]]
[2020.02.29-10.11.40:211][  0]LogConfig: Setting CVar [[r.Streaming.LimitPoolSizeToVRAM:0]]
[2020.02.29-10.11.40:211][  0]LogConfig: Setting CVar [[r.Streaming.PoolSize:1000]]
[2020.02.29-10.11.40:211][  0]LogConfig: Setting CVar [[r.Streaming.MaxEffectiveScreenSize:0]]
[2020.02.29-10.11.40:211][  0]LogConfig: Applying CVar settings from Section [EffectsQuality@3] File [D:/jeux indé/Jeux-TBG2/Jeux/Saved/Config/Windows/Scalability.ini]
[2020.02.29-10.11.40:211][  0]LogConfig: Setting CVar [[r.TranslucencyLightingVolumeDim:64]]
[2020.02.29-10.11.40:211][  0]LogConfig: Setting CVar [[r.RefractionQuality:2]]
[2020.02.29-10.11.40:211][  0]LogConfig: Setting CVar [[r.SSR.Quality:3]]
[2020.02.29-10.11.40:211][  0]LogConfig: Setting CVar [[r.SSR.HalfResSceneColor:0]]
[2020.02.29-10.11.40:211][  0]LogConfig: Setting CVar [[r.SceneColorFormat:4]]
[2020.02.29-10.11.40:211][  0]LogConfig: Setting CVar [[r.DetailMode:2]]
[2020.02.29-10.11.40:211][  0]LogConfig: Setting CVar [[r.TranslucencyVolumeBlur:1]]
[2020.02.29-10.11.40:211][  0]LogConfig: Setting CVar [[r.MaterialQualityLevel:1 ; High quality]]
[2020.02.29-10.11.40:211][  0]LogConfig: Setting CVar [[r.SSS.Scale:1]]
[2020.02.29-10.11.40:211][  0]LogConfig: Setting CVar [[r.SSS.SampleSet:2]]
[2020.02.29-10.11.40:211][  0]LogConfig: Setting CVar [[r.SSS.Quality:1]]
[2020.02.29-10.11.40:211][  0]LogConfig: Setting CVar [[r.SSS.HalfRes:1]]
[2020.02.29-10.11.40:211][  0]LogConfig: Setting CVar [[r.SSGI.Quality:3]]
[2020.02.29-10.11.40:211][  0]LogConfig: Setting CVar [[r.EmitterSpawnRateScale:1.0]]
[2020.02.29-10.11.40:211][  0]LogConfig: Setting CVar [[r.ParticleLightQuality:2]]
[2020.02.29-10.11.40:212][  0]LogConfig: Setting CVar [[r.SkyAtmosphere.AerialPerspectiveLUT.FastApplyOnOpaque:1 ; Always have FastSkyLUT 1 in this case to avoid wrong sky]]
[2020.02.29-10.11.40:212][  0]LogConfig: Setting CVar [[r.SkyAtmosphere.AerialPerspectiveLUT.SampleCountPerSlice:1]]
[2020.02.29-10.11.40:212][  0]LogConfig: Setting CVar [[r.SkyAtmosphere.AerialPerspectiveLUT.DepthResolution:16.0]]
[2020.02.29-10.11.40:212][  0]LogConfig: Setting CVar [[r.SkyAtmosphere.FastSkyLUT:1]]
[2020.02.29-10.11.40:212][  0]LogConfig: Setting CVar [[r.SkyAtmosphere.FastSkyLUT.SampleCountMin:4.0]]
[2020.02.29-10.11.40:212][  0]LogConfig: Setting CVar [[r.SkyAtmosphere.FastSkyLUT.SampleCountMax:32.0]]
[2020.02.29-10.11.40:212][  0]LogConfig: Setting CVar [[r.SkyAtmosphere.SampleCountMin:4.0]]
[2020.02.29-10.11.40:212][  0]LogConfig: Setting CVar [[r.SkyAtmosphere.SampleCountMax:32.0]]
[2020.02.29-10.11.40:212][  0]LogConfig: Setting CVar [[r.SkyAtmosphere.TransmittanceLUT.UseSmallFormat:0]]
[2020.02.29-10.11.40:212][  0]LogConfig: Setting CVar [[r.SkyAtmosphere.TransmittanceLUT.SampleCount:10.0]]
[2020.02.29-10.11.40:212][  0]LogConfig: Setting CVar [[r.SkyAtmosphere.MultiScatteringLUT.SampleCount:15.0]]
[2020.02.29-10.11.40:212][  0]LogConfig: Applying CVar settings from Section [FoliageQuality@3] File [D:/jeux indé/Jeux-TBG2/Jeux/Saved/Config/Windows/Scalability.ini]
[2020.02.29-10.11.40:212][  0]LogConfig: Setting CVar [[foliage.DensityScale:1.0]]
[2020.02.29-10.11.40:212][  0]LogConfig: Setting CVar [[grass.DensityScale:1.0]]
[2020.02.29-10.11.40:212][  0]LogConfig: Applying CVar settings from Section [ShadingQuality@3] File [D:/jeux indé/Jeux-TBG2/Jeux/Saved/Config/Windows/Scalability.ini]
[2020.02.29-10.11.40:212][  0]LogConfig: Setting CVar [[r.HairStrands.SkyLighting.SampleCount:16]]
[2020.02.29-10.11.40:212][  0]LogConfig: Setting CVar [[r.HairStrands.SkyLighting.JitterIntegration:0]]
[2020.02.29-10.11.40:212][  0]LogConfig: Setting CVar [[r.HairStrands.SkyAO.SampleCount:16]]
[2020.02.29-10.11.40:212][  0]LogInit: Selected Device Profile: [Windows]
[2020.02.29-10.11.40:212][  0]LogInit: Applying CVar settings loaded from the selected device profile: [Windows]
[2020.02.29-10.11.40:214][  0]LogHAL: Display: Platform has ~ 8 GB [8469164032 / 8589934592 / 8], which maps to Default [LargestMinGB=32, LargerMinGB=12, DefaultMinGB=8, SmallerMinGB=6, SmallestMinGB=0)
[2020.02.29-10.11.40:214][  0]LogInit: Going up to parent DeviceProfile []
[2020.02.29-10.11.40:214][  0]LogConfig: Applying CVar settings from Section [ViewDistanceQuality@3] File [D:/jeux indé/Jeux-TBG2/Jeux/Saved/Config/Windows/Scalability.ini]
[2020.02.29-10.11.40:214][  0]LogConfig: Setting CVar [[r.SkeletalMeshLODBias:0]]
[2020.02.29-10.11.40:214][  0]LogConfig: Setting CVar [[r.ViewDistanceScale:1.0]]
[2020.02.29-10.11.40:214][  0]LogConfig: Applying CVar settings from Section [AntiAliasingQuality@3] File [D:/jeux indé/Jeux-TBG2/Jeux/Saved/Config/Windows/Scalability.ini]
[2020.02.29-10.11.40:214][  0]LogConfig: Setting CVar [[r.PostProcessAAQuality:4]]
[2020.02.29-10.11.40:214][  0]LogConfig: Applying CVar settings from Section [ShadowQuality@3] File [D:/jeux indé/Jeux-TBG2/Jeux/Saved/Config/Windows/Scalability.ini]
[2020.02.29-10.11.40:214][  0]LogConfig: Setting CVar [[r.LightFunctionQuality:1]]
[2020.02.29-10.11.40:214][  0]LogConfig: Setting CVar [[r.ShadowQuality:5]]
[2020.02.29-10.11.40:214][  0]LogConfig: Setting CVar [[r.Shadow.CSM.MaxCascades:10]]
[2020.02.29-10.11.40:214][  0]LogConfig: Setting CVar [[r.Shadow.MaxResolution:2048]]
[2020.02.29-10.11.40:214][  0]LogConfig: Setting CVar [[r.Shadow.MaxCSMResolution:2048]]
[2020.02.29-10.11.40:214][  0]LogConfig: Setting CVar [[r.Shadow.RadiusThreshold:0.01]]
[2020.02.29-10.11.40:214][  0]LogConfig: Setting CVar [[r.Shadow.DistanceScale:1.0]]
[2020.02.29-10.11.40:214][  0]LogConfig: Setting CVar [[r.Shadow.CSM.TransitionScale:1.0]]
[2020.02.29-10.11.40:214][  0]LogConfig: Setting CVar [[r.Shadow.PreShadowResolutionFactor:1.0]]
[2020.02.29-10.11.40:214][  0]LogConfig: Setting CVar [[r.DistanceFieldShadowing:1]]
[2020.02.29-10.11.40:215][  0]LogConfig: Setting CVar [[r.DistanceFieldAO:1]]
[2020.02.29-10.11.40:215][  0]LogConfig: Setting CVar [[r.AOQuality:2]]
[2020.02.29-10.11.40:215][  0]LogConfig: Setting CVar [[r.VolumetricFog:1]]
[2020.02.29-10.11.40:215][  0]LogConfig: Setting CVar [[r.VolumetricFog.GridPixelSize:8]]
[2020.02.29-10.11.40:215][  0]LogConfig: Setting CVar [[r.VolumetricFog.GridSizeZ:128]]
[2020.02.29-10.11.40:215][  0]LogConfig: Setting CVar [[r.VolumetricFog.HistoryMissSupersampleCount:4]]
[2020.02.29-10.11.40:215][  0]LogConfig: Setting CVar [[r.LightMaxDrawDistanceScale:1]]
[2020.02.29-10.11.40:215][  0]LogConfig: Setting CVar [[r.CapsuleShadows:1]]
[2020.02.29-10.11.40:215][  0]LogConfig: Applying CVar settings from Section [PostProcessQuality@3] File [D:/jeux indé/Jeux-TBG2/Jeux/Saved/Config/Windows/Scalability.ini]
[2020.02.29-10.11.40:215][  0]LogConfig: Setting CVar [[r.MotionBlurQuality:4]]
[2020.02.29-10.11.40:215][  0]LogConfig: Setting CVar [[r.AmbientOcclusionMipLevelFactor:0.4]]
[2020.02.29-10.11.40:215][  0]LogConfig: Setting CVar [[r.AmbientOcclusionMaxQuality:100]]
[2020.02.29-10.11.40:215][  0]LogConfig: Setting CVar [[r.AmbientOcclusionLevels:-1]]
[2020.02.29-10.11.40:215][  0]LogConfig: Setting CVar [[r.AmbientOcclusionRadiusScale:1.0]]
[2020.02.29-10.11.40:215][  0]LogConfig: Setting CVar [[r.DepthOfFieldQuality:2]]
[2020.02.29-10.11.40:215][  0]LogConfig: Setting CVar [[r.RenderTargetPoolMin:400]]
[2020.02.29-10.11.40:215][  0]LogConfig: Setting CVar [[r.LensFlareQuality:2]]
[2020.02.29-10.11.40:215][  0]LogConfig: Setting CVar [[r.SceneColorFringeQuality:1]]
[2020.02.29-10.11.40:215][  0]LogConfig: Setting CVar [[r.EyeAdaptationQuality:2]]
[2020.02.29-10.11.40:215][  0]LogConfig: Setting CVar [[r.BloomQuality:5]]
[2020.02.29-10.11.40:215][  0]LogConfig: Setting CVar [[r.FastBlurThreshold:100]]
[2020.02.29-10.11.40:215][  0]LogConfig: Setting CVar [[r.Upscale.Quality:3]]
[2020.02.29-10.11.40:215][  0]LogConfig: Setting CVar [[r.Tonemapper.GrainQuantization:1]]
[2020.02.29-10.11.40:215][  0]LogConfig: Setting CVar [[r.LightShaftQuality:1]]
[2020.02.29-10.11.40:215][  0]LogConfig: Setting CVar [[r.Filter.SizeScale:1]]
[2020.02.29-10.11.40:215][  0]LogConfig: Setting CVar [[r.Tonemapper.Quality:5]]
[2020.02.29-10.11.40:215][  0]LogConfig: Setting CVar [[r.DOF.Gather.AccumulatorQuality:1        ; higher gathering accumulator quality]]
[2020.02.29-10.11.40:215][  0]LogConfig: Setting CVar [[r.DOF.Gather.PostfilterMethod:1          ; Median3x3 postfilering method]]
[2020.02.29-10.11.40:215][  0]LogConfig: Setting CVar [[r.DOF.Gather.EnableBokehSettings:0       ; no bokeh simulation when gathering]]
[2020.02.29-10.11.40:215][  0]LogConfig: Setting CVar [[r.DOF.Gather.RingCount:4                 ; medium number of samples when gathering]]
[2020.02.29-10.11.40:215][  0]LogConfig: Setting CVar [[r.DOF.Scatter.ForegroundCompositing:1    ; additive foreground scattering]]
[2020.02.29-10.11.40:215][  0]LogConfig: Setting CVar [[r.DOF.Scatter.BackgroundCompositing:2    ; additive background scattering]]
[2020.02.29-10.11.40:215][  0]LogConfig: Setting CVar [[r.DOF.Scatter.EnableBokehSettings:1      ; bokeh simulation when scattering]]
[2020.02.29-10.11.40:215][  0]LogConfig: Setting CVar [[r.DOF.Scatter.MaxSpriteRatio:0.1         ; only a maximum of 10% of scattered bokeh]]
[2020.02.29-10.11.40:215][  0]LogConfig: Setting CVar [[r.DOF.Recombine.Quality:1                ; cheap slight out of focus]]
[2020.02.29-10.11.40:215][  0]LogConfig: Setting CVar [[r.DOF.Recombine.EnableBokehSettings:0    ; no bokeh simulation on slight out of focus]]
[2020.02.29-10.11.40:215][  0]LogConfig: Setting CVar [[r.DOF.TemporalAAQuality:1                ; more stable temporal accumulation]]
[2020.02.29-10.11.40:215][  0]LogConfig: Setting CVar [[r.DOF.Kernel.MaxForegroundRadius:0.025]]
[2020.02.29-10.11.40:215][  0]LogConfig: Setting CVar [[r.DOF.Kernel.MaxBackgroundRadius:0.025]]
[2020.02.29-10.11.40:215][  0]LogConfig: Applying CVar settings from Section [TextureQuality@3] File [D:/jeux indé/Jeux-TBG2/Jeux/Saved/Config/Windows/Scalability.ini]
[2020.02.29-10.11.40:215][  0]LogConfig: Setting CVar [[r.Streaming.MipBias:0]]
[2020.02.29-10.11.40:215][  0]LogConfig: Setting CVar [[r.Streaming.AmortizeCPUToGPUCopy:0]]
[2020.02.29-10.11.40:215][  0]LogConfig: Setting CVar [[r.Streaming.MaxNumTexturesToStreamPerFrame:0]]
[2020.02.29-10.11.40:215][  0]LogConfig: Setting CVar [[r.Streaming.Boost:1]]
[2020.02.29-10.11.40:215][  0]LogConfig: Setting CVar [[r.MaxAnisotropy:8]]
[2020.02.29-10.11.40:215][  0]LogConfig: Setting CVar [[r.VT.MaxAnisotropy:8]]
[2020.02.29-10.11.40:215][  0]LogConfig: Setting CVar [[r.Streaming.LimitPoolSizeToVRAM:0]]
[2020.02.29-10.11.40:215][  0]LogConfig: Setting CVar [[r.Streaming.PoolSize:1000]]
[2020.02.29-10.11.40:215][  0]LogConfig: Setting CVar [[r.Streaming.MaxEffectiveScreenSize:0]]
[2020.02.29-10.11.40:215][  0]LogConfig: Applying CVar settings from Section [EffectsQuality@3] File [D:/jeux indé/Jeux-TBG2/Jeux/Saved/Config/Windows/Scalability.ini]
[2020.02.29-10.11.40:215][  0]LogConfig: Setting CVar [[r.TranslucencyLightingVolumeDim:64]]
[2020.02.29-10.11.40:215][  0]LogConfig: Setting CVar [[r.RefractionQuality:2]]
[2020.02.29-10.11.40:215][  0]LogConfig: Setting CVar [[r.SSR.Quality:3]]
[2020.02.29-10.11.40:215][  0]LogConfig: Setting CVar [[r.SSR.HalfResSceneColor:0]]
[2020.02.29-10.11.40:215][  0]LogConfig: Setting CVar [[r.SceneColorFormat:4]]
[2020.02.29-10.11.40:215][  0]LogConfig: Setting CVar [[r.DetailMode:2]]
[2020.02.29-10.11.40:215][  0]LogConfig: Setting CVar [[r.TranslucencyVolumeBlur:1]]
[2020.02.29-10.11.40:215][  0]LogConfig: Setting CVar [[r.MaterialQualityLevel:1 ; High quality]]
[2020.02.29-10.11.40:215][  0]LogConfig: Setting CVar [[r.SSS.Scale:1]]
[2020.02.29-10.11.40:215][  0]LogConfig: Setting CVar [[r.SSS.SampleSet:2]]
[2020.02.29-10.11.40:215][  0]LogConfig: Setting CVar [[r.SSS.Quality:1]]
[2020.02.29-10.11.40:215][  0]LogConfig: Setting CVar [[r.SSS.HalfRes:1]]
[2020.02.29-10.11.40:215][  0]LogConfig: Setting CVar [[r.SSGI.Quality:3]]
[2020.02.29-10.11.40:215][  0]LogConfig: Setting CVar [[r.EmitterSpawnRateScale:1.0]]
[2020.02.29-10.11.40:215][  0]LogConfig: Setting CVar [[r.ParticleLightQuality:2]]
[2020.02.29-10.11.40:216][  0]LogConfig: Setting CVar [[r.SkyAtmosphere.AerialPerspectiveLUT.FastApplyOnOpaque:1 ; Always have FastSkyLUT 1 in this case to avoid wrong sky]]
[2020.02.29-10.11.40:216][  0]LogConfig: Setting CVar [[r.SkyAtmosphere.AerialPerspectiveLUT.SampleCountPerSlice:1]]
[2020.02.29-10.11.40:216][  0]LogConfig: Setting CVar [[r.SkyAtmosphere.AerialPerspectiveLUT.DepthResolution:16.0]]
[2020.02.29-10.11.40:216][  0]LogConfig: Setting CVar [[r.SkyAtmosphere.FastSkyLUT:1]]
[2020.02.29-10.11.40:216][  0]LogConfig: Setting CVar [[r.SkyAtmosphere.FastSkyLUT.SampleCountMin:4.0]]
[2020.02.29-10.11.40:216][  0]LogConfig: Setting CVar [[r.SkyAtmosphere.FastSkyLUT.SampleCountMax:32.0]]
[2020.02.29-10.11.40:216][  0]LogConfig: Setting CVar [[r.SkyAtmosphere.SampleCountMin:4.0]]
[2020.02.29-10.11.40:216][  0]LogConfig: Setting CVar [[r.SkyAtmosphere.SampleCountMax:32.0]]
[2020.02.29-10.11.40:216][  0]LogConfig: Setting CVar [[r.SkyAtmosphere.TransmittanceLUT.UseSmallFormat:0]]
[2020.02.29-10.11.40:216][  0]LogConfig: Setting CVar [[r.SkyAtmosphere.TransmittanceLUT.SampleCount:10.0]]
[2020.02.29-10.11.40:216][  0]LogConfig: Setting CVar [[r.SkyAtmosphere.MultiScatteringLUT.SampleCount:15.0]]
[2020.02.29-10.11.40:216][  0]LogConfig: Applying CVar settings from Section [FoliageQuality@3] File [D:/jeux indé/Jeux-TBG2/Jeux/Saved/Config/Windows/Scalability.ini]
[2020.02.29-10.11.40:216][  0]LogConfig: Setting CVar [[foliage.DensityScale:1.0]]
[2020.02.29-10.11.40:216][  0]LogConfig: Setting CVar [[grass.DensityScale:1.0]]
[2020.02.29-10.11.40:216][  0]LogConfig: Applying CVar settings from Section [ShadingQuality@3] File [D:/jeux indé/Jeux-TBG2/Jeux/Saved/Config/Windows/Scalability.ini]
[2020.02.29-10.11.40:216][  0]LogConfig: Setting CVar [[r.HairStrands.SkyLighting.SampleCount:16]]
[2020.02.29-10.11.40:216][  0]LogConfig: Setting CVar [[r.HairStrands.SkyLighting.JitterIntegration:0]]
[2020.02.29-10.11.40:216][  0]LogConfig: Setting CVar [[r.HairStrands.SkyAO.SampleCount:16]]
[2020.02.29-10.11.40:216][  0]LogConfig: Applying CVar settings from Section [Startup] File [../../../Engine/Config/ConsoleVariables.ini]
[2020.02.29-10.11.40:217][  0]LogConfig: Setting CVar [[net.UseAdaptiveNetUpdateFrequency:0]]
[2020.02.29-10.11.40:217][  0]LogConfig: Setting CVar [[p.chaos.AllowCreatePhysxBodies:1]]
[2020.02.29-10.11.40:217][  0]LogConfig: Applying CVar settings from Section [ConsoleVariables] File [D:/jeux indé/Jeux-TBG2/Jeux/Saved/Config/Windows/Engine.ini]
[2020.02.29-10.11.40:218][  0]LogInit: Computer: HENTAI-ERROR
[2020.02.29-10.11.40:218][  0]LogInit: User: Malik
[2020.02.29-10.11.40:218][  0]LogInit: CPU Page size=4096, Cores=4
[2020.02.29-10.11.40:218][  0]LogInit: High frequency timer resolution =10.000000 MHz
[2020.02.29-10.11.40:219][  0]LogMemory: Memory total: Physical=7.9GB (8GB approx)
[2020.02.29-10.11.40:219][  0]LogMemory: Platform Memory Stats for Windows
[2020.02.29-10.11.40:219][  0]LogMemory: Process Physical Memory: 105.65 MB used, 105.66 MB peak
[2020.02.29-10.11.40:219][  0]LogMemory: Process Virtual Memory: 100.69 MB used, 100.69 MB peak
[2020.02.29-10.11.40:219][  0]LogMemory: Physical Memory: 5776.01 MB used,  2300.82 MB free, 8076.82 MB total
[2020.02.29-10.11.40:219][  0]LogMemory: Virtual Memory: 5137.59 MB used,  134212592.00 MB free, 134217728.00 MB total
[2020.02.29-10.11.40:224][  0]LogWindows: WindowsPlatformFeatures enabled
[2020.02.29-10.11.40:254][  0]LogInit: Using OS detected language (fr-FR).
[2020.02.29-10.11.40:254][  0]LogInit: Using OS detected locale (fr-FR).
[2020.02.29-10.11.40:255][  0]LogTextLocalizationManager: No specific localization for 'fr-FR' exists, so the 'fr' localization will be used.
[2020.02.29-10.11.40:255][  0]LogTextLocalizationResource: LocRes '../../../Engine/Content/Localization/Editor/fr/Editor.locres' could not be opened for reading!
[2020.02.29-10.11.40:256][  0]LogTextLocalizationResource: LocRes '../../../Engine/Content/Localization/EditorTutorials/fr/EditorTutorials.locres' could not be opened for reading!
[2020.02.29-10.11.40:256][  0]LogTextLocalizationResource: LocRes '../../../Engine/Content/Localization/Keywords/fr/Keywords.locres' could not be opened for reading!
[2020.02.29-10.11.40:257][  0]LogTextLocalizationResource: LocRes '../../../Engine/Content/Localization/Category/fr/Category.locres' could not be opened for reading!
[2020.02.29-10.11.40:257][  0]LogTextLocalizationResource: LocRes '../../../Engine/Content/Localization/ToolTips/fr/ToolTips.locres' could not be opened for reading!
[2020.02.29-10.11.40:257][  0]LogTextLocalizationResource: LocRes '../../../Engine/Content/Localization/PropertyNames/fr/PropertyNames.locres' could not be opened for reading!
[2020.02.29-10.11.40:257][  0]LogTextLocalizationResource: LocRes '../../../Engine/Content/Localization/Engine/fr/Engine.locres' could not be opened for reading!
[2020.02.29-10.11.40:258][  0]LogInit: Setting process to per monitor DPI aware
[2020.02.29-10.11.40:282][  0]LogSlate: New Slate User Created.  User Index 0, Is Virtual User: 0
[2020.02.29-10.11.40:282][  0]LogSlate: Slate User Registered.  User Index 0, Is Virtual User: 0
[2020.02.29-10.11.40:497][  0]LogHMD: Failed to initialize OpenVR with code 110
[2020.02.29-10.11.40:497][  0]LogD3D11RHI: D3D11 min allowed feature level: 11_0
[2020.02.29-10.11.40:497][  0]LogD3D11RHI: D3D11 max allowed feature level: 11_0
[2020.02.29-10.11.40:497][  0]LogD3D11RHI: D3D11 adapters:
[2020.02.29-10.11.40:607][  0]LogD3D11RHI:    0. 'NVIDIA GeForce GTX 1050' (Feature Level 11_0)
[2020.02.29-10.11.40:607][  0]LogD3D11RHI:       4021/0/4038 MB DedicatedVideo/DedicatedSystem/SharedSystem, Outputs:1, VendorId:0x10de
[2020.02.29-10.11.40:619][  0]LogD3D11RHI:    1. 'Intel(R) HD Graphics 630' (Feature Level 11_0)
[2020.02.29-10.11.40:619][  0]LogD3D11RHI:       128/0/4038 MB DedicatedVideo/DedicatedSystem/SharedSystem, Outputs:0, VendorId:0x8086
[2020.02.29-10.11.40:623][  0]LogD3D11RHI:    2. 'Microsoft Basic Render Driver' (Feature Level 11_0)
[2020.02.29-10.11.40:623][  0]LogD3D11RHI:       0/0/4038 MB DedicatedVideo/DedicatedSystem/SharedSystem, Outputs:0, VendorId:0x1414
[2020.02.29-10.11.40:623][  0]LogD3D11RHI: Chosen D3D11 Adapter: 0
[2020.02.29-10.11.40:675][  0]LogD3D11RHI: Creating new Direct3DDevice
[2020.02.29-10.11.40:675][  0]LogD3D11RHI:     GPU DeviceId: 0x1c8d (for the marketing name, search the web for "GPU Device Id")
[2020.02.29-10.11.40:676][  0]LogWindows: EnumDisplayDevices:
[2020.02.29-10.11.40:676][  0]LogWindows:    0. 'Intel(R) HD Graphics 630' (P:1 D:1)
[2020.02.29-10.11.40:676][  0]LogWindows:    1. 'Intel(R) HD Graphics 630' (P:0 D:0)
[2020.02.29-10.11.40:676][  0]LogWindows:    2. 'Intel(R) HD Graphics 630' (P:0 D:0)
[2020.02.29-10.11.40:677][  0]LogWindows: DebugString: PrimaryIsNotTheChoosenAdapter PrimaryIsNotTheChoosenAdapter PrimaryIsNotTheChoosenAdapter FoundDriverCount:0 
[2020.02.29-10.11.40:677][  0]LogD3D11RHI:     Adapter Name: NVIDIA GeForce GTX 1050
[2020.02.29-10.11.40:677][  0]LogD3D11RHI:   Driver Version: Unknown (internal:Unknown, unified:Unknown)
[2020.02.29-10.11.40:677][  0]LogD3D11RHI:      Driver Date: Unknown
[2020.02.29-10.11.40:677][  0]LogRHI: Texture pool is 2814 MB (70% of 4021 MB)
[2020.02.29-10.11.40:749][  0]LogD3D11RHI: RHI has support for 64 bit atomics
[2020.02.29-10.11.40:749][  0]LogD3D11RHI: Async texture creation enabled
[2020.02.29-10.11.40:772][  0]LogD3D11RHI: GPU Timing Frequency: 1000.000000 (Debug: 2 1)
[2020.02.29-10.11.41:369][  0]LogTargetPlatformManager: Display: Loaded TargetPlatform 'AllDesktop'
[2020.02.29-10.11.41:421][  0]LogTargetPlatformManager: Display: Loaded TargetPlatform 'Android'
[2020.02.29-10.11.41:421][  0]LogTargetPlatformManager: Display: Loaded TargetPlatform 'Android_ASTC'
[2020.02.29-10.11.41:421][  0]LogTargetPlatformManager: Display: Loaded TargetPlatform 'Android_ATC'
[2020.02.29-10.11.41:421][  0]LogTargetPlatformManager: Display: Loaded TargetPlatform 'Android_DXT'
[2020.02.29-10.11.41:421][  0]LogTargetPlatformManager: Display: Loaded TargetPlatform 'Android_ETC1'
[2020.02.29-10.11.41:421][  0]LogTargetPlatformManager: Display: Loaded TargetPlatform 'Android_ETC1a'
[2020.02.29-10.11.41:421][  0]LogTargetPlatformManager: Display: Loaded TargetPlatform 'Android_ETC2'
[2020.02.29-10.11.41:421][  0]LogTargetPlatformManager: Display: Loaded TargetPlatform 'Android_PVRTC'
[2020.02.29-10.11.41:421][  0]LogTargetPlatformManager: Display: Loaded TargetPlatform 'AndroidClient'
[2020.02.29-10.11.41:421][  0]LogTargetPlatformManager: Display: Loaded TargetPlatform 'Android_ASTCClient'
[2020.02.29-10.11.41:421][  0]LogTargetPlatformManager: Display: Loaded TargetPlatform 'Android_ATCClient'
[2020.02.29-10.11.41:421][  0]LogTargetPlatformManager: Display: Loaded TargetPlatform 'Android_DXTClient'
[2020.02.29-10.11.41:421][  0]LogTargetPlatformManager: Display: Loaded TargetPlatform 'Android_ETC1Client'
[2020.02.29-10.11.41:421][  0]LogTargetPlatformManager: Display: Loaded TargetPlatform 'Android_ETC1aClient'
[2020.02.29-10.11.41:421][  0]LogTargetPlatformManager: Display: Loaded TargetPlatform 'Android_ETC2Client'
[2020.02.29-10.11.41:421][  0]LogTargetPlatformManager: Display: Loaded TargetPlatform 'Android_PVRTCClient'
[2020.02.29-10.11.41:421][  0]LogTargetPlatformManager: Display: Loaded TargetPlatform 'Android_Multi'
[2020.02.29-10.11.41:421][  0]LogTargetPlatformManager: Display: Loaded TargetPlatform 'Android_MultiClient'
[2020.02.29-10.11.41:445][  0]LogTargetPlatformManager: Display: Loaded TargetPlatform 'IOSClient'
[2020.02.29-10.11.41:445][  0]LogTargetPlatformManager: Display: Loaded TargetPlatform 'IOS'
[2020.02.29-10.11.41:455][  0]LogTargetPlatformManager: Display: Loaded TargetPlatform 'LinuxNoEditor'
[2020.02.29-10.11.41:465][  0]LogTargetPlatformManager: Display: Loaded TargetPlatform 'LinuxClient'
[2020.02.29-10.11.41:475][  0]LogTargetPlatformManager: Display: Loaded TargetPlatform 'LinuxServer'
[2020.02.29-10.11.41:482][  0]LogTargetPlatformManager: Display: Loaded TargetPlatform 'LinuxAArch64NoEditor'
[2020.02.29-10.11.41:495][  0]LogTargetPlatformManager: Display: Loaded TargetPlatform 'LinuxAArch64Client'
[2020.02.29-10.11.41:508][  0]LogTargetPlatformManager: Display: Loaded TargetPlatform 'LinuxAArch64Server'
[2020.02.29-10.11.41:541][  0]LogTargetPlatformManager: Display: Loaded TargetPlatform 'Lumin'
[2020.02.29-10.11.41:541][  0]LogTargetPlatformManager: Display: Loaded TargetPlatform 'LuminClient'
[2020.02.29-10.11.41:556][  0]LogTargetPlatformManager: Display: Loaded TargetPlatform 'TVOSClient'
[2020.02.29-10.11.41:556][  0]LogTargetPlatformManager: Display: Loaded TargetPlatform 'TVOS'
[2020.02.29-10.11.41:562][  0]LogTargetPlatformManager: Display: Loaded TargetPlatform 'WindowsNoEditor'
[2020.02.29-10.11.41:573][  0]LogTargetPlatformManager: Display: Loaded TargetPlatform 'Windows'
[2020.02.29-10.11.41:585][  0]LogTargetPlatformManager: Display: Loaded TargetPlatform 'WindowsClient'
[2020.02.29-10.11.41:593][  0]LogTargetPlatformManager: Display: Loaded TargetPlatform 'WindowsServer'
[2020.02.29-10.11.41:593][  0]LogTargetPlatformManager: Display: Building Assets For Windows
[2020.02.29-10.11.41:595][  0]LogAudioDebug: Display: Lib vorbis DLL was dynamically loaded.
[2020.02.29-10.11.41:613][  0]LogShaderCompilers: Guid format shader working directory is 7 characters bigger than the processId version (../../../../../jeux indé/Jeux-TBG2/Jeux/Intermediate/Shaders/WorkingDirectory/7884/).
[2020.02.29-10.11.41:613][  0]LogShaderCompilers: Cleaned the shader compiler working directory 'C:/Users/Malik/AppData/Local/Temp/UnrealShaderWorkingDir/0FAF0426428EECAB8B71428651F37196/'.
[2020.02.29-10.11.41:614][  0]LogXGEController: Cannot use XGE Controller as Incredibuild is not installed on this machine.
[2020.02.29-10.11.41:614][  0]LogShaderCompilers: Cannot use XGE Shader Compiler as Incredibuild is not installed on this machine.
[2020.02.29-10.11.41:614][  0]LogShaderCompilers: Display: Using Local Shader Compiler.
[2020.02.29-10.11.42:588][  0]LogDerivedDataCache: Display: Max Cache Size: 512 MB
[2020.02.29-10.11.42:676][  0]LogDerivedDataCache: Loaded boot cache 0.09s 78MB C:/Users/Malik/AppData/Local/UnrealEngine/4.24/DerivedDataCache/Boot.ddc.
[2020.02.29-10.11.42:676][  0]LogDerivedDataCache: Display: Loaded Boot cache: C:/Users/Malik/AppData/Local/UnrealEngine/4.24/DerivedDataCache/Boot.ddc
[2020.02.29-10.11.42:676][  0]LogDerivedDataCache: FDerivedDataBackendGraph:  Pak pak cache file ../../../../../jeux indé/Jeux-TBG2/Jeux/DerivedDataCache/DDC.ddp not found, will not use a pak cache.
[2020.02.29-10.11.42:676][  0]LogDerivedDataCache: Unable to find inner node Pak for hierarchical cache Hierarchy.
[2020.02.29-10.11.42:676][  0]LogDerivedDataCache: FDerivedDataBackendGraph:  CompressedPak pak cache file ../../../../../jeux indé/Jeux-TBG2/Jeux/DerivedDataCache/Compressed.ddp not found, will not use a pak cache.
[2020.02.29-10.11.42:676][  0]LogDerivedDataCache: Unable to find inner node CompressedPak for hierarchical cache Hierarchy.
[2020.02.29-10.11.42:690][  0]LogDerivedDataCache: Display: Pak cache opened for reading ../../../Engine/DerivedDataCache/Compressed.ddp.
[2020.02.29-10.11.42:690][  0]LogDerivedDataCache: FDerivedDataBackendGraph:  EnterprisePak pak cache file ../../../Enterprise/DerivedDataCache/Compressed.ddp not found, will not use a pak cache.
[2020.02.29-10.11.42:690][  0]LogDerivedDataCache: Unable to find inner node EnterprisePak for hierarchical cache Hierarchy.
[2020.02.29-10.11.42:695][  0]LogDerivedDataCache: Using Local data cache path C:/Users/Malik/AppData/Local/UnrealEngine/Common/DerivedDataCache: Writable
[2020.02.29-10.11.42:695][  0]LogDerivedDataCache: Shared data cache path not found in *engine.ini, will not use an Shared cache.
[2020.02.29-10.11.42:695][  0]LogDerivedDataCache: Unable to find inner node Shared for hierarchical cache Hierarchy.
[2020.02.29-10.11.42:729][  0]LogMaterial: Verifying Global Shaders for PCD3D_SM5
[2020.02.29-10.11.42:732][  0]LogSlate: Using FreeType 2.10.0
[2020.02.29-10.11.42:733][  0]LogSlate: SlateFontServices - WITH_FREETYPE: 1, WITH_HARFBUZZ: 1
[2020.02.29-10.11.42:797][  0]LogAssetRegistry: FAssetRegistry took 0.0024 seconds to start up
[2020.02.29-10.11.43:182][  0]LogInit: Selected Device Profile: [Windows]
[2020.02.29-10.11.43:374][  0]LogMeshReduction: Using QuadricMeshReduction for automatic static mesh reduction
[2020.02.29-10.11.43:374][  0]LogMeshReduction: Using SimplygonMeshReduction for automatic skeletal mesh reduction
[2020.02.29-10.11.43:374][  0]LogMeshReduction: Using ProxyLODMeshReduction for automatic mesh merging
[2020.02.29-10.11.43:374][  0]LogMeshReduction: No distributed automatic mesh merging module available
[2020.02.29-10.11.43:374][  0]LogMeshMerging: No distributed automatic mesh merging module available
[2020.02.29-10.11.43:406][  0]LogNetVersion: Jeux 1.0.0, NetCL: 10570792, EngineNetVer: 13, GameNetVer: 0 (Checksum: 3294670776)
[2020.02.29-10.11.44:997][  0]LogPackageLocalizationCache: Processed 10 localized package path(s) for 1 prioritized culture(s) in 0.155389 seconds
[2020.02.29-10.11.45:012][  0]LogUObjectArray: 46750 objects as part of root set at end of initial load.
[2020.02.29-10.11.45:012][  0]LogUObjectAllocator: 8137160 out of 0 bytes used by permanent object pool.
[2020.02.29-10.11.45:012][  0]LogUObjectArray: CloseDisregardForGC: 0/0 objects in disregard for GC pool
[2020.02.29-10.11.45:642][  0]LogTcpMessaging: Initializing TcpMessaging bridge
[2020.02.29-10.11.45:645][  0]LogUdpMessaging: Initializing bridge on interface 0.0.0.0:0 to multicast group 230.0.0.1:6666.
[2020.02.29-10.11.45:708][  0]SourceControl: Source control is disabled
[2020.02.29-10.11.45:708][  0]SourceControl: Source control is disabled
[2020.02.29-10.11.45:709][  0]SourceControl: Source control is disabled
[2020.02.29-10.11.45:709][  0]SourceControl: Source control is disabled
[2020.02.29-10.11.45:710][  0]SourceControl: Source control is disabled
[2020.02.29-10.11.46:167][  0]LogAndroidPermission: UAndroidPermissionCallbackProxy::GetInstance
[2020.02.29-10.11.46:176][  0]LogAudioCaptureCore: Display: No Audio Capture implementations found. Audio input will be silent.
[2020.02.29-10.11.46:176][  0]LogAudioCaptureCore: Display: No Audio Capture implementations found. Audio input will be silent.
[2020.02.29-10.11.46:261][  0]LogOcInput: OculusInput pre-init called
[2020.02.29-10.11.46:268][  0]LogWindows: Failed to load 'OVRPlugin.dll' (GetLastError=126)
[2020.02.29-10.11.46:268][  0]LogWindows: File 'OVRPlugin.dll' does not exist
[2020.02.29-10.11.46:334][  0]LogEngine: Initializing Engine...
[2020.02.29-10.11.46:335][  0]LogHMD: Failed to initialize OpenVR with code 110
[2020.02.29-10.11.46:336][  0]LogStats: UGameplayTagsManager::InitializeManager -  0.000 s
[2020.02.29-10.11.46:725][  0]LogInit: Initializing FReadOnlyCVARCache
[2020.02.29-10.11.46:734][  0]LogAIModule: Creating AISystem for world Untitled
[2020.02.29-10.11.46:833][  0]LogAudioMixer: Display: Audio Mixer Platform Settings:
[2020.02.29-10.11.46:833][  0]LogAudioMixer: Display: 	Sample Rate:						  48000
[2020.02.29-10.11.46:833][  0]LogAudioMixer: Display: 	Callback Buffer Frame Size Requested: 1024
[2020.02.29-10.11.46:833][  0]LogAudioMixer: Display: 	Callback Buffer Frame Size To Use:	  1024
[2020.02.29-10.11.46:833][  0]LogAudioMixer: Display: 	Number of buffers to queue:			  2
[2020.02.29-10.11.46:833][  0]LogAudioMixer: Display: 	Max Channels (voices):				  32
[2020.02.29-10.11.46:833][  0]LogAudioMixer: Display: 	Number of Async Source Workers:		  0
[2020.02.29-10.11.46:833][  0]LogAudio: Display: AudioDevice MaxSources: 32
[2020.02.29-10.11.46:834][  0]LogAudio: Display: Using built-in audio occlusion.
[2020.02.29-10.11.46:834][  0]LogAudioMixer: Display: Initializing audio mixer.
[2020.02.29-10.11.46:868][  0]LogAudioMixer: Display: Audio Device Output Speaker Info:
[2020.02.29-10.11.46:868][  0]LogAudioMixer: Display: Name: Haut-parleurs (Realtek High Definition Audio)
[2020.02.29-10.11.46:868][  0]LogAudioMixer: Display: Is Default: Yes
[2020.02.29-10.11.46:868][  0]LogAudioMixer: Display: Sample Rate: 48000
[2020.02.29-10.11.46:868][  0]LogAudioMixer: Display: Channel Count Used: 2
[2020.02.29-10.11.46:868][  0]LogAudioMixer: Display: Device Channel Count: 2
[2020.02.29-10.11.46:868][  0]LogAudioMixer: Display: Channel Order:
[2020.02.29-10.11.46:868][  0]LogAudioMixer: Display: 0: FrontLeft
[2020.02.29-10.11.46:868][  0]LogAudioMixer: Display: 1: FrontRight
[2020.02.29-10.11.46:970][  0]LogAudioMixer: Display: Using Audio Device Haut-parleurs (Realtek High Definition Audio)
[2020.02.29-10.11.46:978][  0]LogInit: FAudioDevice initialized.
[2020.02.29-10.11.46:978][  0]LogNetVersion: Set ProjectVersion to 0.1.0. Version Checksum will be recalculated on next use.
[2020.02.29-10.11.47:066][  0]LogDerivedDataCache: Saved boot cache 0.09s 78MB C:/Users/Malik/AppData/Local/UnrealEngine/4.24/DerivedDataCache/Boot.ddc.
[2020.02.29-10.11.47:069][  0]LogInit: Texture streaming: Enabled
[2020.02.29-10.11.47:078][  0]LogEngineSessionManager: EngineSessionManager initialized
[2020.02.29-10.11.47:078][  0]LogEditorSessionSummary: Verbose: Initializing EditorSessionSummaryWriter for editor session tracking
[2020.02.29-10.11.47:079][  0]LogEditorSessionSummary: EditorSessionSummaryWriter initialized
[2020.02.29-10.11.47:217][  0]LogInit: Transaction tracking system initialized
[2020.02.29-10.11.47:225][  0]BlueprintLog: New page: Editor Load
[2020.02.29-10.11.47:255][  0]LocalizationService: Localization service is disabled
[2020.02.29-10.11.47:809][  0]LogFileCache: Scanning file cache for directory 'D:/jeux indé/Jeux-TBG2/Jeux/Content/' took 0.01s
[2020.02.29-10.11.47:809][  0]LogCook: Display: Max memory allowance for cook 16384mb min free memory 0mb
[2020.02.29-10.11.47:809][  0]LogCook: Display: Mobile HDR setting 1
[2020.02.29-10.11.48:429][  0]SourceControl: Source control is disabled
[2020.02.29-10.11.49:012][  0]LogSlate: Took 0.000148 seconds to synchronously load lazily loaded font '../../../Engine/Content/Slate/Fonts/Roboto-Regular.ttf' (155K)
[2020.02.29-10.12.49:126][  0]LogSlate: Window 'Restore Packages' being destroyed
[2020.02.29-10.12.49:128][  0]LogWindowsTextInputMethodSystem: Display: IME system now deactivated.
[2020.02.29-10.12.49:233][  0]LogWindowsTextInputMethodSystem: Display: IME system now deactivated.
[2020.02.29-10.12.51:280][  0]LogSlate: Window 'Unable to Check Out From Source Control!' being destroyed
[2020.02.29-10.12.51:282][  0]LogWindowsTextInputMethodSystem: Display: IME system now deactivated.
[2020.02.29-10.12.51:505][  0]LogWindowsTextInputMethodSystem: Display: IME system now deactivated.
[2020.02.29-10.12.51:506][  0]Cmd: MAP LOAD FILE="../../../../../jeux indé/Jeux-TBG2/Jeux/Content/Maps/Map_Menu.umap" TEMPLATE=0 SHOWPROGRESS=1 FEATURELEVEL=3
[2020.02.29-10.12.51:571][  0]LightingResults: New page: Lighting Build
[2020.02.29-10.12.51:572][  0]LogWorld: UWorld::CleanupWorld for Untitled, bSessionEnded=true, bCleanupResources=true
[2020.02.29-10.12.51:572][  0]LogSlate: InvalidateAllWidgets triggered.  All widgets were invalidated
[2020.02.29-10.12.51:572][  0]MapCheck: New page: Map Check
[2020.02.29-10.12.51:572][  0]LightingResults: New page: Lighting Build
[2020.02.29-10.12.51:605][  0]LogUObjectHash: Compacting FUObjectHashTables data took   2.20ms
[2020.02.29-10.12.54:697][  0]LogAIModule: Creating AISystem for world Map_Menu
[2020.02.29-10.12.55:031][  0]LogEditorServer: Finished looking for orphan Actors (0.000 secs)
[2020.02.29-10.12.55:071][  0]LogUObjectHash: Compacting FUObjectHashTables data took   2.27ms
[2020.02.29-10.12.55:072][  0]Cmd: MAP CHECKDEP NOCLEARLOG
[2020.02.29-10.12.55:072][  0]MapCheck: Map check complete: 0 Error(s), 0 Warning(s), took 0,081ms to complete.
[2020.02.29-10.12.55:072][  0]LogFileHelpers: Loading map 'Map_Menu' took 3.566
[2020.02.29-10.12.55:597][  0]LogSlate: Updating window title bar state: overlay mode, drag disabled, window buttons hidden, title bar hidden
[2020.02.29-10.12.55:636][  0]LogSlate: Updating window title bar state: overlay mode, drag disabled, window buttons hidden, title bar hidden
[2020.02.29-10.12.55:643][  0]LogSlate: Updating window title bar state: overlay mode, drag disabled, window buttons hidden, title bar hidden
[2020.02.29-10.12.55:651][  0]LogSlate: Updating window title bar state: overlay mode, drag disabled, window buttons hidden, title bar hidden
[2020.02.29-10.12.55:663][  0]LogCollectionManager: Loaded 0 collections in 0.001458 seconds
[2020.02.29-10.12.55:676][  0]LogFileCache: Scanning file cache for directory 'D:/jeux indé/Jeux-TBG2/Jeux/Saved/Collections/' took 0.00s
[2020.02.29-10.12.55:677][  0]LogFileCache: Scanning file cache for directory 'D:/jeux indé/Jeux-TBG2/Jeux/Content/Developers/Malik/Collections/' took 0.00s
[2020.02.29-10.12.55:677][  0]LogFileCache: Scanning file cache for directory 'D:/jeux indé/Jeux-TBG2/Jeux/Content/Collections/' took 0.00s
[2020.02.29-10.12.55:677][  0]LogContentBrowser: Native class hierarchy populated in 0.0093 seconds. Added 3017 classes and 720 folders.
[2020.02.29-10.12.55:733][  0]LogContentBrowser: Native class hierarchy updated for 'WidgetCarousel' in 0.0004 seconds. Added 0 classes and 0 folders.
[2020.02.29-10.12.56:779][  0]LogContentBrowser: Native class hierarchy updated for 'AddContentDialog' in 0.0002 seconds. Added 0 classes and 0 folders.
[2020.02.29-10.12.56:846][  0]LogContentBrowser: Native class hierarchy updated for 'SceneOutliner' in 0.0003 seconds. Added 2 classes and 3 folders.
[2020.02.29-10.12.57:544][  0]LogSlate: Took 0.000668 seconds to synchronously load lazily loaded font '../../../Engine/Content/Slate/Fonts/Roboto-Bold.ttf' (160K)
[2020.02.29-10.12.57:604][  0]LogSlate: Took 0.024233 seconds to synchronously load lazily loaded font '../../../Engine/Content/Editor/Slate/Fonts/FontAwesome.ttf' (139K)
[2020.02.29-10.12.57:995][  0]LogRenderer: Reallocating scene render targets to support 1004x484 Format 10 NumSamples 1 (Frame:1).
[2020.02.29-10.12.58:448][  0]LogContentBrowser: Native class hierarchy updated for 'HierarchicalLODOutliner' in 0.0003 seconds. Added 0 classes and 0 folders.
[2020.02.29-10.12.58:448][  0]LogLoad: (Engine Initialization) Total time: 80.43 seconds
[2020.02.29-10.12.58:448][  0]LogLoad: (Engine Initialization) Total Blueprint compile time: 0.00 seconds
[2020.02.29-10.12.58:652][  0]LogContentStreaming: Texture pool size now 1000 MB
[2020.02.29-10.12.58:724][  0]LogSlate: Took 0.069438 seconds to synchronously load lazily loaded font '../../../Engine/Content/Slate/Fonts/DroidSansFallback.ttf' (3848K)
[2020.02.29-10.12.58:922][  0]LogSlate: Took 0.019506 seconds to synchronously load lazily loaded font '../../../Engine/Content/Slate/Fonts/Roboto-Light.ttf' (167K)
[2020.02.29-10.12.59:388][  6]LogAssetRegistry: Asset discovery search completed in 76.5925 seconds
[2020.02.29-10.12.59:396][  6]LogCollectionManager: Fixed up redirectors for 0 collections in 0.000039 seconds (updated 0 objects)
[2020.02.29-10.13.00:044][  8]LogSlate: Took 0.000225 seconds to synchronously load lazily loaded font '../../../Engine/Content/Slate/Fonts/Roboto-Light.ttf' (167K)
[2020.02.29-10.13.45:473][612]LogAIModule: Creating AISystem for world Map_Level01
[2020.02.29-10.13.45:479][612]LogAssetEditorSubsystem: Opening Asset editor for World /Game/Maps/Map_Level01.Map_Level01
[2020.02.29-10.13.45:577][612]LogUObjectHash: Compacting FUObjectHashTables data took   4.29ms
[2020.02.29-10.13.45:629][612]Cmd: MAP LOAD FILE="../../../../../jeux indé/Jeux-TBG2/Jeux/Content/Maps/Map_Level01.umap" TEMPLATE=0 SHOWPROGRESS=1 FEATURELEVEL=3
[2020.02.29-10.13.45:632][612]LightingResults: New page: Lighting Build
[2020.02.29-10.13.45:633][612]LoadErrors: New page: Loading map: Map_Level01.umap
[2020.02.29-10.13.45:633][612]LogWorld: UWorld::CleanupWorld for Map_Menu, bSessionEnded=true, bCleanupResources=true
[2020.02.29-10.13.45:634][612]LogSlate: InvalidateAllWidgets triggered.  All widgets were invalidated
[2020.02.29-10.13.45:634][612]MapCheck: New page: Map Check
[2020.02.29-10.13.45:634][612]LightingResults: New page: Lighting Build
[2020.02.29-10.13.45:663][612]LogUObjectHash: Compacting FUObjectHashTables data took   2.25ms
[2020.02.29-10.13.46:059][612]LogEditorServer: Finished looking for orphan Actors (0.000 secs)
[2020.02.29-10.13.46:092][612]LogUObjectHash: Compacting FUObjectHashTables data took   2.77ms
[2020.02.29-10.13.46:128][612]Cmd: MAP CHECKDEP NOCLEARLOG
[2020.02.29-10.13.46:128][612]MapCheck: Map check complete: 0 Error(s), 0 Warning(s), took 0,075ms to complete.
[2020.02.29-10.13.46:128][612]LogFileHelpers: Loading map 'Map_Level01' took 0.545
[2020.02.29-10.14.28:317][969]LogAssetEditorSubsystem: Opening Asset editor for Blueprint /Game/ThirdPersonBP/Blueprints/ThirdPersonCharacter.ThirdPersonCharacter
[2020.02.29-10.14.29:304][969]LogContentBrowser: Native class hierarchy updated for 'BlueprintGraph' in 0.0005 seconds. Added 121 classes and 0 folders.
[2020.02.29-10.14.31:641][969]LogSlate: Took 0.000159 seconds to synchronously load lazily loaded font '../../../Engine/Content/Slate/Fonts/Roboto-BoldCondensed.ttf' (158K)
[2020.02.29-10.14.32:313][970]LogSlate: Took 0.025817 seconds to synchronously load lazily loaded font '../../../Engine/Content/Slate/Fonts/Roboto-Italic.ttf' (157K)
[2020.02.29-10.14.38:428][318]LogSlate: Window 'ThirdPersonCharacter' being destroyed
[2020.02.29-10.14.38:435][318]LogSlate: Window 'ThirdPersonCharacter' being destroyed
[2020.02.29-10.14.38:542][318]LogWorld: UWorld::CleanupWorld for World_0, bSessionEnded=true, bCleanupResources=true
[2020.02.29-10.14.38:543][318]LogSlate: InvalidateAllWidgets triggered.  All widgets were invalidated
[2020.02.29-10.14.58:458][ 73]LogTemp: Repeating last play command: Selected Viewport
[2020.02.29-10.14.58:530][ 73]LogBlueprintUserMessages: Early PlayInEditor Detection: Level '/Game/Maps/Map_Level01.Map_Level01:PersistentLevel' has LevelScriptBlueprint '/Game/Maps/Map_Level01.Map_Level01:PersistentLevel.Map_Level01' with GeneratedClass '/Game/Maps/Map_Level01.Map_Level01_C' with ClassGeneratedBy '/Game/Maps/Map_Level01.Map_Level01:PersistentLevel.Map_Level01'
[2020.02.29-10.14.58:543][ 73]LogPlayLevel: PlayLevel: No blueprints needed recompiling
[2020.02.29-10.14.58:597][ 73]PIE: New page: PIE session: Map_Level01 (29 févr. 2020 à 12:14:58)
[2020.02.29-10.14.58:611][ 73]LogOnline: OSS: Creating online subsystem instance for: NULL
[2020.02.29-10.14.58:622][ 73]LogOnline: OSS: TryLoadSubsystemAndSetDefault: Loaded subsystem for module [NULL]
[2020.02.29-10.14.58:622][ 73]LogPlayLevel: Creating play world package: /Game/Maps/UEDPIE_0_Map_Level01
[2020.02.29-10.14.58:728][ 73]LogPlayLevel: PIE: StaticDuplicateObject took: (0.105782s)
[2020.02.29-10.14.58:745][ 73]LogAIModule: Creating AISystem for world Map_Level01
[2020.02.29-10.14.58:745][ 73]LogPlayLevel: PIE: World Init took: (0.016705s)
[2020.02.29-10.14.58:745][ 73]LogPlayLevel: PIE: Created PIE world by copying editor world from /Game/Maps/Map_Level01.Map_Level01 to /Game/Maps/UEDPIE_0_Map_Level01.Map_Level01 (0.122666s)
[2020.02.29-10.14.58:784][ 73]LogUObjectHash: Compacting FUObjectHashTables data took   4.74ms
[2020.02.29-10.14.58:854][ 73]LogAudioMixer: Display: Audio Mixer Platform Settings:
[2020.02.29-10.14.58:854][ 73]LogAudioMixer: Display: 	Sample Rate:						  48000
[2020.02.29-10.14.58:854][ 73]LogAudioMixer: Display: 	Callback Buffer Frame Size Requested: 1024
[2020.02.29-10.14.58:854][ 73]LogAudioMixer: Display: 	Callback Buffer Frame Size To Use:	  1024
[2020.02.29-10.14.58:854][ 73]LogAudioMixer: Display: 	Number of buffers to queue:			  2
[2020.02.29-10.14.58:854][ 73]LogAudioMixer: Display: 	Max Channels (voices):				  32
[2020.02.29-10.14.58:854][ 73]LogAudioMixer: Display: 	Number of Async Source Workers:		  0
[2020.02.29-10.14.58:854][ 73]LogAudio: Display: AudioDevice MaxSources: 32
[2020.02.29-10.14.58:854][ 73]LogAudio: Display: Using built-in audio occlusion.
[2020.02.29-10.14.58:854][ 73]LogAudioMixer: Display: Initializing audio mixer.
[2020.02.29-10.14.58:874][ 73]LogAudioMixer: Display: Audio Device Output Speaker Info:
[2020.02.29-10.14.58:874][ 73]LogAudioMixer: Display: Name: Haut-parleurs (Realtek High Definition Audio)
[2020.02.29-10.14.58:874][ 73]LogAudioMixer: Display: Is Default: Yes
[2020.02.29-10.14.58:874][ 73]LogAudioMixer: Display: Sample Rate: 48000
[2020.02.29-10.14.58:874][ 73]LogAudioMixer: Display: Channel Count Used: 2
[2020.02.29-10.14.58:874][ 73]LogAudioMixer: Display: Device Channel Count: 2
[2020.02.29-10.14.58:874][ 73]LogAudioMixer: Display: Channel Order:
[2020.02.29-10.14.58:874][ 73]LogAudioMixer: Display: 0: FrontLeft
[2020.02.29-10.14.58:874][ 73]LogAudioMixer: Display: 1: FrontRight
[2020.02.29-10.14.58:952][ 73]LogAudioMixer: Display: Using Audio Device Haut-parleurs (Realtek High Definition Audio)
[2020.02.29-10.14.58:953][ 73]LogInit: FAudioDevice initialized.
[2020.02.29-10.14.59:026][ 73]LogLoad: Game class is 'ThirdPersonGameMode_C'
[2020.02.29-10.14.59:126][ 73]LogWorld: Bringing World /Game/Maps/UEDPIE_0_Map_Level01.Map_Level01 up for play (max tick rate 60) at 2020.02.29-11.14.59
[2020.02.29-10.14.59:140][ 73]LogWorld: Bringing up level for play took: 0.015587
[2020.02.29-10.14.59:156][ 73]LogOnline: OSS: Creating online subsystem instance for: :Context_2
[2020.02.29-10.14.59:365][ 73]LogContentBrowser: Native class hierarchy updated for 'MovieSceneCapture' in 0.0006 seconds. Added 20 classes and 0 folders.
[2020.02.29-10.14.59:542][ 73]PIE: Play in editor start time for /Game/Maps/UEDPIE_0_Map_Level01 0,319
[2020.02.29-10.14.59:542][ 73]LogBlueprintUserMessages: Late PlayInEditor Detection: Level '/Game/Maps/Map_Level01.Map_Level01:PersistentLevel' has LevelScriptBlueprint '/Game/Maps/Map_Level01.Map_Level01:PersistentLevel.Map_Level01' with GeneratedClass '/Game/Maps/Map_Level01.Map_Level01_C' with ClassGeneratedBy '/Game/Maps/Map_Level01.Map_Level01:PersistentLevel.Map_Level01'
[2020.02.29-10.15.01:706][154]LogAudioMixer: Display: No commands were queued while flushing the source manager.
[2020.02.29-10.15.01:706][154]LogAudioMixer: Display: No commands were queued while flushing the source manager.
[2020.02.29-10.15.01:706][154]LogBlueprintUserMessages: Early EndPlayMap Detection: Level '/Game/Maps/Map_Level01.Map_Level01:PersistentLevel' has LevelScriptBlueprint '/Game/Maps/Map_Level01.Map_Level01:PersistentLevel.Map_Level01' with GeneratedClass '/Game/Maps/Map_Level01.Map_Level01_C' with ClassGeneratedBy '/Game/Maps/Map_Level01.Map_Level01:PersistentLevel.Map_Level01'
[2020.02.29-10.15.01:733][154]LogSlate: Updating window title bar state: overlay mode, drag disabled, window buttons hidden, title bar hidden
[2020.02.29-10.15.01:733][154]LogWorld: BeginTearingDown for /Game/Maps/UEDPIE_0_Map_Level01
[2020.02.29-10.15.01:743][154]LogAudioMixer: Display: No commands were queued while flushing the source manager.
[2020.02.29-10.15.01:743][154]LogWorld: UWorld::CleanupWorld for Map_Level01, bSessionEnded=true, bCleanupResources=true
[2020.02.29-10.15.01:743][154]LogSlate: InvalidateAllWidgets triggered.  All widgets were invalidated
[2020.02.29-10.15.01:771][154]LogPlayLevel: Display: Shutting down PIE online subsystems
[2020.02.29-10.15.01:771][154]LogBlueprintUserMessages: Late EndPlayMap Detection: Level '/Game/Maps/Map_Level01.Map_Level01:PersistentLevel' has LevelScriptBlueprint '/Game/Maps/Map_Level01.Map_Level01:PersistentLevel.Map_Level01' with GeneratedClass '/Game/Maps/Map_Level01.Map_Level01_C' with ClassGeneratedBy '/Game/Maps/Map_Level01.Map_Level01:PersistentLevel.Map_Level01'
[2020.02.29-10.15.01:776][154]LogSlate: InvalidateAllWidgets triggered.  All widgets were invalidated
[2020.02.29-10.15.01:817][154]LogAudioMixer: Display: No commands were queued while flushing the source manager.
[2020.02.29-10.15.01:820][154]LogSlate: Updating window title bar state: overlay mode, drag disabled, window buttons hidden, title bar hidden
[2020.02.29-10.15.01:867][154]LogUObjectHash: Compacting FUObjectHashTables data took   5.27ms
[2020.02.29-10.15.01:887][155]LogPlayLevel: Display: Destroying online subsystem :Context_2
[2020.02.29-10.15.04:760][319]LogEditorViewport: Clicking on Actor (LMB): NavMeshBoundsVolume (NavMeshBoundsVolume)
[2020.02.29-10.16.30:879][720]LogSlate: Window 'Pick Parent Class' being destroyed
[2020.02.29-10.16.53:288][ 49]LogAssetEditorSubsystem: Opening Asset editor for Blueprint /Game/IA/BP_IAClassique.BP_IAClassique
[2020.02.29-10.17.01:677][115]LogRenderer: Reallocating scene render targets to support 1004x600 Format 10 NumSamples 1 (Frame:48).
[2020.02.29-10.17.31:521][370]LogSlate: Prevented a slow task dialog from being summoned while a context menu was open
[2020.02.29-10.17.47:759][901]BlueprintLog: New page: Compile BP_IAClassique
[2020.02.29-10.17.48:726][901]LogUObjectHash: Compacting FUObjectHashTables data took   4.15ms
[2020.02.29-10.17.49:591][927]Cmd: OBJ SAVEPACKAGE PACKAGE="/Game/IA/BP_IAClassique" FILE="../../../../../jeux indé/Jeux-TBG2/Jeux/Content/IA/BP_IAClassique.uasset" SILENT=true
[2020.02.29-10.17.49:899][927]LogSavePackage: Moving '../../../../../jeux indé/Jeux-TBG2/Jeux/Saved/BP_IAClassique7AC8779A43244999C4584E86D72761AE.tmp' to '../../../../../jeux indé/Jeux-TBG2/Jeux/Content/IA/BP_IAClassique.uasset'
[2020.02.29-10.17.49:966][927]AssetCheck: New page: Asset Save: BP_IAClassique
[2020.02.29-10.17.49:966][927]LogContentValidation: Display: Validating Blueprint /Game/IA/BP_IAClassique.BP_IAClassique
[2020.02.29-10.17.55:395][212]LogTemp: Repeating last play command: Selected Viewport
[2020.02.29-10.17.55:502][212]LogBlueprintUserMessages: Early PlayInEditor Detection: Level '/Game/Maps/Map_Level01.Map_Level01:PersistentLevel' has LevelScriptBlueprint '/Game/Maps/Map_Level01.Map_Level01:PersistentLevel.Map_Level01' with GeneratedClass '/Game/Maps/Map_Level01.Map_Level01_C' with ClassGeneratedBy '/Game/Maps/Map_Level01.Map_Level01:PersistentLevel.Map_Level01'
[2020.02.29-10.17.55:512][212]LogPlayLevel: PlayLevel: No blueprints needed recompiling
[2020.02.29-10.17.55:512][212]PIE: New page: PIE session: Map_Level01 (29 févr. 2020 à 12:17:55)
[2020.02.29-10.17.55:513][212]LogPlayLevel: Creating play world package: /Game/Maps/UEDPIE_0_Map_Level01
[2020.02.29-10.17.55:583][212]LogPlayLevel: PIE: StaticDuplicateObject took: (0.070619s)
[2020.02.29-10.17.55:584][212]LogAIModule: Creating AISystem for world Map_Level01
[2020.02.29-10.17.55:584][212]LogPlayLevel: PIE: World Init took: (0.001006s)
[2020.02.29-10.17.55:584][212]LogPlayLevel: PIE: Created PIE world by copying editor world from /Game/Maps/Map_Level01.Map_Level01 to /Game/Maps/UEDPIE_0_Map_Level01.Map_Level01 (0.071744s)
[2020.02.29-10.17.55:623][212]LogUObjectHash: Compacting FUObjectHashTables data took   3.23ms
[2020.02.29-10.17.55:625][212]LogAudioMixer: Display: Audio Mixer Platform Settings:
[2020.02.29-10.17.55:625][212]LogAudioMixer: Display: 	Sample Rate:						  48000
[2020.02.29-10.17.55:625][212]LogAudioMixer: Display: 	Callback Buffer Frame Size Requested: 1024
[2020.02.29-10.17.55:625][212]LogAudioMixer: Display: 	Callback Buffer Frame Size To Use:	  1024
[2020.02.29-10.17.55:625][212]LogAudioMixer: Display: 	Number of buffers to queue:			  2
[2020.02.29-10.17.55:625][212]LogAudioMixer: Display: 	Max Channels (voices):				  32
[2020.02.29-10.17.55:625][212]LogAudioMixer: Display: 	Number of Async Source Workers:		  0
[2020.02.29-10.17.55:626][212]LogAudio: Display: AudioDevice MaxSources: 32
[2020.02.29-10.17.55:626][212]LogAudio: Display: Using built-in audio occlusion.
[2020.02.29-10.17.55:626][212]LogAudioMixer: Display: Initializing audio mixer.
[2020.02.29-10.17.55:646][212]LogAudioMixer: Display: Audio Device Output Speaker Info:
[2020.02.29-10.17.55:646][212]LogAudioMixer: Display: Name: Haut-parleurs (Realtek High Definition Audio)
[2020.02.29-10.17.55:646][212]LogAudioMixer: Display: Is Default: Yes
[2020.02.29-10.17.55:646][212]LogAudioMixer: Display: Sample Rate: 48000
[2020.02.29-10.17.55:646][212]LogAudioMixer: Display: Channel Count Used: 2
[2020.02.29-10.17.55:646][212]LogAudioMixer: Display: Device Channel Count: 2
[2020.02.29-10.17.55:646][212]LogAudioMixer: Display: Channel Order:
[2020.02.29-10.17.55:646][212]LogAudioMixer: Display: 0: FrontLeft
[2020.02.29-10.17.55:646][212]LogAudioMixer: Display: 1: FrontRight
[2020.02.29-10.17.55:723][212]LogAudioMixer: Display: Using Audio Device Haut-parleurs (Realtek High Definition Audio)
[2020.02.29-10.17.55:725][212]LogInit: FAudioDevice initialized.
[2020.02.29-10.17.55:733][212]LogLoad: Game class is 'ThirdPersonGameMode_C'
[2020.02.29-10.17.55:738][212]LogWorld: Bringing World /Game/Maps/UEDPIE_0_Map_Level01.Map_Level01 up for play (max tick rate 60) at 2020.02.29-11.17.55
[2020.02.29-10.17.55:798][212]LogWorld: Bringing up level for play took: 0.063881
[2020.02.29-10.17.55:809][212]LogOnline: OSS: Creating online subsystem instance for: :Context_7
[2020.02.29-10.17.55:813][212]PIE: Play in editor start time for /Game/Maps/UEDPIE_0_Map_Level01 0,59
[2020.02.29-10.17.55:813][212]LogBlueprintUserMessages: Late PlayInEditor Detection: Level '/Game/Maps/Map_Level01.Map_Level01:PersistentLevel' has LevelScriptBlueprint '/Game/Maps/Map_Level01.Map_Level01:PersistentLevel.Map_Level01' with GeneratedClass '/Game/Maps/Map_Level01.Map_Level01_C' with ClassGeneratedBy '/Game/Maps/Map_Level01.Map_Level01:PersistentLevel.Map_Level01'
[2020.02.29-10.17.59:882][439]LogAudioMixer: Display: No commands were queued while flushing the source manager.
[2020.02.29-10.17.59:907][439]LogAudioMixer: Display: Flush succeeded in the source manager command queue (1).
[2020.02.29-10.17.59:927][439]LogAudioMixer: Display: Flush succeeded the source manager command queue (2).
[2020.02.29-10.17.59:927][439]LogBlueprintUserMessages: Early EndPlayMap Detection: Level '/Game/Maps/Map_Level01.Map_Level01:PersistentLevel' has LevelScriptBlueprint '/Game/Maps/Map_Level01.Map_Level01:PersistentLevel.Map_Level01' with GeneratedClass '/Game/Maps/Map_Level01.Map_Level01_C' with ClassGeneratedBy '/Game/Maps/Map_Level01.Map_Level01:PersistentLevel.Map_Level01'
[2020.02.29-10.17.59:927][439]LogSlate: Updating window title bar state: overlay mode, drag disabled, window buttons hidden, title bar hidden
[2020.02.29-10.17.59:927][439]LogWorld: BeginTearingDown for /Game/Maps/UEDPIE_0_Map_Level01
[2020.02.29-10.17.59:927][439]LogAudioMixer: Display: No commands were queued while flushing the source manager.
[2020.02.29-10.17.59:927][439]LogWorld: UWorld::CleanupWorld for Map_Level01, bSessionEnded=true, bCleanupResources=true
[2020.02.29-10.17.59:928][439]LogSlate: InvalidateAllWidgets triggered.  All widgets were invalidated
[2020.02.29-10.17.59:941][439]LogPlayLevel: Display: Shutting down PIE online subsystems
[2020.02.29-10.17.59:941][439]LogBlueprintUserMessages: Late EndPlayMap Detection: Level '/Game/Maps/Map_Level01.Map_Level01:PersistentLevel' has LevelScriptBlueprint '/Game/Maps/Map_Level01.Map_Level01:PersistentLevel.Map_Level01' with GeneratedClass '/Game/Maps/Map_Level01.Map_Level01_C' with ClassGeneratedBy '/Game/Maps/Map_Level01.Map_Level01:PersistentLevel.Map_Level01'
[2020.02.29-10.17.59:945][439]LogSlate: InvalidateAllWidgets triggered.  All widgets were invalidated
[2020.02.29-10.17.59:981][439]LogAudioMixer: Display: No commands were queued while flushing the source manager.
[2020.02.29-10.17.59:985][439]LogSlate: Updating window title bar state: overlay mode, drag disabled, window buttons hidden, title bar hidden
[2020.02.29-10.17.59:990][439]LogUObjectHash: Compacting FUObjectHashTables data took   3.78ms
[2020.02.29-10.18.00:012][440]LogPlayLevel: Display: Destroying online subsystem :Context_7
[2020.02.29-10.19.05:171][846]BlueprintLog: New page: Compile BP_IAClassique
[2020.02.29-10.19.05:697][846]LogUObjectHash: Compacting FUObjectHashTables data took   3.67ms
[2020.02.29-10.23.53:107][809]LogUObjectHash: Compacting FUObjectHashTables data took   3.45ms
[2020.02.29-10.23.53:147][809]Cmd: OBJ SAVEPACKAGE PACKAGE="/Game/Maps/Map_Level01" FILE="../../../../../jeux indé/Jeux-TBG2/Jeux/Saved/Autosaves/Game/Maps/Map_Level01_Auto1.umap" SILENT=true AUTOSAVING=true KEEPDIRTY=false
[2020.02.29-10.23.53:724][809]LogSavePackage: Moving '../../../../../jeux indé/Jeux-TBG2/Jeux/Saved/Map_Level01_Auto13EA0602F49C00FEABEE563A2E12723B6.tmp' to '../../../../../jeux indé/Jeux-TBG2/Jeux/Saved/Autosaves/Game/Maps/Map_Level01_Auto1.umap'
[2020.02.29-10.23.53:728][809]LogFileHelpers: Editor autosave (incl. sublevels) for '/Game/Maps/Map_Level01' took 0.657
[2020.02.29-10.23.53:728][809]LogFileHelpers: Editor autosave (incl. sublevels) for all levels took 0.657
[2020.02.29-10.23.53:729][809]OBJ SavePackage: Generating thumbnails for [1] asset(s) in package [/Game/IA/BP_IAClassique] ([1] browsable assets)...
[2020.02.29-10.23.53:764][809]OBJ SavePackage:     Rendered thumbnail for [Blueprint /Game/IA/BP_IAClassique.BP_IAClassique]
[2020.02.29-10.23.53:764][809]OBJ SavePackage: Finished generating thumbnails for package [/Game/IA/BP_IAClassique]
[2020.02.29-10.23.53:764][809]Cmd: OBJ SAVEPACKAGE PACKAGE="/Game/IA/BP_IAClassique" FILE="../../../../../jeux indé/Jeux-TBG2/Jeux/Saved/Autosaves/Game/IA/BP_IAClassique_Auto1.uasset" SILENT=false AUTOSAVING=true
[2020.02.29-10.23.53:792][809]LogSavePackage: Moving '../../../../../jeux indé/Jeux-TBG2/Jeux/Saved/BP_IAClassique_Auto14C528B164FD0BC1C9F31A8AAE11B079F.tmp' to '../../../../../jeux indé/Jeux-TBG2/Jeux/Saved/Autosaves/Game/IA/BP_IAClassique_Auto1.uasset'
[2020.02.29-10.23.53:793][809]LogFileHelpers: Auto-saving content packages took 0.065
[2020.02.29-10.27.35:967][ 88]BlueprintLog: New page: Compile BP_IAClassique
[2020.02.29-10.27.36:204][ 88]LogUObjectHash: Compacting FUObjectHashTables data took   4.23ms
[2020.02.29-10.27.36:733][115]Cmd: OBJ SAVEPACKAGE PACKAGE="/Game/IA/BP_IAClassique" FILE="../../../../../jeux indé/Jeux-TBG2/Jeux/Content/IA/BP_IAClassique.uasset" SILENT=true
[2020.02.29-10.27.36:757][115]LogSavePackage: Moving '../../../../../jeux indé/Jeux-TBG2/Jeux/Saved/BP_IAClassiqueBB973DDD4BE2C6E08B2C00B0D35ABF4F.tmp' to '../../../../../jeux indé/Jeux-TBG2/Jeux/Content/IA/BP_IAClassique.uasset'
[2020.02.29-10.27.36:772][115]AssetCheck: New page: Asset Save: BP_IAClassique
[2020.02.29-10.27.36:772][115]LogContentValidation: Display: Validating Blueprint /Game/IA/BP_IAClassique.BP_IAClassique
[2020.02.29-10.30.27:825][584]BlueprintLog: New page: Compile BP_IAClassique
[2020.02.29-10.30.28:345][584]LogUObjectHash: Compacting FUObjectHashTables data took   3.12ms
[2020.02.29-10.30.28:842][605]Cmd: OBJ SAVEPACKAGE PACKAGE="/Game/IA/BP_IAClassique" FILE="../../../../../jeux indé/Jeux-TBG2/Jeux/Content/IA/BP_IAClassique.uasset" SILENT=true
[2020.02.29-10.30.28:905][605]LogSavePackage: Moving '../../../../../jeux indé/Jeux-TBG2/Jeux/Saved/BP_IAClassiqueBC3682AC4124B80DEE5CE0990069333F.tmp' to '../../../../../jeux indé/Jeux-TBG2/Jeux/Content/IA/BP_IAClassique.uasset'
[2020.02.29-10.30.28:923][605]AssetCheck: New page: Asset Save: BP_IAClassique
[2020.02.29-10.30.28:923][605]LogContentValidation: Display: Validating Blueprint /Game/IA/BP_IAClassique.BP_IAClassique
[2020.02.29-10.30.30:973][726]LogTemp: Repeating last play command: Selected Viewport
[2020.02.29-10.30.31:016][726]LogBlueprintUserMessages: Early PlayInEditor Detection: Level '/Game/Maps/Map_Level01.Map_Level01:PersistentLevel' has LevelScriptBlueprint '/Game/Maps/Map_Level01.Map_Level01:PersistentLevel.Map_Level01' with GeneratedClass '/Game/Maps/Map_Level01.Map_Level01_C' with ClassGeneratedBy '/Game/Maps/Map_Level01.Map_Level01:PersistentLevel.Map_Level01'
[2020.02.29-10.30.31:016][726]LogPlayLevel: PlayLevel: No blueprints needed recompiling
[2020.02.29-10.30.31:016][726]PIE: New page: PIE session: Map_Level01 (29 févr. 2020 à 12:30:31)
[2020.02.29-10.30.31:016][726]LogPlayLevel: Creating play world package: /Game/Maps/UEDPIE_0_Map_Level01
[2020.02.29-10.30.31:079][726]LogPlayLevel: PIE: StaticDuplicateObject took: (0.063009s)
[2020.02.29-10.30.31:080][726]LogAIModule: Creating AISystem for world Map_Level01
[2020.02.29-10.30.31:080][726]LogPlayLevel: PIE: World Init took: (0.001046s)
[2020.02.29-10.30.31:080][726]LogPlayLevel: PIE: Created PIE world by copying editor world from /Game/Maps/Map_Level01.Map_Level01 to /Game/Maps/UEDPIE_0_Map_Level01.Map_Level01 (0.064175s)
[2020.02.29-10.30.31:117][726]LogUObjectHash: Compacting FUObjectHashTables data took   3.31ms
[2020.02.29-10.30.31:118][726]LogAudioMixer: Display: Audio Mixer Platform Settings:
[2020.02.29-10.30.31:118][726]LogAudioMixer: Display: 	Sample Rate:						  48000
[2020.02.29-10.30.31:118][726]LogAudioMixer: Display: 	Callback Buffer Frame Size Requested: 1024
[2020.02.29-10.30.31:118][726]LogAudioMixer: Display: 	Callback Buffer Frame Size To Use:	  1024
[2020.02.29-10.30.31:118][726]LogAudioMixer: Display: 	Number of buffers to queue:			  2
[2020.02.29-10.30.31:118][726]LogAudioMixer: Display: 	Max Channels (voices):				  32
[2020.02.29-10.30.31:118][726]LogAudioMixer: Display: 	Number of Async Source Workers:		  0
[2020.02.29-10.30.31:118][726]LogAudio: Display: AudioDevice MaxSources: 32
[2020.02.29-10.30.31:118][726]LogAudio: Display: Using built-in audio occlusion.
[2020.02.29-10.30.31:119][726]LogAudioMixer: Display: Initializing audio mixer.
[2020.02.29-10.30.31:138][726]LogAudioMixer: Display: Audio Device Output Speaker Info:
[2020.02.29-10.30.31:138][726]LogAudioMixer: Display: Name: Haut-parleurs (Realtek High Definition Audio)
[2020.02.29-10.30.31:138][726]LogAudioMixer: Display: Is Default: Yes
[2020.02.29-10.30.31:138][726]LogAudioMixer: Display: Sample Rate: 48000
[2020.02.29-10.30.31:138][726]LogAudioMixer: Display: Channel Count Used: 2
[2020.02.29-10.30.31:138][726]LogAudioMixer: Display: Device Channel Count: 2
[2020.02.29-10.30.31:138][726]LogAudioMixer: Display: Channel Order:
[2020.02.29-10.30.31:138][726]LogAudioMixer: Display: 0: FrontLeft
[2020.02.29-10.30.31:138][726]LogAudioMixer: Display: 1: FrontRight
[2020.02.29-10.30.31:221][726]LogAudioMixer: Display: Using Audio Device Haut-parleurs (Realtek High Definition Audio)
[2020.02.29-10.30.31:223][726]LogInit: FAudioDevice initialized.
[2020.02.29-10.30.31:231][726]LogLoad: Game class is 'ThirdPersonGameMode_C'
[2020.02.29-10.30.31:234][726]LogWorld: Bringing World /Game/Maps/UEDPIE_0_Map_Level01.Map_Level01 up for play (max tick rate 60) at 2020.02.29-11.30.31
[2020.02.29-10.30.31:234][726]LogWorld: Bringing up level for play took: 0.002296
[2020.02.29-10.30.31:234][726]LogOnline: OSS: Creating online subsystem instance for: :Context_8
[2020.02.29-10.30.31:238][726]PIE: Play in editor start time for /Game/Maps/UEDPIE_0_Map_Level01 0,016
[2020.02.29-10.30.31:238][726]LogBlueprintUserMessages: Late PlayInEditor Detection: Level '/Game/Maps/Map_Level01.Map_Level01:PersistentLevel' has LevelScriptBlueprint '/Game/Maps/Map_Level01.Map_Level01:PersistentLevel.Map_Level01' with GeneratedClass '/Game/Maps/Map_Level01.Map_Level01_C' with ClassGeneratedBy '/Game/Maps/Map_Level01.Map_Level01:PersistentLevel.Map_Level01'
[2020.02.29-10.30.49:360][778]LogAudioMixer: Display: No commands were queued while flushing the source manager.
[2020.02.29-10.30.49:377][778]LogAudioMixer: Display: Flush succeeded in the source manager command queue (1).
[2020.02.29-10.30.49:397][778]LogAudioMixer: Display: Flush succeeded the source manager command queue (2).
[2020.02.29-10.30.49:397][778]LogBlueprintUserMessages: Early EndPlayMap Detection: Level '/Game/Maps/Map_Level01.Map_Level01:PersistentLevel' has LevelScriptBlueprint '/Game/Maps/Map_Level01.Map_Level01:PersistentLevel.Map_Level01' with GeneratedClass '/Game/Maps/Map_Level01.Map_Level01_C' with ClassGeneratedBy '/Game/Maps/Map_Level01.Map_Level01:PersistentLevel.Map_Level01'
[2020.02.29-10.30.49:397][778]LogSlate: Updating window title bar state: overlay mode, drag disabled, window buttons hidden, title bar hidden
[2020.02.29-10.30.49:397][778]LogWorld: BeginTearingDown for /Game/Maps/UEDPIE_0_Map_Level01
[2020.02.29-10.30.49:397][778]LogAudioMixer: Display: No commands were queued while flushing the source manager.
[2020.02.29-10.30.49:398][778]LogWorld: UWorld::CleanupWorld for Map_Level01, bSessionEnded=true, bCleanupResources=true
[2020.02.29-10.30.49:398][778]LogSlate: InvalidateAllWidgets triggered.  All widgets were invalidated
[2020.02.29-10.30.49:405][778]LogPlayLevel: Display: Shutting down PIE online subsystems
[2020.02.29-10.30.49:406][778]LogBlueprintUserMessages: Late EndPlayMap Detection: Level '/Game/Maps/Map_Level01.Map_Level01:PersistentLevel' has LevelScriptBlueprint '/Game/Maps/Map_Level01.Map_Level01:PersistentLevel.Map_Level01' with GeneratedClass '/Game/Maps/Map_Level01.Map_Level01_C' with ClassGeneratedBy '/Game/Maps/Map_Level01.Map_Level01:PersistentLevel.Map_Level01'
[2020.02.29-10.30.49:410][778]LogSlate: InvalidateAllWidgets triggered.  All widgets were invalidated
[2020.02.29-10.30.49:439][778]LogAudioMixer: Display: No commands were queued while flushing the source manager.
[2020.02.29-10.30.49:443][778]LogSlate: Updating window title bar state: overlay mode, drag disabled, window buttons hidden, title bar hidden
[2020.02.29-10.30.49:449][778]LogUObjectHash: Compacting FUObjectHashTables data took   2.90ms
[2020.02.29-10.30.49:466][779]LogPlayLevel: Display: Destroying online subsystem :Context_8
[2020.02.29-10.31.09:696][914]BlueprintLog: New page: Compile BP_IAClassique
[2020.02.29-10.31.09:939][914]LogUObjectHash: Compacting FUObjectHashTables data took   3.52ms
[2020.02.29-10.31.10:395][932]Cmd: OBJ SAVEPACKAGE PACKAGE="/Game/IA/BP_IAClassique" FILE="../../../../../jeux indé/Jeux-TBG2/Jeux/Content/IA/BP_IAClassique.uasset" SILENT=true
[2020.02.29-10.31.10:419][932]LogSavePackage: Moving '../../../../../jeux indé/Jeux-TBG2/Jeux/Saved/BP_IAClassiqueAB02A9B64D598C92517FAE9B4ABE1940.tmp' to '../../../../../jeux indé/Jeux-TBG2/Jeux/Content/IA/BP_IAClassique.uasset'
[2020.02.29-10.31.10:433][932]AssetCheck: New page: Asset Save: BP_IAClassique
[2020.02.29-10.31.10:433][932]LogContentValidation: Display: Validating Blueprint /Game/IA/BP_IAClassique.BP_IAClassique
[2020.02.29-10.31.18:459][412]LogSlate: Window 'BP_IAClassique' being destroyed
[2020.02.29-10.31.18:466][412]LogSlate: Window 'BP_IAClassique' being destroyed
[2020.02.29-10.31.18:492][412]LogWorld: UWorld::CleanupWorld for World_1, bSessionEnded=true, bCleanupResources=true
[2020.02.29-10.31.18:492][412]LogSlate: InvalidateAllWidgets triggered.  All widgets were invalidated
[2020.02.29-10.31.19:475][461]Cmd: OBJ SAVEPACKAGE PACKAGE="/Game/Maps/Map_Level01" FILE="../../../../../jeux indé/Jeux-TBG2/Jeux/Content/Maps/Map_Level01.umap" SILENT=true AUTOSAVING=false KEEPDIRTY=false
[2020.02.29-10.31.19:512][461]LogUObjectHash: Compacting FUObjectHashTables data took   3.27ms
[2020.02.29-10.31.19:826][461]LogSavePackage: Moving '../../../../../jeux indé/Jeux-TBG2/Jeux/Saved/Map_Level01E886FA4449B2800182EAACB6BCF22BD3.tmp' to '../../../../../jeux indé/Jeux-TBG2/Jeux/Content/Maps/Map_Level01.umap'
[2020.02.29-10.31.19:961][461]AssetCheck: New page: Asset Save: Map_Level01
[2020.02.29-10.31.19:961][461]LogContentValidation: Display: Validating World /Game/Maps/Map_Level01.Map_Level01
